{"meta": {"format": 3, "version": "7.13.2", "timestamp": "2026-02-07T13:38:50.540570", "branch_coverage": true, "show_contexts": false}, "files": {"analysis/artifact_manager.py": {"executed_lines": [], "summary": {"covered_lines": 0, "num_statements": 28, "percent_covered": 0.0, "percent_covered_display": "0.00", "missing_lines": 28, "excluded_lines": 0, "percent_statements_covered": 0.0, "percent_statements_covered_display": "0.00", "num_branches": 2, "num_partial_branches": 0, "covered_branches": 0, "missing_branches": 2, "percent_branches_covered": 0.0, "percent_branches_covered_display": "0.00"}, "missing_lines": [3, 5, 6, 7, 8, 9, 12, 27, 30, 43, 44, 45, 46, 47, 50, 58, 59, 65, 66, 67, 70, 94, 95, 99, 109, 119, 120, 121], "excluded_lines": [], "executed_branches": [], "missing_branches": [[45, 46], [45, 47]], "functions": {"get_versioned_path": {"executed_lines": [], "summary": {"covered_lines": 0, "num_statements": 1, "percent_covered": 0.0, "percent_covered_display": "0.00", "missing_lines": 1, "excluded_lines": 0, "percent_statements_covered": 0.0, "percent_statements_covered_display": "0.00", "num_branches": 0, "num_partial_branches": 0, "covered_branches": 0, "missing_branches": 0, "percent_branches_covered": 100.0, "percent_branches_covered_display": "100.00"}, "missing_lines": [27], "excluded_lines": [], "start_line": 12, "executed_branches": [], "missing_branches": []}, "compute_file_hash": {"executed_lines": [], "summary": {"covered_lines": 0, "num_statements": 5, "percent_covered": 0.0, "percent_covered_display": "0.00", "missing_lines": 5, "excluded_lines": 0, "percent_statements_covered": 0.0, "percent_statements_covered_display": "0.00", "num_branches": 2, "num_partial_branches": 0, "covered_branches": 0, "missing_branches": 2, "percent_branches_covered": 0.0, "percent_branches_covered_display": "0.00"}, "missing_lines": [43, 44, 45, 46, 47], "excluded_lines": [], "start_line": 30, "executed_branches": [], "missing_branches": [[45, 46], [45, 47]]}, "get_git_commit": {"executed_lines": [], "summary": {"covered_lines": 0, "num_statements": 5, "percent_covered": 0.0, "percent_covered_display": "0.00", "missing_lines": 5, "excluded_lines": 0, "percent_statements_covered": 0.0, "percent_statements_covered_display": "0.00", "num_branches": 0, "num_partial_branches": 0, "covered_branches": 0, "missing_branches": 0, "percent_branches_covered": 100.0, "percent_branches_covered_display": "100.00"}, "missing_lines": [58, 59, 65, 66, 67], "excluded_lines": [], "start_line": 50, "executed_branches": [], "missing_branches": []}, "create_version_manifest": {"executed_lines": [], "summary": {"covered_lines": 0, "num_statements": 3, "percent_covered": 0.0, "percent_covered_display": "0.00", "missing_lines": 3, "excluded_lines": 0, "percent_statements_covered": 0.0, "percent_statements_covered_display": "0.00", "num_branches": 0, "num_partial_branches": 0, "covered_branches": 0, "missing_branches": 0, "percent_branches_covered": 100.0, "percent_branches_covered_display": "100.00"}, "missing_lines": [94, 95, 99], "excluded_lines": [], "start_line": 70, "executed_branches": [], "missing_branches": []}, "save_manifest": {"executed_lines": [], "summary": {"covered_lines": 0, "num_statements": 3, "percent_covered": 0.0, "percent_covered_display": "0.00", "missing_lines": 3, "excluded_lines": 0, "percent_statements_covered": 0.0, "percent_statements_covered_display": "0.00", "num_branches": 0, "num_partial_branches": 0, "covered_branches": 0, "missing_branches": 0, "percent_branches_covered": 100.0, "percent_branches_covered_display": "100.00"}, "missing_lines": [119, 120, 121], "excluded_lines": [], "start_line": 109, "executed_branches": [], "missing_branches": []}, "": {"executed_lines": [], "summary": {"covered_lines": 0, "num_statements": 11, "percent_covered": 0.0, "percent_covered_display": "0.00", "missing_lines": 11, "excluded_lines": 0, "percent_statements_covered": 0.0, "percent_statements_covered_display": "0.00", "num_branches": 0, "num_partial_branches": 0, "covered_branches": 0, "missing_branches": 0, "percent_branches_covered": 100.0, "percent_branches_covered_display": "100.00"}, "missing_lines": [3, 5, 6, 7, 8, 9, 12, 30, 50, 70, 109], "excluded_lines": [], "start_line": 1, "executed_branches": [], "missing_branches": []}}, "classes": {"": {"executed_lines": [], "summary": {"covered_lines": 0, "num_statements": 28, "percent_covered": 0.0, "percent_covered_display": "0.00", "missing_lines": 28, "excluded_lines": 0, "percent_statements_covered": 0.0, "percent_statements_covered_display": "0.00", "num_branches": 2, "num_partial_branches": 0, "covered_branches": 0, "missing_branches": 2, "percent_branches_covered": 0.0, "percent_branches_covered_display": "0.00"}, "missing_lines": [3, 5, 6, 7, 8, 9, 12, 27, 30, 43, 44, 45, 46, 47, 50, 58, 59, 65, 66, 67, 70, 94, 95, 99, 109, 119, 120, 121], "excluded_lines": [], "start_line": 1, "executed_branches": [], "missing_branches": [[45, 46], [45, 47]]}}}, "analysis/cli/chief.py": {"executed_lines": [11, 12, 14, 15, 16, 17, 26, 27, 28, 29, 30, 31, 34, 35, 38, 39, 48, 52, 53, 54, 55, 56, 59, 67, 68, 69, 70, 73, 74, 75, 76, 77, 80, 83, 86, 89, 90, 91, 94, 96, 99, 102, 106, 109, 112, 113, 116, 126, 127, 128, 131, 132, 133, 134, 135, 136, 137, 138, 139, 140, 141, 143, 145, 146, 147, 148, 149, 152, 153, 161, 168, 169, 170, 171, 172, 174, 181, 182, 183, 184, 185, 187, 188, 189, 190, 192, 195, 200, 201, 208, 210, 212, 213, 214, 217, 218, 228, 229, 230, 232, 233, 234, 235, 236, 237, 238, 239, 240, 242, 244, 245, 246, 247, 250, 251, 259, 261, 268, 269, 270, 271, 272, 274, 281, 282, 283, 284, 285, 287, 288, 289, 290, 292, 295, 296, 297, 300, 302, 303, 306, 310, 312, 313, 314, 317, 320, 330, 331, 332, 334, 335, 336, 337, 338, 339, 340, 341, 342, 343, 345, 347, 348, 349, 350], "summary": {"covered_lines": 164, "num_statements": 164, "percent_covered": 98.29545454545455, "percent_covered_display": "98.30", "missing_lines": 0, "excluded_lines": 0, "percent_statements_covered": 100.0, "percent_statements_covered_display": "100.00", "num_branches": 12, "num_partial_branches": 3, "covered_branches": 9, "missing_branches": 3, "percent_branches_covered": 75.0, "percent_branches_covered_display": "75.00"}, "missing_lines": [], "excluded_lines": [], "executed_branches": [[75, 76], [138, 139], [138, 143], [183, 184], [239, 240], [239, 242], [283, 284], [296, 297], [296, 302]], "missing_branches": [[75, 80], [183, 185], [283, 285]], "functions": {"trends": {"executed_lines": [48, 52, 53, 54, 55, 56, 59, 67, 68, 69, 70, 73, 74, 75, 76, 77, 80, 83, 86, 89, 90, 91, 94, 96, 99, 102, 106, 109, 112, 113, 116, 126, 127, 128, 131, 132, 133, 134, 135, 136, 137, 138, 139, 140, 141, 143, 145, 146, 147, 148, 149], "summary": {"covered_lines": 51, "num_statements": 51, "percent_covered": 98.18181818181819, "percent_covered_display": "98.18", "missing_lines": 0, "excluded_lines": 0, "percent_statements_covered": 100.0, "percent_statements_covered_display": "100.00", "num_branches": 4, "num_partial_branches": 1, "covered_branches": 3, "missing_branches": 1, "percent_branches_covered": 75.0, "percent_branches_covered_display": "75.00"}, "missing_lines": [], "excluded_lines": [], "start_line": 39, "executed_branches": [[75, 76], [138, 139], [138, 143]], "missing_branches": [[75, 80]]}, "seasonality": {"executed_lines": [161, 168, 169, 170, 171, 172, 174, 181, 182, 183, 184, 185, 187, 188, 189, 190, 192, 195, 200, 201, 208, 210, 212, 213, 214, 217, 218, 228, 229, 230, 232, 233, 234, 235, 236, 237, 238, 239, 240, 242, 244, 245, 246, 247], "summary": {"covered_lines": 44, "num_statements": 44, "percent_covered": 97.91666666666667, "percent_covered_display": "97.92", "missing_lines": 0, "excluded_lines": 0, "percent_statements_covered": 100.0, "percent_statements_covered_display": "100.00", "num_branches": 4, "num_partial_branches": 1, "covered_branches": 3, "missing_branches": 1, "percent_branches_covered": 75.0, "percent_branches_covered_display": "75.00"}, "missing_lines": [], "excluded_lines": [], "start_line": 153, "executed_branches": [[183, 184], [239, 240], [239, 242]], "missing_branches": [[183, 185]]}, "covid": {"executed_lines": [259, 261, 268, 269, 270, 271, 272, 274, 281, 282, 283, 284, 285, 287, 288, 289, 290, 292, 295, 296, 297, 300, 302, 303, 306, 310, 312, 313, 314, 317, 320, 330, 331, 332, 334, 335, 336, 337, 338, 339, 340, 341, 342, 343, 345, 347, 348, 349, 350], "summary": {"covered_lines": 49, "num_statements": 49, "percent_covered": 98.11320754716981, "percent_covered_display": "98.11", "missing_lines": 0, "excluded_lines": 0, "percent_statements_covered": 100.0, "percent_statements_covered_display": "100.00", "num_branches": 4, "num_partial_branches": 1, "covered_branches": 3, "missing_branches": 1, "percent_branches_covered": 75.0, "percent_branches_covered_display": "75.00"}, "missing_lines": [], "excluded_lines": [], "start_line": 251, "executed_branches": [[283, 284], [296, 297], [296, 302]], "missing_branches": [[283, 285]]}, "": {"executed_lines": [11, 12, 14, 15, 16, 17, 26, 27, 28, 29, 30, 31, 34, 35, 38, 39, 152, 153, 250, 251], "summary": {"covered_lines": 20, "num_statements": 20, "percent_covered": 100.0, "percent_covered_display": "100.00", "missing_lines": 0, "excluded_lines": 0, "percent_statements_covered": 100.0, "percent_statements_covered_display": "100.00", "num_branches": 0, "num_partial_branches": 0, "covered_branches": 0, "missing_branches": 0, "percent_branches_covered": 100.0, "percent_branches_covered_display": "100.00"}, "missing_lines": [], "excluded_lines": [], "start_line": 1, "executed_branches": [], "missing_branches": []}}, "classes": {"": {"executed_lines": [11, 12, 14, 15, 16, 17, 26, 27, 28, 29, 30, 31, 34, 35, 38, 39, 48, 52, 53, 54, 55, 56, 59, 67, 68, 69, 70, 73, 74, 75, 76, 77, 80, 83, 86, 89, 90, 91, 94, 96, 99, 102, 106, 109, 112, 113, 116, 126, 127, 128, 131, 132, 133, 134, 135, 136, 137, 138, 139, 140, 141, 143, 145, 146, 147, 148, 149, 152, 153, 161, 168, 169, 170, 171, 172, 174, 181, 182, 183, 184, 185, 187, 188, 189, 190, 192, 195, 200, 201, 208, 210, 212, 213, 214, 217, 218, 228, 229, 230, 232, 233, 234, 235, 236, 237, 238, 239, 240, 242, 244, 245, 246, 247, 250, 251, 259, 261, 268, 269, 270, 271, 272, 274, 281, 282, 283, 284, 285, 287, 288, 289, 290, 292, 295, 296, 297, 300, 302, 303, 306, 310, 312, 313, 314, 317, 320, 330, 331, 332, 334, 335, 336, 337, 338, 339, 340, 341, 342, 343, 345, 347, 348, 349, 350], "summary": {"covered_lines": 164, "num_statements": 164, "percent_covered": 98.29545454545455, "percent_covered_display": "98.30", "missing_lines": 0, "excluded_lines": 0, "percent_statements_covered": 100.0, "percent_statements_covered_display": "100.00", "num_branches": 12, "num_partial_branches": 3, "covered_branches": 9, "missing_branches": 3, "percent_branches_covered": 75.0, "percent_branches_covered_display": "75.00"}, "missing_lines": [], "excluded_lines": [], "start_line": 1, "executed_branches": [[75, 76], [138, 139], [138, 143], [183, 184], [239, 240], [239, 242], [283, 284], [296, 297], [296, 302]], "missing_branches": [[75, 80], [183, 185], [283, 285]]}}}, "analysis/cli/forecasting.py": {"executed_lines": [11, 12, 14, 15, 16, 17, 18, 27, 28, 29, 30, 31, 32, 34, 35, 38, 39, 47, 54, 55, 56, 57, 59, 66, 67, 68, 69, 70, 72, 75, 77, 78, 80, 84, 87, 88, 90, 91, 93, 94, 96, 104, 106, 107, 108, 111, 112, 113, 115, 118, 119, 121, 123, 132, 133, 134, 136, 137, 138, 139, 140, 141, 142, 143, 144, 146, 148, 149, 152, 153, 161, 165, 166, 167, 168, 170, 177, 178, 179, 180, 181, 183, 186, 187, 188, 191, 193, 195, 198, 199, 200, 203, 205, 207, 208, 210, 214, 215, 217, 218, 220, 225, 227, 228, 229, 232, 233, 237, 246, 247, 248, 250, 251, 252, 253, 254, 255, 256, 257, 258, 259, 260, 261, 263, 265, 266], "summary": {"covered_lines": 126, "num_statements": 133, "percent_covered": 90.47619047619048, "percent_covered_display": "90.48", "missing_lines": 7, "excluded_lines": 0, "percent_statements_covered": 94.73684210526316, "percent_statements_covered_display": "94.74", "num_branches": 14, "num_partial_branches": 7, "covered_branches": 7, "missing_branches": 7, "percent_branches_covered": 50.0, "percent_branches_covered_display": "50.00"}, "missing_lines": [97, 98, 102, 206, 221, 222, 223], "excluded_lines": [], "executed_branches": [[68, 69], [111, 112], [143, 144], [179, 180], [205, 207], [232, 233], [258, 259]], "missing_branches": [[68, 70], [111, 136], [143, 146], [179, 181], [205, 206], [232, 250], [258, 263]], "functions": {"time_series": {"executed_lines": [47, 54, 55, 56, 57, 59, 66, 67, 68, 69, 70, 72, 75, 77, 78, 80, 84, 87, 88, 90, 91, 93, 94, 96, 104, 106, 107, 108, 111, 112, 113, 115, 118, 119, 121, 123, 132, 133, 134, 136, 137, 138, 139, 140, 141, 142, 143, 144, 146, 148, 149], "summary": {"covered_lines": 51, "num_statements": 54, "percent_covered": 90.0, "percent_covered_display": "90.00", "missing_lines": 3, "excluded_lines": 0, "percent_statements_covered": 94.44444444444444, "percent_statements_covered_display": "94.44", "num_branches": 6, "num_partial_branches": 3, "covered_branches": 3, "missing_branches": 3, "percent_branches_covered": 50.0, "percent_branches_covered_display": "50.00"}, "missing_lines": [97, 98, 102], "excluded_lines": [], "start_line": 39, "executed_branches": [[68, 69], [111, 112], [143, 144]], "missing_branches": [[68, 70], [111, 136], [143, 146]]}, "classification": {"executed_lines": [161, 165, 166, 167, 168, 170, 177, 178, 179, 180, 181, 183, 186, 187, 188, 191, 193, 195, 198, 199, 200, 203, 205, 207, 208, 210, 214, 215, 217, 218, 220, 225, 227, 228, 229, 232, 233, 237, 246, 247, 248, 250, 251, 252, 253, 254, 255, 256, 257, 258, 259, 260, 261, 263, 265, 266], "summary": {"covered_lines": 56, "num_statements": 60, "percent_covered": 88.23529411764706, "percent_covered_display": "88.24", "missing_lines": 4, "excluded_lines": 0, "percent_statements_covered": 93.33333333333333, "percent_statements_covered_display": "93.33", "num_branches": 8, "num_partial_branches": 4, "covered_branches": 4, "missing_branches": 4, "percent_branches_covered": 50.0, "percent_branches_covered_display": "50.00"}, "missing_lines": [206, 221, 222, 223], "excluded_lines": [], "start_line": 153, "executed_branches": [[179, 180], [205, 207], [232, 233], [258, 259]], "missing_branches": [[179, 181], [205, 206], [232, 250], [258, 263]]}, "": {"executed_lines": [11, 12, 14, 15, 16, 17, 18, 27, 28, 29, 30, 31, 32, 34, 35, 38, 39, 152, 153], "summary": {"covered_lines": 19, "num_statements": 19, "percent_covered": 100.0, "percent_covered_display": "100.00", "missing_lines": 0, "excluded_lines": 0, "percent_statements_covered": 100.0, "percent_statements_covered_display": "100.00", "num_branches": 0, "num_partial_branches": 0, "covered_branches": 0, "missing_branches": 0, "percent_branches_covered": 100.0, "percent_branches_covered_display": "100.00"}, "missing_lines": [], "excluded_lines": [], "start_line": 1, "executed_branches": [], "missing_branches": []}}, "classes": {"": {"executed_lines": [11, 12, 14, 15, 16, 17, 18, 27, 28, 29, 30, 31, 32, 34, 35, 38, 39, 47, 54, 55, 56, 57, 59, 66, 67, 68, 69, 70, 72, 75, 77, 78, 80, 84, 87, 88, 90, 91, 93, 94, 96, 104, 106, 107, 108, 111, 112, 113, 115, 118, 119, 121, 123, 132, 133, 134, 136, 137, 138, 139, 140, 141, 142, 143, 144, 146, 148, 149, 152, 153, 161, 165, 166, 167, 168, 170, 177, 178, 179, 180, 181, 183, 186, 187, 188, 191, 193, 195, 198, 199, 200, 203, 205, 207, 208, 210, 214, 215, 217, 218, 220, 225, 227, 228, 229, 232, 233, 237, 246, 247, 248, 250, 251, 252, 253, 254, 255, 256, 257, 258, 259, 260, 261, 263, 265, 266], "summary": {"covered_lines": 126, "num_statements": 133, "percent_covered": 90.47619047619048, "percent_covered_display": "90.48", "missing_lines": 7, "excluded_lines": 0, "percent_statements_covered": 94.73684210526316, "percent_statements_covered_display": "94.74", "num_branches": 14, "num_partial_branches": 7, "covered_branches": 7, "missing_branches": 7, "percent_branches_covered": 50.0, "percent_branches_covered_display": "50.00"}, "missing_lines": [97, 98, 102, 206, 221, 222, 223], "excluded_lines": [], "start_line": 1, "executed_branches": [[68, 69], [111, 112], [143, 144], [179, 180], [205, 207], [232, 233], [258, 259]], "missing_branches": [[68, 70], [111, 136], [143, 146], [179, 181], [205, 206], [232, 250], [258, 263]]}}}, "analysis/cli/main.py": {"executed_lines": [19, 21, 22, 23, 24, 27, 30, 38, 42, 47, 52, 57, 64, 65, 72, 73, 74, 76, 77, 78, 80, 83, 84, 91, 106, 111, 112, 113], "summary": {"covered_lines": 28, "num_statements": 28, "percent_covered": 100.0, "percent_covered_display": "100.00", "missing_lines": 0, "excluded_lines": 2, "percent_statements_covered": 100.0, "percent_statements_covered_display": "100.00", "num_branches": 0, "num_partial_branches": 0, "covered_branches": 0, "missing_branches": 0, "percent_branches_covered": 100.0, "percent_branches_covered_display": "100.00"}, "missing_lines": [], "excluded_lines": [116, 117], "executed_branches": [], "missing_branches": [], "functions": {"version": {"executed_lines": [72, 73, 74, 76, 77, 78, 80], "summary": {"covered_lines": 7, "num_statements": 7, "percent_covered": 100.0, "percent_covered_display": "100.00", "missing_lines": 0, "excluded_lines": 0, "percent_statements_covered": 100.0, "percent_statements_covered_display": "100.00", "num_branches": 0, "num_partial_branches": 0, "covered_branches": 0, "missing_branches": 0, "percent_branches_covered": 100.0, "percent_branches_covered_display": "100.00"}, "missing_lines": [], "excluded_lines": [], "start_line": 65, "executed_branches": [], "missing_branches": []}, "info": {"executed_lines": [91, 106, 111, 112, 113], "summary": {"covered_lines": 5, "num_statements": 5, "percent_covered": 100.0, "percent_covered_display": "100.00", "missing_lines": 0, "excluded_lines": 0, "percent_statements_covered": 100.0, "percent_statements_covered_display": "100.00", "num_branches": 0, "num_partial_branches": 0, "covered_branches": 0, "missing_branches": 0, "percent_branches_covered": 100.0, "percent_branches_covered_display": "100.00"}, "missing_lines": [], "excluded_lines": [], "start_line": 84, "executed_branches": [], "missing_branches": []}, "": {"executed_lines": [19, 21, 22, 23, 24, 27, 30, 38, 42, 47, 52, 57, 64, 65, 83, 84], "summary": {"covered_lines": 16, "num_statements": 16, "percent_covered": 100.0, "percent_covered_display": "100.00", "missing_lines": 0, "excluded_lines": 2, "percent_statements_covered": 100.0, "percent_statements_covered_display": "100.00", "num_branches": 0, "num_partial_branches": 0, "covered_branches": 0, "missing_branches": 0, "percent_branches_covered": 100.0, "percent_branches_covered_display": "100.00"}, "missing_lines": [], "excluded_lines": [116, 117], "start_line": 1, "executed_branches": [], "missing_branches": []}}, "classes": {"": {"executed_lines": [19, 21, 22, 23, 24, 27, 30, 38, 42, 47, 52, 57, 64, 65, 72, 73, 74, 76, 77, 78, 80, 83, 84, 91, 106, 111, 112, 113], "summary": {"covered_lines": 28, "num_statements": 28, "percent_covered": 100.0, "percent_covered_display": "100.00", "missing_lines": 0, "excluded_lines": 2, "percent_statements_covered": 100.0, "percent_statements_covered_display": "100.00", "num_branches": 0, "num_partial_branches": 0, "covered_branches": 0, "missing_branches": 0, "percent_branches_covered": 100.0, "percent_branches_covered_display": "100.00"}, "missing_lines": [], "excluded_lines": [116, 117], "start_line": 1, "executed_branches": [], "missing_branches": []}}}, "analysis/cli/patrol.py": {"executed_lines": [12, 13, 15, 16, 17, 18, 27, 28, 34, 36, 37, 43, 44, 52, 54, 61, 62, 63, 64, 65, 68, 76, 77, 78, 79, 82, 83, 84, 85, 86, 89, 93, 98, 101, 104, 105, 107, 108, 109, 111, 112, 114, 125, 126, 127, 130, 131, 132, 133, 135, 144, 145, 146, 148, 149, 150, 151, 152, 153, 154, 155, 156, 157, 158, 160, 162, 163, 164, 165, 168, 169, 177, 179, 181, 185, 186, 187, 188, 189, 191, 198, 199, 200, 201, 202, 204, 207, 210, 211, 213, 215, 216, 217, 220, 221, 222, 224, 227, 230, 231, 233, 234, 235, 236, 237, 238, 239, 240, 242, 243, 244, 248, 249, 250, 251, 252, 253, 254, 255, 256, 257, 259, 261, 262, 263, 266, 267, 274, 276, 278, 279, 280, 281, 283, 290, 291, 292, 293, 294, 296, 299, 303, 304, 306, 310, 314, 315, 316, 319, 320, 323, 325, 334, 335, 337, 338, 339, 340, 341, 342, 343, 344, 346, 348, 349, 350, 353, 354, 361, 362, 364, 368, 369, 370, 371, 373, 380, 381, 382, 383, 384, 386, 388, 389, 390, 396, 398, 401, 406, 407, 409, 411, 412, 413, 415, 416, 417, 418, 419, 420, 421, 426, 428, 429, 430], "summary": {"covered_lines": 205, "num_statements": 221, "percent_covered": 88.9795918367347, "percent_covered_display": "88.98", "missing_lines": 16, "excluded_lines": 2, "percent_statements_covered": 92.76018099547511, "percent_statements_covered_display": "92.76", "num_branches": 24, "num_partial_branches": 9, "covered_branches": 13, "missing_branches": 11, "percent_branches_covered": 54.166666666666664, "percent_branches_covered_display": "54.17"}, "missing_lines": [116, 117, 120, 121, 122, 245, 246, 300, 391, 392, 393, 394, 403, 422, 423, 424], "excluded_lines": [39, 40], "executed_branches": [[84, 85], [130, 131], [200, 201], [233, 234], [256, 257], [256, 259], [292, 293], [299, 303], [343, 344], [343, 346], [382, 383], [401, 406], [421, 426]], "missing_branches": [[84, 86], [130, 148], [200, 202], [233, 248], [292, 294], [299, 300], [382, 384], [401, 403], [421, 422], [423, 424], [423, 426]], "functions": {"hotspots": {"executed_lines": [52, 54, 61, 62, 63, 64, 65, 68, 76, 77, 78, 79, 82, 83, 84, 85, 86, 89, 93, 98, 101, 104, 105, 107, 108, 109, 111, 112, 114, 125, 126, 127, 130, 131, 132, 133, 135, 144, 145, 146, 148, 149, 150, 151, 152, 153, 154, 155, 156, 157, 158, 160, 162, 163, 164, 165], "summary": {"covered_lines": 56, "num_statements": 61, "percent_covered": 89.23076923076923, "percent_covered_display": "89.23", "missing_lines": 5, "excluded_lines": 0, "percent_statements_covered": 91.80327868852459, "percent_statements_covered_display": "91.80", "num_branches": 4, "num_partial_branches": 2, "covered_branches": 2, "missing_branches": 2, "percent_branches_covered": 50.0, "percent_branches_covered_display": "50.00"}, "missing_lines": [116, 117, 120, 121, 122], "excluded_lines": [], "start_line": 44, "executed_branches": [[84, 85], [130, 131]], "missing_branches": [[84, 86], [130, 148]]}, "robbery_heatmap": {"executed_lines": [177, 179, 181, 185, 186, 187, 188, 189, 191, 198, 199, 200, 201, 202, 204, 207, 210, 211, 213, 215, 216, 217, 220, 221, 222, 224, 227, 230, 231, 233, 234, 235, 236, 237, 238, 239, 240, 242, 243, 244, 248, 249, 250, 251, 252, 253, 254, 255, 256, 257, 259, 261, 262, 263], "summary": {"covered_lines": 54, "num_statements": 56, "percent_covered": 93.54838709677419, "percent_covered_display": "93.55", "missing_lines": 2, "excluded_lines": 0, "percent_statements_covered": 96.42857142857143, "percent_statements_covered_display": "96.43", "num_branches": 6, "num_partial_branches": 2, "covered_branches": 4, "missing_branches": 2, "percent_branches_covered": 66.66666666666667, "percent_branches_covered_display": "66.67"}, "missing_lines": [245, 246], "excluded_lines": [], "start_line": 169, "executed_branches": [[200, 201], [233, 234], [256, 257], [256, 259]], "missing_branches": [[200, 202], [233, 248]]}, "district_severity": {"executed_lines": [274, 276, 278, 279, 280, 281, 283, 290, 291, 292, 293, 294, 296, 299, 303, 304, 306, 310, 314, 315, 316, 319, 320, 323, 325, 334, 335, 337, 338, 339, 340, 341, 342, 343, 344, 346, 348, 349, 350], "summary": {"covered_lines": 39, "num_statements": 40, "percent_covered": 93.47826086956522, "percent_covered_display": "93.48", "missing_lines": 1, "excluded_lines": 0, "percent_statements_covered": 97.5, "percent_statements_covered_display": "97.50", "num_branches": 6, "num_partial_branches": 2, "covered_branches": 4, "missing_branches": 2, "percent_branches_covered": 66.66666666666667, "percent_branches_covered_display": "66.67"}, "missing_lines": [300], "excluded_lines": [], "start_line": 267, "executed_branches": [[292, 293], [299, 303], [343, 344], [343, 346]], "missing_branches": [[292, 294], [299, 300]]}, "census_rates": {"executed_lines": [361, 362, 364, 368, 369, 370, 371, 373, 380, 381, 382, 383, 384, 386, 388, 389, 390, 396, 398, 401, 406, 407, 409, 411, 412, 413, 415, 416, 417, 418, 419, 420, 421, 426, 428, 429, 430], "summary": {"covered_lines": 37, "num_statements": 45, "percent_covered": 75.47169811320755, "percent_covered_display": "75.47", "missing_lines": 8, "excluded_lines": 0, "percent_statements_covered": 82.22222222222223, "percent_statements_covered_display": "82.22", "num_branches": 8, "num_partial_branches": 3, "covered_branches": 3, "missing_branches": 5, "percent_branches_covered": 37.5, "percent_branches_covered_display": "37.50"}, "missing_lines": [391, 392, 393, 394, 403, 422, 423, 424], "excluded_lines": [], "start_line": 354, "executed_branches": [[382, 383], [401, 406], [421, 426]], "missing_branches": [[382, 384], [401, 403], [421, 422], [423, 424], [423, 426]]}, "": {"executed_lines": [12, 13, 15, 16, 17, 18, 27, 28, 34, 36, 37, 43, 44, 168, 169, 266, 267, 353, 354], "summary": {"covered_lines": 19, "num_statements": 19, "percent_covered": 100.0, "percent_covered_display": "100.00", "missing_lines": 0, "excluded_lines": 2, "percent_statements_covered": 100.0, "percent_statements_covered_display": "100.00", "num_branches": 0, "num_partial_branches": 0, "covered_branches": 0, "missing_branches": 0, "percent_branches_covered": 100.0, "percent_branches_covered_display": "100.00"}, "missing_lines": [], "excluded_lines": [39, 40], "start_line": 1, "executed_branches": [], "missing_branches": []}}, "classes": {"": {"executed_lines": [12, 13, 15, 16, 17, 18, 27, 28, 34, 36, 37, 43, 44, 52, 54, 61, 62, 63, 64, 65, 68, 76, 77, 78, 79, 82, 83, 84, 85, 86, 89, 93, 98, 101, 104, 105, 107, 108, 109, 111, 112, 114, 125, 126, 127, 130, 131, 132, 133, 135, 144, 145, 146, 148, 149, 150, 151, 152, 153, 154, 155, 156, 157, 158, 160, 162, 163, 164, 165, 168, 169, 177, 179, 181, 185, 186, 187, 188, 189, 191, 198, 199, 200, 201, 202, 204, 207, 210, 211, 213, 215, 216, 217, 220, 221, 222, 224, 227, 230, 231, 233, 234, 235, 236, 237, 238, 239, 240, 242, 243, 244, 248, 249, 250, 251, 252, 253, 254, 255, 256, 257, 259, 261, 262, 263, 266, 267, 274, 276, 278, 279, 280, 281, 283, 290, 291, 292, 293, 294, 296, 299, 303, 304, 306, 310, 314, 315, 316, 319, 320, 323, 325, 334, 335, 337, 338, 339, 340, 341, 342, 343, 344, 346, 348, 349, 350, 353, 354, 361, 362, 364, 368, 369, 370, 371, 373, 380, 381, 382, 383, 384, 386, 388, 389, 390, 396, 398, 401, 406, 407, 409, 411, 412, 413, 415, 416, 417, 418, 419, 420, 421, 426, 428, 429, 430], "summary": {"covered_lines": 205, "num_statements": 221, "percent_covered": 88.9795918367347, "percent_covered_display": "88.98", "missing_lines": 16, "excluded_lines": 2, "percent_statements_covered": 92.76018099547511, "percent_statements_covered_display": "92.76", "num_branches": 24, "num_partial_branches": 9, "covered_branches": 13, "missing_branches": 11, "percent_branches_covered": 54.166666666666664, "percent_branches_covered_display": "54.17"}, "missing_lines": [116, 117, 120, 121, 122, 245, 246, 300, 391, 392, 393, 394, 403, 422, 423, 424], "excluded_lines": [39, 40], "start_line": 1, "executed_branches": [[84, 85], [130, 131], [200, 201], [233, 234], [256, 257], [256, 259], [292, 293], [299, 303], [343, 344], [343, 346], [382, 383], [401, 406], [421, 426]], "missing_branches": [[84, 86], [130, 148], [200, 202], [233, 248], [292, 294], [299, 300], [382, 384], [401, 403], [421, 422], [423, 424], [423, 426]]}}}, "analysis/cli/policy.py": {"executed_lines": [12, 13, 15, 16, 17, 18, 27, 33, 34, 35, 36, 38, 39, 42, 43, 51, 58, 59, 60, 62, 69, 70, 71, 72, 73, 75, 78, 81, 84, 86, 90, 91, 92, 95, 96, 98, 99, 100, 102, 111, 112, 113, 115, 116, 117, 118, 119, 120, 121, 123, 125, 126, 129, 130, 139, 147, 148, 149, 150, 152, 159, 160, 161, 162, 163, 165, 168, 171, 175, 179, 180, 181, 184, 185, 187, 188, 189, 191, 200, 201, 202, 204, 205, 206, 207, 208, 209, 210, 212, 214, 215, 218, 219, 226, 228, 229, 230, 232, 239, 240, 241, 242, 243, 245, 248, 249, 252, 254, 256, 257, 258, 261, 262, 264, 273, 274, 275, 277, 278, 279, 280, 281, 282, 283, 284, 286, 288, 289, 292, 293, 301, 305, 306, 307, 309, 316, 317, 318, 319, 320, 322, 325, 326, 332, 333, 334, 335, 337, 339, 340, 341, 343, 344, 345, 346, 347, 350, 351, 354, 356, 357], "summary": {"covered_lines": 161, "num_statements": 165, "percent_covered": 94.91525423728814, "percent_covered_display": "94.92", "missing_lines": 4, "excluded_lines": 0, "percent_statements_covered": 97.57575757575758, "percent_statements_covered_display": "97.58", "num_branches": 12, "num_partial_branches": 5, "covered_branches": 7, "missing_branches": 5, "percent_branches_covered": 58.333333333333336, "percent_branches_covered_display": "58.33"}, "missing_lines": [328, 329, 331, 352], "excluded_lines": [], "executed_branches": [[71, 72], [161, 162], [241, 242], [282, 283], [282, 286], [318, 319], [351, 354]], "missing_branches": [[71, 73], [161, 163], [241, 243], [318, 320], [351, 352]], "functions": {"retail_theft": {"executed_lines": [51, 58, 59, 60, 62, 69, 70, 71, 72, 73, 75, 78, 81, 84, 86, 90, 91, 92, 95, 96, 98, 99, 100, 102, 111, 112, 113, 115, 116, 117, 118, 119, 120, 121, 123, 125, 126], "summary": {"covered_lines": 37, "num_statements": 37, "percent_covered": 97.43589743589743, "percent_covered_display": "97.44", "missing_lines": 0, "excluded_lines": 0, "percent_statements_covered": 100.0, "percent_statements_covered_display": "100.00", "num_branches": 2, "num_partial_branches": 1, "covered_branches": 1, "missing_branches": 1, "percent_branches_covered": 50.0, "percent_branches_covered_display": "50.00"}, "missing_lines": [], "excluded_lines": [], "start_line": 43, "executed_branches": [[71, 72]], "missing_branches": [[71, 73]]}, "vehicle_crimes": {"executed_lines": [139, 147, 148, 149, 150, 152, 159, 160, 161, 162, 163, 165, 168, 171, 175, 179, 180, 181, 184, 185, 187, 188, 189, 191, 200, 201, 202, 204, 205, 206, 207, 208, 209, 210, 212, 214, 215], "summary": {"covered_lines": 37, "num_statements": 37, "percent_covered": 97.43589743589743, "percent_covered_display": "97.44", "missing_lines": 0, "excluded_lines": 0, "percent_statements_covered": 100.0, "percent_statements_covered_display": "100.00", "num_branches": 2, "num_partial_branches": 1, "covered_branches": 1, "missing_branches": 1, "percent_branches_covered": 50.0, "percent_branches_covered_display": "50.00"}, "missing_lines": [], "excluded_lines": [], "start_line": 130, "executed_branches": [[161, 162]], "missing_branches": [[161, 163]]}, "composition": {"executed_lines": [226, 228, 229, 230, 232, 239, 240, 241, 242, 243, 245, 248, 249, 252, 254, 256, 257, 258, 261, 262, 264, 273, 274, 275, 277, 278, 279, 280, 281, 282, 283, 284, 286, 288, 289], "summary": {"covered_lines": 35, "num_statements": 35, "percent_covered": 97.43589743589743, "percent_covered_display": "97.44", "missing_lines": 0, "excluded_lines": 0, "percent_statements_covered": 100.0, "percent_statements_covered_display": "100.00", "num_branches": 4, "num_partial_branches": 1, "covered_branches": 3, "missing_branches": 1, "percent_branches_covered": 75.0, "percent_branches_covered_display": "75.00"}, "missing_lines": [], "excluded_lines": [], "start_line": 219, "executed_branches": [[241, 242], [282, 283], [282, 286]], "missing_branches": [[241, 243]]}, "events": {"executed_lines": [301, 305, 306, 307, 309, 316, 317, 318, 319, 320, 322, 325, 326, 332, 333, 334, 335, 337, 339, 340, 341, 343, 344, 345, 346, 347, 350, 351, 354, 356, 357], "summary": {"covered_lines": 31, "num_statements": 35, "percent_covered": 84.61538461538461, "percent_covered_display": "84.62", "missing_lines": 4, "excluded_lines": 0, "percent_statements_covered": 88.57142857142857, "percent_statements_covered_display": "88.57", "num_branches": 4, "num_partial_branches": 2, "covered_branches": 2, "missing_branches": 2, "percent_branches_covered": 50.0, "percent_branches_covered_display": "50.00"}, "missing_lines": [328, 329, 331, 352], "excluded_lines": [], "start_line": 293, "executed_branches": [[318, 319], [351, 354]], "missing_branches": [[318, 320], [351, 352]]}, "": {"executed_lines": [12, 13, 15, 16, 17, 18, 27, 33, 34, 35, 36, 38, 39, 42, 43, 129, 130, 218, 219, 292, 293], "summary": {"covered_lines": 21, "num_statements": 21, "percent_covered": 100.0, "percent_covered_display": "100.00", "missing_lines": 0, "excluded_lines": 0, "percent_statements_covered": 100.0, "percent_statements_covered_display": "100.00", "num_branches": 0, "num_partial_branches": 0, "covered_branches": 0, "missing_branches": 0, "percent_branches_covered": 100.0, "percent_branches_covered_display": "100.00"}, "missing_lines": [], "excluded_lines": [], "start_line": 1, "executed_branches": [], "missing_branches": []}}, "classes": {"": {"executed_lines": [12, 13, 15, 16, 17, 18, 27, 33, 34, 35, 36, 38, 39, 42, 43, 51, 58, 59, 60, 62, 69, 70, 71, 72, 73, 75, 78, 81, 84, 86, 90, 91, 92, 95, 96, 98, 99, 100, 102, 111, 112, 113, 115, 116, 117, 118, 119, 120, 121, 123, 125, 126, 129, 130, 139, 147, 148, 149, 150, 152, 159, 160, 161, 162, 163, 165, 168, 171, 175, 179, 180, 181, 184, 185, 187, 188, 189, 191, 200, 201, 202, 204, 205, 206, 207, 208, 209, 210, 212, 214, 215, 218, 219, 226, 228, 229, 230, 232, 239, 240, 241, 242, 243, 245, 248, 249, 252, 254, 256, 257, 258, 261, 262, 264, 273, 274, 275, 277, 278, 279, 280, 281, 282, 283, 284, 286, 288, 289, 292, 293, 301, 305, 306, 307, 309, 316, 317, 318, 319, 320, 322, 325, 326, 332, 333, 334, 335, 337, 339, 340, 341, 343, 344, 345, 346, 347, 350, 351, 354, 356, 357], "summary": {"covered_lines": 161, "num_statements": 165, "percent_covered": 94.91525423728814, "percent_covered_display": "94.92", "missing_lines": 4, "excluded_lines": 0, "percent_statements_covered": 97.57575757575758, "percent_statements_covered_display": "97.58", "num_branches": 12, "num_partial_branches": 5, "covered_branches": 7, "missing_branches": 5, "percent_branches_covered": 58.333333333333336, "percent_branches_covered_display": "58.33"}, "missing_lines": [328, 329, 331, 352], "excluded_lines": [], "start_line": 1, "executed_branches": [[71, 72], [161, 162], [241, 242], [282, 283], [282, 286], [318, 319], [351, 354]], "missing_branches": [[71, 73], [161, 163], [241, 243], [318, 320], [351, 352]]}}}, "analysis/config.py": {"executed_lines": [], "summary": {"covered_lines": 0, "num_statements": 10, "percent_covered": 0.0, "percent_covered_display": "0.00", "missing_lines": 10, "excluded_lines": 0, "percent_statements_covered": 0.0, "percent_statements_covered_display": "0.00", "num_branches": 0, "num_partial_branches": 0, "covered_branches": 0, "missing_branches": 0, "percent_branches_covered": 100.0, "percent_branches_covered_display": "100.00"}, "missing_lines": [3, 6, 8, 9, 11, 18, 19, 20, 21, 26], "excluded_lines": [], "executed_branches": [], "missing_branches": [], "functions": {"": {"executed_lines": [], "summary": {"covered_lines": 0, "num_statements": 10, "percent_covered": 0.0, "percent_covered_display": "0.00", "missing_lines": 10, "excluded_lines": 0, "percent_statements_covered": 0.0, "percent_statements_covered_display": "0.00", "num_branches": 0, "num_partial_branches": 0, "covered_branches": 0, "missing_branches": 0, "percent_branches_covered": 100.0, "percent_branches_covered_display": "100.00"}, "missing_lines": [3, 6, 8, 9, 11, 18, 19, 20, 21, 26], "excluded_lines": [], "start_line": 1, "executed_branches": [], "missing_branches": []}}, "classes": {"": {"executed_lines": [], "summary": {"covered_lines": 0, "num_statements": 10, "percent_covered": 0.0, "percent_covered_display": "0.00", "missing_lines": 10, "excluded_lines": 0, "percent_statements_covered": 0.0, "percent_statements_covered_display": "0.00", "num_branches": 0, "num_partial_branches": 0, "covered_branches": 0, "missing_branches": 0, "percent_branches_covered": 100.0, "percent_branches_covered_display": "100.00"}, "missing_lines": [3, 6, 8, 9, 11, 18, 19, 20, 21, 26], "excluded_lines": [], "start_line": 1, "executed_branches": [], "missing_branches": []}}}, "analysis/config/schemas/chief.py": {"executed_lines": [3, 5, 8, 11, 14, 15, 16, 19, 22, 25, 28, 29, 32, 35, 38, 41, 44, 45, 46, 49], "summary": {"covered_lines": 20, "num_statements": 20, "percent_covered": 100.0, "percent_covered_display": "100.00", "missing_lines": 0, "excluded_lines": 0, "percent_statements_covered": 100.0, "percent_statements_covered_display": "100.00", "num_branches": 0, "num_partial_branches": 0, "covered_branches": 0, "missing_branches": 0, "percent_branches_covered": 100.0, "percent_branches_covered_display": "100.00"}, "missing_lines": [], "excluded_lines": [], "executed_branches": [], "missing_branches": [], "functions": {"": {"executed_lines": [3, 5, 8, 11, 14, 15, 16, 19, 22, 25, 28, 29, 32, 35, 38, 41, 44, 45, 46, 49], "summary": {"covered_lines": 20, "num_statements": 20, "percent_covered": 100.0, "percent_covered_display": "100.00", "missing_lines": 0, "excluded_lines": 0, "percent_statements_covered": 100.0, "percent_statements_covered_display": "100.00", "num_branches": 0, "num_partial_branches": 0, "covered_branches": 0, "missing_branches": 0, "percent_branches_covered": 100.0, "percent_branches_covered_display": "100.00"}, "missing_lines": [], "excluded_lines": [], "start_line": 1, "executed_branches": [], "missing_branches": []}}, "classes": {"TrendsConfig": {"executed_lines": [], "summary": {"covered_lines": 0, "num_statements": 0, "percent_covered": 100.0, "percent_covered_display": "100.00", "missing_lines": 0, "excluded_lines": 0, "percent_statements_covered": 100.0, "percent_statements_covered_display": "100.00", "num_branches": 0, "num_partial_branches": 0, "covered_branches": 0, "missing_branches": 0, "percent_branches_covered": 100.0, "percent_branches_covered_display": "100.00"}, "missing_lines": [], "excluded_lines": [], "start_line": 8, "executed_branches": [], "missing_branches": []}, "SeasonalityConfig": {"executed_lines": [], "summary": {"covered_lines": 0, "num_statements": 0, "percent_covered": 100.0, "percent_covered_display": "100.00", "missing_lines": 0, "excluded_lines": 0, "percent_statements_covered": 100.0, "percent_statements_covered_display": "100.00", "num_branches": 0, "num_partial_branches": 0, "covered_branches": 0, "missing_branches": 0, "percent_branches_covered": 100.0, "percent_branches_covered_display": "100.00"}, "missing_lines": [], "excluded_lines": [], "start_line": 22, "executed_branches": [], "missing_branches": []}, "COVIDConfig": {"executed_lines": [], "summary": {"covered_lines": 0, "num_statements": 0, "percent_covered": 100.0, "percent_covered_display": "100.00", "missing_lines": 0, "excluded_lines": 0, "percent_statements_covered": 100.0, "percent_statements_covered_display": "100.00", "num_branches": 0, "num_partial_branches": 0, "covered_branches": 0, "missing_branches": 0, "percent_branches_covered": 100.0, "percent_branches_covered_display": "100.00"}, "missing_lines": [], "excluded_lines": [], "start_line": 38, "executed_branches": [], "missing_branches": []}, "": {"executed_lines": [3, 5, 8, 11, 14, 15, 16, 19, 22, 25, 28, 29, 32, 35, 38, 41, 44, 45, 46, 49], "summary": {"covered_lines": 20, "num_statements": 20, "percent_covered": 100.0, "percent_covered_display": "100.00", "missing_lines": 0, "excluded_lines": 0, "percent_statements_covered": 100.0, "percent_statements_covered_display": "100.00", "num_branches": 0, "num_partial_branches": 0, "covered_branches": 0, "missing_branches": 0, "percent_branches_covered": 100.0, "percent_branches_covered_display": "100.00"}, "missing_lines": [], "excluded_lines": [], "start_line": 1, "executed_branches": [], "missing_branches": []}}}, "analysis/config/schemas/forecasting.py": {"executed_lines": [3, 5, 8, 11, 14, 15, 18, 21, 24, 27, 30, 33, 34, 37, 40], "summary": {"covered_lines": 15, "num_statements": 15, "percent_covered": 100.0, "percent_covered_display": "100.00", "missing_lines": 0, "excluded_lines": 0, "percent_statements_covered": 100.0, "percent_statements_covered_display": "100.00", "num_branches": 0, "num_partial_branches": 0, "covered_branches": 0, "missing_branches": 0, "percent_branches_covered": 100.0, "percent_branches_covered_display": "100.00"}, "missing_lines": [], "excluded_lines": [], "executed_branches": [], "missing_branches": [], "functions": {"": {"executed_lines": [3, 5, 8, 11, 14, 15, 18, 21, 24, 27, 30, 33, 34, 37, 40], "summary": {"covered_lines": 15, "num_statements": 15, "percent_covered": 100.0, "percent_covered_display": "100.00", "missing_lines": 0, "excluded_lines": 0, "percent_statements_covered": 100.0, "percent_statements_covered_display": "100.00", "num_branches": 0, "num_partial_branches": 0, "covered_branches": 0, "missing_branches": 0, "percent_branches_covered": 100.0, "percent_branches_covered_display": "100.00"}, "missing_lines": [], "excluded_lines": [], "start_line": 1, "executed_branches": [], "missing_branches": []}}, "classes": {"TimeSeriesConfig": {"executed_lines": [], "summary": {"covered_lines": 0, "num_statements": 0, "percent_covered": 100.0, "percent_covered_display": "100.00", "missing_lines": 0, "excluded_lines": 0, "percent_statements_covered": 100.0, "percent_statements_covered_display": "100.00", "num_branches": 0, "num_partial_branches": 0, "covered_branches": 0, "missing_branches": 0, "percent_branches_covered": 100.0, "percent_branches_covered_display": "100.00"}, "missing_lines": [], "excluded_lines": [], "start_line": 8, "executed_branches": [], "missing_branches": []}, "ClassificationConfig": {"executed_lines": [], "summary": {"covered_lines": 0, "num_statements": 0, "percent_covered": 100.0, "percent_covered_display": "100.00", "missing_lines": 0, "excluded_lines": 0, "percent_statements_covered": 100.0, "percent_statements_covered_display": "100.00", "num_branches": 0, "num_partial_branches": 0, "covered_branches": 0, "missing_branches": 0, "percent_branches_covered": 100.0, "percent_branches_covered_display": "100.00"}, "missing_lines": [], "excluded_lines": [], "start_line": 24, "executed_branches": [], "missing_branches": []}, "": {"executed_lines": [3, 5, 8, 11, 14, 15, 18, 21, 24, 27, 30, 33, 34, 37, 40], "summary": {"covered_lines": 15, "num_statements": 15, "percent_covered": 100.0, "percent_covered_display": "100.00", "missing_lines": 0, "excluded_lines": 0, "percent_statements_covered": 100.0, "percent_statements_covered_display": "100.00", "num_branches": 0, "num_partial_branches": 0, "covered_branches": 0, "missing_branches": 0, "percent_branches_covered": 100.0, "percent_branches_covered_display": "100.00"}, "missing_lines": [], "excluded_lines": [], "start_line": 1, "executed_branches": [], "missing_branches": []}}}, "analysis/config/schemas/patrol.py": {"executed_lines": [3, 5, 7, 10, 13, 16, 17, 18, 21, 22, 23, 24, 27, 28, 31, 34, 37, 40, 43, 44, 47, 50, 53, 57, 60, 61, 64, 67, 70, 73, 76, 77], "summary": {"covered_lines": 32, "num_statements": 32, "percent_covered": 100.0, "percent_covered_display": "100.00", "missing_lines": 0, "excluded_lines": 0, "percent_statements_covered": 100.0, "percent_statements_covered_display": "100.00", "num_branches": 0, "num_partial_branches": 0, "covered_branches": 0, "missing_branches": 0, "percent_branches_covered": 100.0, "percent_branches_covered_display": "100.00"}, "missing_lines": [], "excluded_lines": [], "executed_branches": [], "missing_branches": [], "functions": {"": {"executed_lines": [3, 5, 7, 10, 13, 16, 17, 18, 21, 22, 23, 24, 27, 28, 31, 34, 37, 40, 43, 44, 47, 50, 53, 57, 60, 61, 64, 67, 70, 73, 76, 77], "summary": {"covered_lines": 32, "num_statements": 32, "percent_covered": 100.0, "percent_covered_display": "100.00", "missing_lines": 0, "excluded_lines": 0, "percent_statements_covered": 100.0, "percent_statements_covered_display": "100.00", "num_branches": 0, "num_partial_branches": 0, "covered_branches": 0, "missing_branches": 0, "percent_branches_covered": 100.0, "percent_branches_covered_display": "100.00"}, "missing_lines": [], "excluded_lines": [], "start_line": 1, "executed_branches": [], "missing_branches": []}}, "classes": {"HotspotsConfig": {"executed_lines": [], "summary": {"covered_lines": 0, "num_statements": 0, "percent_covered": 100.0, "percent_covered_display": "100.00", "missing_lines": 0, "excluded_lines": 0, "percent_statements_covered": 100.0, "percent_statements_covered_display": "100.00", "num_branches": 0, "num_partial_branches": 0, "covered_branches": 0, "missing_branches": 0, "percent_branches_covered": 100.0, "percent_branches_covered_display": "100.00"}, "missing_lines": [], "excluded_lines": [], "start_line": 10, "executed_branches": [], "missing_branches": []}, "RobberyConfig": {"executed_lines": [], "summary": {"covered_lines": 0, "num_statements": 0, "percent_covered": 100.0, "percent_covered_display": "100.00", "missing_lines": 0, "excluded_lines": 0, "percent_statements_covered": 100.0, "percent_statements_covered_display": "100.00", "num_branches": 0, "num_partial_branches": 0, "covered_branches": 0, "missing_branches": 0, "percent_branches_covered": 100.0, "percent_branches_covered_display": "100.00"}, "missing_lines": [], "excluded_lines": [], "start_line": 31, "executed_branches": [], "missing_branches": []}, "DistrictConfig": {"executed_lines": [], "summary": {"covered_lines": 0, "num_statements": 0, "percent_covered": 100.0, "percent_covered_display": "100.00", "missing_lines": 0, "excluded_lines": 0, "percent_statements_covered": 100.0, "percent_statements_covered_display": "100.00", "num_branches": 0, "num_partial_branches": 0, "covered_branches": 0, "missing_branches": 0, "percent_branches_covered": 100.0, "percent_branches_covered_display": "100.00"}, "missing_lines": [], "excluded_lines": [], "start_line": 47, "executed_branches": [], "missing_branches": []}, "CensusConfig": {"executed_lines": [], "summary": {"covered_lines": 0, "num_statements": 0, "percent_covered": 100.0, "percent_covered_display": "100.00", "missing_lines": 0, "excluded_lines": 0, "percent_statements_covered": 100.0, "percent_statements_covered_display": "100.00", "num_branches": 0, "num_partial_branches": 0, "covered_branches": 0, "missing_branches": 0, "percent_branches_covered": 100.0, "percent_branches_covered_display": "100.00"}, "missing_lines": [], "excluded_lines": [], "start_line": 64, "executed_branches": [], "missing_branches": []}, "": {"executed_lines": [3, 5, 7, 10, 13, 16, 17, 18, 21, 22, 23, 24, 27, 28, 31, 34, 37, 40, 43, 44, 47, 50, 53, 57, 60, 61, 64, 67, 70, 73, 76, 77], "summary": {"covered_lines": 32, "num_statements": 32, "percent_covered": 100.0, "percent_covered_display": "100.00", "missing_lines": 0, "excluded_lines": 0, "percent_statements_covered": 100.0, "percent_statements_covered_display": "100.00", "num_branches": 0, "num_partial_branches": 0, "covered_branches": 0, "missing_branches": 0, "percent_branches_covered": 100.0, "percent_branches_covered_display": "100.00"}, "missing_lines": [], "excluded_lines": [], "start_line": 1, "executed_branches": [], "missing_branches": []}}}, "analysis/config/schemas/policy.py": {"executed_lines": [3, 5, 7, 10, 13, 16, 19, 20, 23, 24, 27, 30, 33, 36, 37, 40, 41, 44, 47, 50, 53, 56, 57, 60, 63, 66, 67, 70, 75, 76], "summary": {"covered_lines": 30, "num_statements": 30, "percent_covered": 100.0, "percent_covered_display": "100.00", "missing_lines": 0, "excluded_lines": 0, "percent_statements_covered": 100.0, "percent_statements_covered_display": "100.00", "num_branches": 0, "num_partial_branches": 0, "covered_branches": 0, "missing_branches": 0, "percent_branches_covered": 100.0, "percent_branches_covered_display": "100.00"}, "missing_lines": [], "excluded_lines": [], "executed_branches": [], "missing_branches": [], "functions": {"": {"executed_lines": [3, 5, 7, 10, 13, 16, 19, 20, 23, 24, 27, 30, 33, 36, 37, 40, 41, 44, 47, 50, 53, 56, 57, 60, 63, 66, 67, 70, 75, 76], "summary": {"covered_lines": 30, "num_statements": 30, "percent_covered": 100.0, "percent_covered_display": "100.00", "missing_lines": 0, "excluded_lines": 0, "percent_statements_covered": 100.0, "percent_statements_covered_display": "100.00", "num_branches": 0, "num_partial_branches": 0, "covered_branches": 0, "missing_branches": 0, "percent_branches_covered": 100.0, "percent_branches_covered_display": "100.00"}, "missing_lines": [], "excluded_lines": [], "start_line": 1, "executed_branches": [], "missing_branches": []}}, "classes": {"RetailTheftConfig": {"executed_lines": [], "summary": {"covered_lines": 0, "num_statements": 0, "percent_covered": 100.0, "percent_covered_display": "100.00", "missing_lines": 0, "excluded_lines": 0, "percent_statements_covered": 100.0, "percent_statements_covered_display": "100.00", "num_branches": 0, "num_partial_branches": 0, "covered_branches": 0, "missing_branches": 0, "percent_branches_covered": 100.0, "percent_branches_covered_display": "100.00"}, "missing_lines": [], "excluded_lines": [], "start_line": 10, "executed_branches": [], "missing_branches": []}, "VehicleCrimesConfig": {"executed_lines": [], "summary": {"covered_lines": 0, "num_statements": 0, "percent_covered": 100.0, "percent_covered_display": "100.00", "missing_lines": 0, "excluded_lines": 0, "percent_statements_covered": 100.0, "percent_statements_covered_display": "100.00", "num_branches": 0, "num_partial_branches": 0, "covered_branches": 0, "missing_branches": 0, "percent_branches_covered": 100.0, "percent_branches_covered_display": "100.00"}, "missing_lines": [], "excluded_lines": [], "start_line": 27, "executed_branches": [], "missing_branches": []}, "CompositionConfig": {"executed_lines": [], "summary": {"covered_lines": 0, "num_statements": 0, "percent_covered": 100.0, "percent_covered_display": "100.00", "missing_lines": 0, "excluded_lines": 0, "percent_statements_covered": 100.0, "percent_statements_covered_display": "100.00", "num_branches": 0, "num_partial_branches": 0, "covered_branches": 0, "missing_branches": 0, "percent_branches_covered": 100.0, "percent_branches_covered_display": "100.00"}, "missing_lines": [], "excluded_lines": [], "start_line": 44, "executed_branches": [], "missing_branches": []}, "EventsConfig": {"executed_lines": [], "summary": {"covered_lines": 0, "num_statements": 0, "percent_covered": 100.0, "percent_covered_display": "100.00", "missing_lines": 0, "excluded_lines": 0, "percent_statements_covered": 100.0, "percent_statements_covered_display": "100.00", "num_branches": 0, "num_partial_branches": 0, "covered_branches": 0, "missing_branches": 0, "percent_branches_covered": 100.0, "percent_branches_covered_display": "100.00"}, "missing_lines": [], "excluded_lines": [], "start_line": 60, "executed_branches": [], "missing_branches": []}, "": {"executed_lines": [3, 5, 7, 10, 13, 16, 19, 20, 23, 24, 27, 30, 33, 36, 37, 40, 41, 44, 47, 50, 53, 56, 57, 60, 63, 66, 67, 70, 75, 76], "summary": {"covered_lines": 30, "num_statements": 30, "percent_covered": 100.0, "percent_covered_display": "100.00", "missing_lines": 0, "excluded_lines": 0, "percent_statements_covered": 100.0, "percent_statements_covered_display": "100.00", "num_branches": 0, "num_partial_branches": 0, "covered_branches": 0, "missing_branches": 0, "percent_branches_covered": 100.0, "percent_branches_covered_display": "100.00"}, "missing_lines": [], "excluded_lines": [], "start_line": 1, "executed_branches": [], "missing_branches": []}}}, "analysis/config/settings.py": {"executed_lines": [3, 5, 6, 14, 17, 20, 28, 29, 30, 33, 34, 35, 38, 39, 42, 44, 45, 63, 66, 73, 74, 75, 76, 77, 78, 81, 83, 84, 94], "summary": {"covered_lines": 29, "num_statements": 30, "percent_covered": 96.66666666666667, "percent_covered_display": "96.67", "missing_lines": 1, "excluded_lines": 0, "percent_statements_covered": 96.66666666666667, "percent_statements_covered_display": "96.67", "num_branches": 0, "num_partial_branches": 0, "covered_branches": 0, "missing_branches": 0, "percent_branches_covered": 100.0, "percent_branches_covered_display": "100.00"}, "missing_lines": [55], "excluded_lines": [], "executed_branches": [], "missing_branches": [], "functions": {"GlobalConfig.settings_customise_sources": {"executed_lines": [], "summary": {"covered_lines": 0, "num_statements": 1, "percent_covered": 0.0, "percent_covered_display": "0.00", "missing_lines": 1, "excluded_lines": 0, "percent_statements_covered": 0.0, "percent_statements_covered_display": "0.00", "num_branches": 0, "num_partial_branches": 0, "covered_branches": 0, "missing_branches": 0, "percent_branches_covered": 100.0, "percent_branches_covered_display": "100.00"}, "missing_lines": [55], "excluded_lines": [], "start_line": 45, "executed_branches": [], "missing_branches": []}, "BaseConfig.settings_customise_sources": {"executed_lines": [94], "summary": {"covered_lines": 1, "num_statements": 1, "percent_covered": 100.0, "percent_covered_display": "100.00", "missing_lines": 0, "excluded_lines": 0, "percent_statements_covered": 100.0, "percent_statements_covered_display": "100.00", "num_branches": 0, "num_partial_branches": 0, "covered_branches": 0, "missing_branches": 0, "percent_branches_covered": 100.0, "percent_branches_covered_display": "100.00"}, "missing_lines": [], "excluded_lines": [], "start_line": 84, "executed_branches": [], "missing_branches": []}, "": {"executed_lines": [3, 5, 6, 14, 17, 20, 28, 29, 30, 33, 34, 35, 38, 39, 42, 44, 45, 63, 66, 73, 74, 75, 76, 77, 78, 81, 83, 84], "summary": {"covered_lines": 28, "num_statements": 28, "percent_covered": 100.0, "percent_covered_display": "100.00", "missing_lines": 0, "excluded_lines": 0, "percent_statements_covered": 100.0, "percent_statements_covered_display": "100.00", "num_branches": 0, "num_partial_branches": 0, "covered_branches": 0, "missing_branches": 0, "percent_branches_covered": 100.0, "percent_branches_covered_display": "100.00"}, "missing_lines": [], "excluded_lines": [], "start_line": 1, "executed_branches": [], "missing_branches": []}}, "classes": {"GlobalConfig": {"executed_lines": [], "summary": {"covered_lines": 0, "num_statements": 1, "percent_covered": 0.0, "percent_covered_display": "0.00", "missing_lines": 1, "excluded_lines": 0, "percent_statements_covered": 0.0, "percent_statements_covered_display": "0.00", "num_branches": 0, "num_partial_branches": 0, "covered_branches": 0, "missing_branches": 0, "percent_branches_covered": 100.0, "percent_branches_covered_display": "100.00"}, "missing_lines": [55], "excluded_lines": [], "start_line": 17, "executed_branches": [], "missing_branches": []}, "BaseConfig": {"executed_lines": [94], "summary": {"covered_lines": 1, "num_statements": 1, "percent_covered": 100.0, "percent_covered_display": "100.00", "missing_lines": 0, "excluded_lines": 0, "percent_statements_covered": 100.0, "percent_statements_covered_display": "100.00", "num_branches": 0, "num_partial_branches": 0, "covered_branches": 0, "missing_branches": 0, "percent_branches_covered": 100.0, "percent_branches_covered_display": "100.00"}, "missing_lines": [], "excluded_lines": [], "start_line": 63, "executed_branches": [], "missing_branches": []}, "": {"executed_lines": [3, 5, 6, 14, 17, 20, 28, 29, 30, 33, 34, 35, 38, 39, 42, 44, 45, 63, 66, 73, 74, 75, 76, 77, 78, 81, 83, 84], "summary": {"covered_lines": 28, "num_statements": 28, "percent_covered": 100.0, "percent_covered_display": "100.00", "missing_lines": 0, "excluded_lines": 0, "percent_statements_covered": 100.0, "percent_statements_covered_display": "100.00", "num_branches": 0, "num_partial_branches": 0, "covered_branches": 0, "missing_branches": 0, "percent_branches_covered": 100.0, "percent_branches_covered_display": "100.00"}, "missing_lines": [], "excluded_lines": [], "start_line": 1, "executed_branches": [], "missing_branches": []}}}, "analysis/config_loader.py": {"executed_lines": [], "summary": {"covered_lines": 0, "num_statements": 56, "percent_covered": 0.0, "percent_covered_display": "0.00", "missing_lines": 56, "excluded_lines": 0, "percent_statements_covered": 0.0, "percent_statements_covered_display": "0.00", "num_branches": 14, "num_partial_branches": 0, "covered_branches": 0, "missing_branches": 14, "percent_branches_covered": 0.0, "percent_branches_covered_display": "0.00"}, "missing_lines": [3, 5, 6, 7, 8, 10, 12, 13, 16, 17, 20, 21, 23, 24, 25, 26, 28, 29, 31, 32, 34, 35, 37, 39, 52, 53, 55, 74, 75, 76, 77, 79, 80, 81, 82, 84, 85, 86, 88, 89, 90, 91, 92, 94, 95, 96, 97, 99, 101, 102, 103, 104, 105, 106, 107, 108], "excluded_lines": [], "executed_branches": [], "missing_branches": [[25, 26], [25, 28], [76, 77], [76, 79], [85, -84], [85, 86], [91, 92], [91, 94], [94, 95], [94, 99], [96, 94], [96, 97], [104, -101], [104, 105]], "functions": {"Phase1Config.__post_init__": {"executed_lines": [], "summary": {"covered_lines": 0, "num_statements": 7, "percent_covered": 0.0, "percent_covered_display": "0.00", "missing_lines": 7, "excluded_lines": 0, "percent_statements_covered": 0.0, "percent_statements_covered_display": "0.00", "num_branches": 2, "num_partial_branches": 0, "covered_branches": 0, "missing_branches": 2, "percent_branches_covered": 0.0, "percent_branches_covered_display": "0.00"}, "missing_lines": [24, 25, 26, 28, 29, 31, 32], "excluded_lines": [], "start_line": 23, "executed_branches": [], "missing_branches": [[25, 26], [25, 28]]}, "Phase1Config.version": {"executed_lines": [], "summary": {"covered_lines": 0, "num_statements": 1, "percent_covered": 0.0, "percent_covered_display": "0.00", "missing_lines": 1, "excluded_lines": 0, "percent_statements_covered": 0.0, "percent_statements_covered_display": "0.00", "num_branches": 0, "num_partial_branches": 0, "covered_branches": 0, "missing_branches": 0, "percent_branches_covered": 100.0, "percent_branches_covered_display": "100.00"}, "missing_lines": [37], "excluded_lines": [], "start_line": 35, "executed_branches": [], "missing_branches": []}, "Phase1Config.get_notebook_params": {"executed_lines": [], "summary": {"covered_lines": 0, "num_statements": 2, "percent_covered": 0.0, "percent_covered_display": "0.00", "missing_lines": 2, "excluded_lines": 0, "percent_statements_covered": 0.0, "percent_statements_covered_display": "0.00", "num_branches": 0, "num_partial_branches": 0, "covered_branches": 0, "missing_branches": 0, "percent_branches_covered": 100.0, "percent_branches_covered_display": "100.00"}, "missing_lines": [52, 53], "excluded_lines": [], "start_line": 39, "executed_branches": [], "missing_branches": []}, "Phase1Config.get_output_path": {"executed_lines": [], "summary": {"covered_lines": 0, "num_statements": 8, "percent_covered": 0.0, "percent_covered_display": "0.00", "missing_lines": 8, "excluded_lines": 0, "percent_statements_covered": 0.0, "percent_statements_covered_display": "0.00", "num_branches": 2, "num_partial_branches": 0, "covered_branches": 0, "missing_branches": 2, "percent_branches_covered": 0.0, "percent_branches_covered_display": "0.00"}, "missing_lines": [74, 75, 76, 77, 79, 80, 81, 82], "excluded_lines": [], "start_line": 55, "executed_branches": [], "missing_branches": [[76, 77], [76, 79]]}, "Phase1Config._ensure_notebook": {"executed_lines": [], "summary": {"covered_lines": 0, "num_statements": 2, "percent_covered": 0.0, "percent_covered_display": "0.00", "missing_lines": 2, "excluded_lines": 0, "percent_statements_covered": 0.0, "percent_statements_covered_display": "0.00", "num_branches": 2, "num_partial_branches": 0, "covered_branches": 0, "missing_branches": 2, "percent_branches_covered": 0.0, "percent_branches_covered_display": "0.00"}, "missing_lines": [85, 86], "excluded_lines": [], "start_line": 84, "executed_branches": [], "missing_branches": [[85, -84], [85, 86]]}, "Phase1Config._validate": {"executed_lines": [], "summary": {"covered_lines": 0, "num_statements": 9, "percent_covered": 0.0, "percent_covered_display": "0.00", "missing_lines": 9, "excluded_lines": 0, "percent_statements_covered": 0.0, "percent_statements_covered_display": "0.00", "num_branches": 6, "num_partial_branches": 0, "covered_branches": 0, "missing_branches": 6, "percent_branches_covered": 0.0, "percent_branches_covered_display": "0.00"}, "missing_lines": [89, 90, 91, 92, 94, 95, 96, 97, 99], "excluded_lines": [], "start_line": 88, "executed_branches": [], "missing_branches": [[91, 92], [91, 94], [94, 95], [94, 99], [96, 94], [96, 97]]}, "Phase1Config._validate_dates": {"executed_lines": [], "summary": {"covered_lines": 0, "num_statements": 7, "percent_covered": 0.0, "percent_covered_display": "0.00", "missing_lines": 7, "excluded_lines": 0, "percent_statements_covered": 0.0, "percent_statements_covered_display": "0.00", "num_branches": 2, "num_partial_branches": 0, "covered_branches": 0, "missing_branches": 2, "percent_branches_covered": 0.0, "percent_branches_covered_display": "0.00"}, "missing_lines": [102, 103, 104, 105, 106, 107, 108], "excluded_lines": [], "start_line": 101, "executed_branches": [], "missing_branches": [[104, -101], [104, 105]]}, "": {"executed_lines": [], "summary": {"covered_lines": 0, "num_statements": 20, "percent_covered": 0.0, "percent_covered_display": "0.00", "missing_lines": 20, "excluded_lines": 0, "percent_statements_covered": 0.0, "percent_statements_covered_display": "0.00", "num_branches": 0, "num_partial_branches": 0, "covered_branches": 0, "missing_branches": 0, "percent_branches_covered": 100.0, "percent_branches_covered_display": "100.00"}, "missing_lines": [3, 5, 6, 7, 8, 10, 12, 13, 16, 17, 20, 21, 23, 34, 35, 39, 55, 84, 88, 101], "excluded_lines": [], "start_line": 1, "executed_branches": [], "missing_branches": []}}, "classes": {"Phase1Config": {"executed_lines": [], "summary": {"covered_lines": 0, "num_statements": 36, "percent_covered": 0.0, "percent_covered_display": "0.00", "missing_lines": 36, "excluded_lines": 0, "percent_statements_covered": 0.0, "percent_statements_covered_display": "0.00", "num_branches": 14, "num_partial_branches": 0, "covered_branches": 0, "missing_branches": 14, "percent_branches_covered": 0.0, "percent_branches_covered_display": "0.00"}, "missing_lines": [24, 25, 26, 28, 29, 31, 32, 37, 52, 53, 74, 75, 76, 77, 79, 80, 81, 82, 85, 86, 89, 90, 91, 92, 94, 95, 96, 97, 99, 102, 103, 104, 105, 106, 107, 108], "excluded_lines": [], "start_line": 17, "executed_branches": [], "missing_branches": [[25, 26], [25, 28], [76, 77], [76, 79], [85, -84], [85, 86], [91, 92], [91, 94], [94, 95], [94, 99], [96, 94], [96, 97], [104, -101], [104, 105]]}, "": {"executed_lines": [], "summary": {"covered_lines": 0, "num_statements": 20, "percent_covered": 0.0, "percent_covered_display": "0.00", "missing_lines": 20, "excluded_lines": 0, "percent_statements_covered": 0.0, "percent_statements_covered_display": "0.00", "num_branches": 0, "num_partial_branches": 0, "covered_branches": 0, "missing_branches": 0, "percent_branches_covered": 100.0, "percent_branches_covered_display": "100.00"}, "missing_lines": [3, 5, 6, 7, 8, 10, 12, 13, 16, 17, 20, 21, 23, 34, 35, 39, 55, 84, 88, 101], "excluded_lines": [], "start_line": 1, "executed_branches": [], "missing_branches": []}}}, "analysis/data/cache.py": {"executed_lines": [12, 13, 15, 18, 21, 24, 27, 39, 41, 42, 43, 44, 45, 46, 49], "summary": {"covered_lines": 15, "num_statements": 15, "percent_covered": 95.65217391304348, "percent_covered_display": "95.65", "missing_lines": 0, "excluded_lines": 0, "percent_statements_covered": 100.0, "percent_statements_covered_display": "100.00", "num_branches": 8, "num_partial_branches": 1, "covered_branches": 7, "missing_branches": 1, "percent_branches_covered": 87.5, "percent_branches_covered_display": "87.50"}, "missing_lines": [], "excluded_lines": [], "executed_branches": [[39, 41], [39, 46], [41, 42], [41, 46], [42, 43], [42, 44], [44, 45]], "missing_branches": [[44, 41]], "functions": {"clear_cache": {"executed_lines": [39, 41, 42, 43, 44, 45, 46], "summary": {"covered_lines": 7, "num_statements": 7, "percent_covered": 93.33333333333333, "percent_covered_display": "93.33", "missing_lines": 0, "excluded_lines": 0, "percent_statements_covered": 100.0, "percent_statements_covered_display": "100.00", "num_branches": 8, "num_partial_branches": 1, "covered_branches": 7, "missing_branches": 1, "percent_branches_covered": 87.5, "percent_branches_covered_display": "87.50"}, "missing_lines": [], "excluded_lines": [], "start_line": 27, "executed_branches": [[39, 41], [39, 46], [41, 42], [41, 46], [42, 43], [42, 44], [44, 45]], "missing_branches": [[44, 41]]}, "": {"executed_lines": [12, 13, 15, 18, 21, 24, 27, 49], "summary": {"covered_lines": 8, "num_statements": 8, "percent_covered": 100.0, "percent_covered_display": "100.00", "missing_lines": 0, "excluded_lines": 0, "percent_statements_covered": 100.0, "percent_statements_covered_display": "100.00", "num_branches": 0, "num_partial_branches": 0, "covered_branches": 0, "missing_branches": 0, "percent_branches_covered": 100.0, "percent_branches_covered_display": "100.00"}, "missing_lines": [], "excluded_lines": [], "start_line": 1, "executed_branches": [], "missing_branches": []}}, "classes": {"": {"executed_lines": [12, 13, 15, 18, 21, 24, 27, 39, 41, 42, 43, 44, 45, 46, 49], "summary": {"covered_lines": 15, "num_statements": 15, "percent_covered": 95.65217391304348, "percent_covered_display": "95.65", "missing_lines": 0, "excluded_lines": 0, "percent_statements_covered": 100.0, "percent_statements_covered_display": "100.00", "num_branches": 8, "num_partial_branches": 1, "covered_branches": 7, "missing_branches": 1, "percent_branches_covered": 87.5, "percent_branches_covered_display": "87.50"}, "missing_lines": [], "excluded_lines": [], "start_line": 1, "executed_branches": [[39, 41], [39, 46], [41, 42], [41, 46], [42, 43], [42, 44], [44, 45]], "missing_branches": [[44, 41]]}}}, "analysis/data/loading.py": {"executed_lines": [19, 21, 22, 24, 26, 28, 31, 32, 34, 41, 42, 57, 60, 63, 64, 65, 66, 67, 69, 70, 72, 75, 97, 100, 101, 114, 115, 117, 122, 123, 125, 127, 128, 130, 133, 157, 158, 163, 164, 169, 170, 182, 183, 184, 186, 187, 192, 212, 214, 218], "summary": {"covered_lines": 50, "num_statements": 55, "percent_covered": 87.67123287671232, "percent_covered_display": "87.67", "missing_lines": 5, "excluded_lines": 2, "percent_statements_covered": 90.9090909090909, "percent_statements_covered_display": "90.91", "num_branches": 18, "num_partial_branches": 4, "covered_branches": 14, "missing_branches": 4, "percent_branches_covered": 77.77777777777777, "percent_branches_covered_display": "77.78"}, "missing_lines": [35, 36, 58, 189, 215], "excluded_lines": [37, 38], "executed_branches": [[57, 60], [63, 64], [64, 65], [64, 66], [66, 67], [69, 70], [69, 72], [122, 123], [122, 125], [127, 128], [127, 130], [157, 158], [157, 163], [186, 187]], "missing_branches": [[57, 58], [63, 69], [66, 69], [186, 189]], "functions": {"_load_crime_data_parquet": {"executed_lines": [57, 60, 63, 64, 65, 66, 67, 69, 70, 72], "summary": {"covered_lines": 10, "num_statements": 11, "percent_covered": 80.95238095238095, "percent_covered_display": "80.95", "missing_lines": 1, "excluded_lines": 0, "percent_statements_covered": 90.9090909090909, "percent_statements_covered_display": "90.91", "num_branches": 10, "num_partial_branches": 3, "covered_branches": 7, "missing_branches": 3, "percent_branches_covered": 70.0, "percent_branches_covered_display": "70.00"}, "missing_lines": [58], "excluded_lines": [], "start_line": 42, "executed_branches": [[57, 60], [63, 64], [64, 65], [64, 66], [66, 67], [69, 70], [69, 72]], "missing_branches": [[57, 58], [63, 69], [66, 69]]}, "load_crime_data": {"executed_lines": [97], "summary": {"covered_lines": 1, "num_statements": 1, "percent_covered": 100.0, "percent_covered_display": "100.00", "missing_lines": 0, "excluded_lines": 0, "percent_statements_covered": 100.0, "percent_statements_covered_display": "100.00", "num_branches": 0, "num_partial_branches": 0, "covered_branches": 0, "missing_branches": 0, "percent_branches_covered": 100.0, "percent_branches_covered_display": "100.00"}, "missing_lines": [], "excluded_lines": [], "start_line": 75, "executed_branches": [], "missing_branches": []}, "_load_boundaries_geojson": {"executed_lines": [114, 115, 117, 122, 123, 125, 127, 128, 130], "summary": {"covered_lines": 9, "num_statements": 9, "percent_covered": 100.0, "percent_covered_display": "100.00", "missing_lines": 0, "excluded_lines": 0, "percent_statements_covered": 100.0, "percent_statements_covered_display": "100.00", "num_branches": 4, "num_partial_branches": 0, "covered_branches": 4, "missing_branches": 0, "percent_branches_covered": 100.0, "percent_branches_covered_display": "100.00"}, "missing_lines": [], "excluded_lines": [], "start_line": 101, "executed_branches": [[122, 123], [122, 125], [127, 128], [127, 130]], "missing_branches": []}, "load_boundaries": {"executed_lines": [157, 158, 163, 164], "summary": {"covered_lines": 4, "num_statements": 4, "percent_covered": 100.0, "percent_covered_display": "100.00", "missing_lines": 0, "excluded_lines": 0, "percent_statements_covered": 100.0, "percent_statements_covered_display": "100.00", "num_branches": 2, "num_partial_branches": 0, "covered_branches": 2, "missing_branches": 0, "percent_branches_covered": 100.0, "percent_branches_covered_display": "100.00"}, "missing_lines": [], "excluded_lines": [], "start_line": 133, "executed_branches": [[157, 158], [157, 163]], "missing_branches": []}, "_load_external_data_csv": {"executed_lines": [182, 183, 184, 186, 187], "summary": {"covered_lines": 5, "num_statements": 6, "percent_covered": 75.0, "percent_covered_display": "75.00", "missing_lines": 1, "excluded_lines": 0, "percent_statements_covered": 83.33333333333333, "percent_statements_covered_display": "83.33", "num_branches": 2, "num_partial_branches": 1, "covered_branches": 1, "missing_branches": 1, "percent_branches_covered": 50.0, "percent_branches_covered_display": "50.00"}, "missing_lines": [189], "excluded_lines": [], "start_line": 170, "executed_branches": [[186, 187]], "missing_branches": [[186, 189]]}, "load_external_data": {"executed_lines": [212, 214], "summary": {"covered_lines": 2, "num_statements": 3, "percent_covered": 66.66666666666667, "percent_covered_display": "66.67", "missing_lines": 1, "excluded_lines": 0, "percent_statements_covered": 66.66666666666667, "percent_statements_covered_display": "66.67", "num_branches": 0, "num_partial_branches": 0, "covered_branches": 0, "missing_branches": 0, "percent_branches_covered": 100.0, "percent_branches_covered_display": "100.00"}, "missing_lines": [215], "excluded_lines": [], "start_line": 192, "executed_branches": [], "missing_branches": []}, "": {"executed_lines": [19, 21, 22, 24, 26, 28, 31, 32, 34, 41, 42, 75, 100, 101, 133, 169, 170, 192, 218], "summary": {"covered_lines": 19, "num_statements": 21, "percent_covered": 90.47619047619048, "percent_covered_display": "90.48", "missing_lines": 2, "excluded_lines": 2, "percent_statements_covered": 90.47619047619048, "percent_statements_covered_display": "90.48", "num_branches": 0, "num_partial_branches": 0, "covered_branches": 0, "missing_branches": 0, "percent_branches_covered": 100.0, "percent_branches_covered_display": "100.00"}, "missing_lines": [35, 36], "excluded_lines": [37, 38], "start_line": 1, "executed_branches": [], "missing_branches": []}}, "classes": {"": {"executed_lines": [19, 21, 22, 24, 26, 28, 31, 32, 34, 41, 42, 57, 60, 63, 64, 65, 66, 67, 69, 70, 72, 75, 97, 100, 101, 114, 115, 117, 122, 123, 125, 127, 128, 130, 133, 157, 158, 163, 164, 169, 170, 182, 183, 184, 186, 187, 192, 212, 214, 218], "summary": {"covered_lines": 50, "num_statements": 55, "percent_covered": 87.67123287671232, "percent_covered_display": "87.67", "missing_lines": 5, "excluded_lines": 2, "percent_statements_covered": 90.9090909090909, "percent_statements_covered_display": "90.91", "num_branches": 18, "num_partial_branches": 4, "covered_branches": 14, "missing_branches": 4, "percent_branches_covered": 77.77777777777777, "percent_branches_covered_display": "77.78"}, "missing_lines": [35, 36, 58, 189, 215], "excluded_lines": [37, 38], "start_line": 1, "executed_branches": [[57, 60], [63, 64], [64, 65], [64, 66], [66, 67], [69, 70], [69, 72], [122, 123], [122, 125], [127, 128], [127, 130], [157, 158], [157, 163], [186, 187]], "missing_branches": [[57, 58], [63, 69], [66, 69], [186, 189]]}}}, "analysis/data/preprocessing.py": {"executed_lines": [16, 18, 20, 22, 25, 54, 56, 57, 59, 60, 62, 63, 65, 68, 110, 111, 112, 113, 116, 119, 120, 122, 125, 147, 150], "summary": {"covered_lines": 25, "num_statements": 25, "percent_covered": 100.0, "percent_covered_display": "100.00", "missing_lines": 0, "excluded_lines": 0, "percent_statements_covered": 100.0, "percent_statements_covered_display": "100.00", "num_branches": 10, "num_partial_branches": 0, "covered_branches": 10, "missing_branches": 0, "percent_branches_covered": 100.0, "percent_branches_covered_display": "100.00"}, "missing_lines": [], "excluded_lines": [], "executed_branches": [[56, 57], [56, 59], [59, 60], [59, 62], [62, 63], [62, 65], [110, 111], [110, 112], [112, 113], [112, 116]], "missing_branches": [], "functions": {"filter_by_date_range": {"executed_lines": [54, 56, 57, 59, 60, 62, 63, 65], "summary": {"covered_lines": 8, "num_statements": 8, "percent_covered": 100.0, "percent_covered_display": "100.00", "missing_lines": 0, "excluded_lines": 0, "percent_statements_covered": 100.0, "percent_statements_covered_display": "100.00", "num_branches": 6, "num_partial_branches": 0, "covered_branches": 6, "missing_branches": 0, "percent_branches_covered": 100.0, "percent_branches_covered_display": "100.00"}, "missing_lines": [], "excluded_lines": [], "start_line": 25, "executed_branches": [[56, 57], [56, 59], [59, 60], [59, 62], [62, 63], [62, 65]], "missing_branches": []}, "aggregate_by_period": {"executed_lines": [110, 111, 112, 113, 116, 119, 120, 122], "summary": {"covered_lines": 8, "num_statements": 8, "percent_covered": 100.0, "percent_covered_display": "100.00", "missing_lines": 0, "excluded_lines": 0, "percent_statements_covered": 100.0, "percent_statements_covered_display": "100.00", "num_branches": 4, "num_partial_branches": 0, "covered_branches": 4, "missing_branches": 0, "percent_branches_covered": 100.0, "percent_branches_covered_display": "100.00"}, "missing_lines": [], "excluded_lines": [], "start_line": 68, "executed_branches": [[110, 111], [110, 112], [112, 113], [112, 116]], "missing_branches": []}, "add_temporal_features": {"executed_lines": [147], "summary": {"covered_lines": 1, "num_statements": 1, "percent_covered": 100.0, "percent_covered_display": "100.00", "missing_lines": 0, "excluded_lines": 0, "percent_statements_covered": 100.0, "percent_statements_covered_display": "100.00", "num_branches": 0, "num_partial_branches": 0, "covered_branches": 0, "missing_branches": 0, "percent_branches_covered": 100.0, "percent_branches_covered_display": "100.00"}, "missing_lines": [], "excluded_lines": [], "start_line": 125, "executed_branches": [], "missing_branches": []}, "": {"executed_lines": [16, 18, 20, 22, 25, 68, 125, 150], "summary": {"covered_lines": 8, "num_statements": 8, "percent_covered": 100.0, "percent_covered_display": "100.00", "missing_lines": 0, "excluded_lines": 0, "percent_statements_covered": 100.0, "percent_statements_covered_display": "100.00", "num_branches": 0, "num_partial_branches": 0, "covered_branches": 0, "missing_branches": 0, "percent_branches_covered": 100.0, "percent_branches_covered_display": "100.00"}, "missing_lines": [], "excluded_lines": [], "start_line": 1, "executed_branches": [], "missing_branches": []}}, "classes": {"": {"executed_lines": [16, 18, 20, 22, 25, 54, 56, 57, 59, 60, 62, 63, 65, 68, 110, 111, 112, 113, 116, 119, 120, 122, 125, 147, 150], "summary": {"covered_lines": 25, "num_statements": 25, "percent_covered": 100.0, "percent_covered_display": "100.00", "missing_lines": 0, "excluded_lines": 0, "percent_statements_covered": 100.0, "percent_statements_covered_display": "100.00", "num_branches": 10, "num_partial_branches": 0, "covered_branches": 10, "missing_branches": 0, "percent_branches_covered": 100.0, "percent_branches_covered_display": "100.00"}, "missing_lines": [], "excluded_lines": [], "start_line": 1, "executed_branches": [[56, 57], [56, 59], [59, 60], [59, 62], [62, 63], [62, 65], [110, 111], [110, 112], [112, 113], [112, 116]], "missing_branches": []}}}, "analysis/data/validation.py": {"executed_lines": [18, 20, 22, 23, 26, 27, 28, 29, 32, 58, 59, 60, 61, 62, 65, 68, 69, 71, 72, 73, 85, 87, 89, 90, 91, 103, 105, 106, 109, 136, 137, 140, 141, 143, 144, 148, 149, 150, 152, 154, 155, 157, 158, 159, 163, 164, 168, 170, 172, 175, 206, 209, 210, 211, 212, 215, 216, 218, 227, 230], "summary": {"covered_lines": 60, "num_statements": 65, "percent_covered": 90.80459770114942, "percent_covered_display": "90.80", "missing_lines": 5, "excluded_lines": 0, "percent_statements_covered": 92.3076923076923, "percent_statements_covered_display": "92.31", "num_branches": 22, "num_partial_branches": 3, "covered_branches": 19, "missing_branches": 3, "percent_branches_covered": 86.36363636363636, "percent_branches_covered_display": "86.36"}, "missing_lines": [86, 156, 160, 161, 169], "excluded_lines": [], "executed_branches": [[85, 87], [103, 105], [103, 106], [136, 137], [136, 140], [140, 141], [140, 143], [149, 150], [149, 163], [154, 155], [154, 157], [155, 154], [163, 164], [163, 172], [168, 170], [209, 210], [209, 211], [211, 212], [211, 215]], "missing_branches": [[85, 86], [155, 156], [168, 169]], "functions": {"CrimeIncidentValidator.validate_ucr_code": {"executed_lines": [85, 87], "summary": {"covered_lines": 2, "num_statements": 3, "percent_covered": 60.0, "percent_covered_display": "60.00", "missing_lines": 1, "excluded_lines": 0, "percent_statements_covered": 66.66666666666667, "percent_statements_covered_display": "66.67", "num_branches": 2, "num_partial_branches": 1, "covered_branches": 1, "missing_branches": 1, "percent_branches_covered": 50.0, "percent_branches_covered_display": "50.00"}, "missing_lines": [86], "excluded_lines": [], "start_line": 73, "executed_branches": [[85, 87]], "missing_branches": [[85, 86]]}, "CrimeIncidentValidator.validate_philly_coords": {"executed_lines": [103, 105, 106], "summary": {"covered_lines": 3, "num_statements": 3, "percent_covered": 100.0, "percent_covered_display": "100.00", "missing_lines": 0, "excluded_lines": 0, "percent_statements_covered": 100.0, "percent_statements_covered_display": "100.00", "num_branches": 2, "num_partial_branches": 0, "covered_branches": 2, "missing_branches": 0, "percent_branches_covered": 100.0, "percent_branches_covered_display": "100.00"}, "missing_lines": [], "excluded_lines": [], "start_line": 91, "executed_branches": [[103, 105], [103, 106]], "missing_branches": []}, "validate_crime_data": {"executed_lines": [136, 137, 140, 141, 143, 144, 148, 149, 150, 152, 154, 155, 157, 158, 159, 163, 164, 168, 170, 172], "summary": {"covered_lines": 20, "num_statements": 24, "percent_covered": 84.21052631578948, "percent_covered_display": "84.21", "missing_lines": 4, "excluded_lines": 0, "percent_statements_covered": 83.33333333333333, "percent_statements_covered_display": "83.33", "num_branches": 14, "num_partial_branches": 2, "covered_branches": 12, "missing_branches": 2, "percent_branches_covered": 85.71428571428571, "percent_branches_covered_display": "85.71"}, "missing_lines": [156, 160, 161, 169], "excluded_lines": [], "start_line": 109, "executed_branches": [[136, 137], [136, 140], [140, 141], [140, 143], [149, 150], [149, 163], [154, 155], [154, 157], [155, 154], [163, 164], [163, 172], [168, 170]], "missing_branches": [[1
[...]
d_branches": [], "missing_branches": []}}, "classes": {"": {"executed_lines": [3, 5, 6, 7, 8, 10, 11, 31, 32, 35, 36, 37, 38, 39, 42, 43, 46, 47, 48, 52, 53, 54, 60, 62, 63, 65, 66, 67, 68, 69, 70, 71, 72, 73, 75, 76, 79, 81, 82, 83, 86, 88, 91, 93, 94, 95], "summary": {"covered_lines": 46, "num_statements": 46, "percent_covered": 100.0, "percent_covered_display": "100.00", "missing_lines": 0, "excluded_lines": 0, "percent_statements_covered": 100.0, "percent_statements_covered_display": "100.00", "num_branches": 14, "num_partial_branches": 0, "covered_branches": 14, "missing_branches": 0, "percent_branches_covered": 100.0, "percent_branches_covered_display": "100.00"}, "missing_lines": [], "excluded_lines": [], "start_line": 1, "executed_branches": [[36, 37], [36, 38], [47, 48], [47, 52], [53, -46], [53, 54], [66, 67], [66, 72], [67, 68], [67, 69], [70, 66], [70, 71], [81, 82], [81, 83]], "missing_branches": []}}}, "pipeline/export_data.py": {"executed_lines": [3, 5, 6, 7, 8, 9, 11, 13, 14, 15, 16, 17, 19, 20, 22, 26, 27, 29, 33, 34, 36, 40, 43, 44, 45, 46, 47, 48, 49, 50, 53, 54, 57, 58, 59, 60, 61, 62, 63, 64, 65, 68, 69, 72, 73, 76, 77, 78, 81, 82, 83, 84, 86, 89, 91, 96, 98, 99, 103, 105, 115, 118, 119, 120, 121, 123, 124, 125, 127, 132, 134, 135, 138, 141, 142, 143, 146, 147, 148, 149, 151, 152, 156, 159, 161, 162, 163, 169, 170, 171, 173, 174, 175, 178, 179, 184, 186, 189, 193, 194, 195, 196, 197, 199, 200, 202, 203, 205, 216, 217, 218, 219, 221, 222, 227, 231, 232, 237, 241, 244, 246, 247, 248, 250, 251, 256, 257, 258, 261, 262, 263, 264, 265, 266, 267, 268, 295, 297, 298, 299, 301, 302, 303, 304, 305, 306, 320, 323, 324, 325, 326, 327, 330, 338, 341, 343, 344, 345, 346, 347, 349, 350, 351, 353, 354, 356, 357, 358, 359, 360, 361, 363, 366, 367, 371, 372], "summary": {"covered_lines": 176, "num_statements": 197, "percent_covered": 85.65022421524664, "percent_covered_display": "85.65", "missing_lines": 21, "excluded_lines": 2, "percent_statements_covered": 89.34010152284264, "percent_statements_covered_display": "89.34", "num_branches": 26, "num_partial_branches": 9, "covered_branches": 15, "missing_branches": 11, "percent_branches_covered": 57.69230769230769, "percent_branches_covered_display": "57.69"}, "missing_lines": [23, 24, 30, 31, 37, 38, 67, 144, 185, 253, 274, 275, 276, 277, 278, 279, 280, 281, 289, 313, 329], "excluded_lines": [375, 376], "executed_branches": [[59, 60], [59, 69], [61, 62], [61, 68], [62, 63], [62, 64], [64, 65], [143, 146], [178, 179], [184, 186], [247, 248], [261, 262], [301, 302], [326, 327], [350, 351]], "missing_branches": [[64, 67], [143, 144], [178, 195], [184, 185], [247, 253], [261, 274], [278, 279], [278, 289], [301, 313], [326, 329], [350, 356]], "functions": {"_ensure_dir": {"executed_lines": [54], "summary": {"covered_lines": 1, "num_statements": 1, "percent_covered": 100.0, "percent_covered_display": "100.00", "missing_lines": 0, "excluded_lines": 0, "percent_statements_covered": 100.0, "percent_statements_covered_display": "100.00", "num_branches": 0, "num_partial_branches": 0, "covered_branches": 0, "missing_branches": 0, "percent_branches_covered": 100.0, "percent_branches_covered_display": "100.00"}, "missing_lines": [], "excluded_lines": [], "start_line": 53, "executed_branches": [], "missing_branches": []}, "_to_records": {"executed_lines": [58, 59, 60, 61, 62, 63, 64, 65, 68, 69], "summary": {"covered_lines": 10, "num_statements": 11, "percent_covered": 89.47368421052632, "percent_covered_display": "89.47", "missing_lines": 1, "excluded_lines": 0, "percent_statements_covered": 90.9090909090909, "percent_statements_covered_display": "90.91", "num_branches": 8, "num_partial_branches": 1, "covered_branches": 7, "missing_branches": 1, "percent_branches_covered": 87.5, "percent_branches_covered_display": "87.50"}, "missing_lines": [67], "excluded_lines": [], "start_line": 57, "executed_branches": [[59, 60], [59, 69], [61, 62], [61, 68], [62, 63], [62, 64], [64, 65]], "missing_branches": [[64, 67]]}, "_write_json": {"executed_lines": [73], "summary": {"covered_lines": 1, "num_statements": 1, "percent_covered": 100.0, "percent_covered_display": "100.00", "missing_lines": 0, "excluded_lines": 0, "percent_statements_covered": 100.0, "percent_statements_covered_display": "100.00", "num_branches": 0, "num_partial_branches": 0, "covered_branches": 0, "missing_branches": 0, "percent_branches_covered": 100.0, "percent_branches_covered_display": "100.00"}, "missing_lines": [], "excluded_lines": [], "start_line": 72, "executed_branches": [], "missing_branches": []}, "_group_size_to_records_frame": {"executed_lines": [77, 78], "summary": {"covered_lines": 2, "num_statements": 2, "percent_covered": 100.0, "percent_covered_display": "100.00", "missing_lines": 0, "excluded_lines": 0, "percent_statements_covered": 100.0, "percent_statements_covered_display": "100.00", "num_branches": 0, "num_partial_branches": 0, "covered_branches": 0, "missing_branches": 0, "percent_branches_covered": 100.0, "percent_branches_covered_display": "100.00"}, "missing_lines": [], "excluded_lines": [], "start_line": 76, "executed_branches": [], "missing_branches": []}, "_export_trends": {"executed_lines": [82, 83, 84, 86, 89, 91, 96, 98, 99, 103, 105, 115], "summary": {"covered_lines": 12, "num_statements": 12, "percent_covered": 100.0, "percent_covered_display": "100.00", "missing_lines": 0, "excluded_lines": 0, "percent_statements_covered": 100.0, "percent_statements_covered_display": "100.00", "num_branches": 0, "num_partial_branches": 0, "covered_branches": 0, "missing_branches": 0, "percent_branches_covered": 100.0, "percent_branches_covered_display": "100.00"}, "missing_lines": [], "excluded_lines": [], "start_line": 81, "executed_branches": [], "missing_branches": []}, "_export_seasonality": {"executed_lines": [119, 120, 121, 123, 124, 125, 127, 132, 134, 135, 138], "summary": {"covered_lines": 11, "num_statements": 11, "percent_covered": 100.0, "percent_covered_display": "100.00", "missing_lines": 0, "excluded_lines": 0, "percent_statements_covered": 100.0, "percent_statements_covered_display": "100.00", "num_branches": 0, "num_partial_branches": 0, "covered_branches": 0, "missing_branches": 0, "percent_branches_covered": 100.0, "percent_branches_covered_display": "100.00"}, "missing_lines": [], "excluded_lines": [], "start_line": 118, "executed_branches": [], "missing_branches": []}, "_export_spatial": {"executed_lines": [142, 143, 146, 147, 148, 149, 151, 152, 156, 159, 161, 162, 163, 169, 170, 171, 173, 174, 175, 178, 179, 184, 186, 189, 193, 194, 195, 196, 197, 199, 200, 202, 203, 205], "summary": {"covered_lines": 34, "num_statements": 36, "percent_covered": 88.0952380952381, "percent_covered_display": "88.10", "missing_lines": 2, "excluded_lines": 0, "percent_statements_covered": 94.44444444444444, "percent_statements_covered_display": "94.44", "num_branches": 6, "num_partial_branches": 3, "covered_branches": 3, "missing_branches": 3, "percent_branches_covered": 50.0, "percent_branches_covered_display": "50.00"}, "missing_lines": [144, 185], "excluded_lines": [], "start_line": 141, "executed_branches": [[143, 146], [178, 179], [184, 186]], "missing_branches": [[143, 144], [178, 195], [184, 185]]}, "_export_policy": {"executed_lines": [217, 218, 219, 221, 222, 227, 231, 232, 237, 241, 244, 246, 247, 248, 250, 251], "summary": {"covered_lines": 16, "num_statements": 17, "percent_covered": 89.47368421052632, "percent_covered_display": "89.47", "missing_lines": 1, "excluded_lines": 0, "percent_statements_covered": 94.11764705882354, "percent_statements_covered_display": "94.12", "num_branches": 2, "num_partial_branches": 1, "covered_branches": 1, "missing_branches": 1, "percent_branches_covered": 50.0, "percent_branches_covered_display": "50.00"}, "missing_lines": [253], "excluded_lines": [], "start_line": 216, "executed_branches": [[247, 248]], "missing_branches": [[247, 253]]}, "_export_forecasting": {"executed_lines": [257, 258, 261, 262, 263, 264, 265, 266, 267, 268, 295, 297, 298, 299, 301, 302, 303, 304, 305, 306, 320], "summary": {"covered_lines": 21, "num_statements": 31, "percent_covered": 62.16216216216216, "percent_covered_display": "62.16", "missing_lines": 10, "excluded_lines": 0, "percent_statements_covered": 67.74193548387096, "percent_statements_covered_display": "67.74", "num_branches": 6, "num_partial_branches": 2, "covered_branches": 2, "missing_branches": 4, "percent_branches_covered": 33.333333333333336, "percent_branches_covered_display": "33.33"}, "missing_lines": [274, 275, 276, 277, 278, 279, 280, 281, 289, 313], "excluded_lines": [], "start_line": 256, "executed_branches": [[261, 262], [301, 302]], "missing_branches": [[261, 274], [278, 279], [278, 289], [301, 313]]}, "_export_metadata": {"executed_lines": [324, 325, 326, 327, 330, 338], "summary": {"covered_lines": 6, "num_statements": 7, "percent_covered": 77.77777777777777, "percent_covered_display": "77.78", "missing_lines": 1, "excluded_lines": 0, "percent_statements_covered": 85.71428571428571, "percent_statements_covered_display": "85.71", "num_branches": 2, "num_partial_branches": 1, "covered_branches": 1, "missing_branches": 1, "percent_branches_covered": 50.0, "percent_branches_covered_display": "50.00"}, "missing_lines": [329], "excluded_lines": [], "start_line": 323, "executed_branches": [[326, 327]], "missing_branches": [[326, 329]]}, "export_all": {"executed_lines": [343, 344, 345, 346, 347, 349, 350, 351, 353, 354, 356, 357, 358, 359, 360, 361, 363], "summary": {"covered_lines": 17, "num_statements": 17, "percent_covered": 94.73684210526316, "percent_covered_display": "94.74", "missing_lines": 0, "excluded_lines": 0, "percent_statements_covered": 100.0, "percent_statements_covered_display": "100.00", "num_branches": 2, "num_partial_branches": 1, "covered_branches": 1, "missing_branches": 1, "percent_branches_covered": 50.0, "percent_branches_covered_display": "50.00"}, "missing_lines": [], "excluded_lines": [], "start_line": 341, "executed_branches": [[350, 351]], "missing_branches": [[350, 356]]}, "run": {"executed_lines": [371, 372], "summary": {"covered_lines": 2, "num_statements": 2, "percent_covered": 100.0, "percent_covered_display": "100.00", "missing_lines": 0, "excluded_lines": 0, "percent_statements_covered": 100.0, "percent_statements_covered_display": "100.00", "num_branches": 0, "num_partial_branches": 0, "covered_branches": 0, "missing_branches": 0, "percent_branches_covered": 100.0, "percent_branches_covered_display": "100.00"}, "missing_lines": [], "excluded_lines": [], "start_line": 367, "executed_branches": [], "missing_branches": []}, "": {"executed_lines": [3, 5, 6, 7, 8, 9, 11, 13, 14, 15, 16, 17, 19, 20, 22, 26, 27, 29, 33, 34, 36, 40, 43, 44, 45, 46, 47, 48, 49, 50, 53, 57, 72, 76, 81, 118, 141, 216, 256, 323, 341, 366, 367], "summary": {"covered_lines": 43, "num_statements": 49, "percent_covered": 87.75510204081633, "percent_covered_display": "87.76", "missing_lines": 6, "excluded_lines": 2, "percent_statements_covered": 87.75510204081633, "percent_statements_covered_display": "87.76", "num_branches": 0, "num_partial_branches": 0, "covered_branches": 0, "missing_branches": 0, "percent_branches_covered": 100.0, "percent_branches_covered_display": "100.00"}, "missing_lines": [23, 24, 30, 31, 37, 38], "excluded_lines": [375, 376], "start_line": 1, "executed_branches": [], "missing_branches": []}}, "classes": {"ExportMetadata": {"executed_lines": [], "summary": {"covered_lines": 0, "num_statements": 0, "percent_covered": 100.0, "percent_covered_display": "100.00", "missing_lines": 0, "excluded_lines": 0, "percent_statements_covered": 100.0, "percent_statements_covered_display": "100.00", "num_branches": 0, "num_partial_branches": 0, "covered_branches": 0, "missing_branches": 0, "percent_branches_covered": 100.0, "percent_branches_covered_display": "100.00"}, "missing_lines": [], "excluded_lines": [], "start_line": 44, "executed_branches": [], "missing_branches": []}, "": {"executed_lines": [3, 5, 6, 7, 8, 9, 11, 13, 14, 15, 16, 17, 19, 20, 22, 26, 27, 29, 33, 34, 36, 40, 43, 44, 45, 46, 47, 48, 49, 50, 53, 54, 57, 58, 59, 60, 61, 62, 63, 64, 65, 68, 69, 72, 73, 76, 77, 78, 81, 82, 83, 84, 86, 89, 91, 96, 98, 99, 103, 105, 115, 118, 119, 120, 121, 123, 124, 125, 127, 132, 134, 135, 138, 141, 142, 143, 146, 147, 148, 149, 151, 152, 156, 159, 161, 162, 163, 169, 170, 171, 173, 174, 175, 178, 179, 184, 186, 189, 193, 194, 195, 196, 197, 199, 200, 202, 203, 205, 216, 217, 218, 219, 221, 222, 227, 231, 232, 237, 241, 244, 246, 247, 248, 250, 251, 256, 257, 258, 261, 262, 263, 264, 265, 266, 267, 268, 295, 297, 298, 299, 301, 302, 303, 304, 305, 306, 320, 323, 324, 325, 326, 327, 330, 338, 341, 343, 344, 345, 346, 347, 349, 350, 351, 353, 354, 356, 357, 358, 359, 360, 361, 363, 366, 367, 371, 372], "summary": {"covered_lines": 176, "num_statements": 197, "percent_covered": 85.65022421524664, "percent_covered_display": "85.65", "missing_lines": 21, "excluded_lines": 2, "percent_statements_covered": 89.34010152284264, "percent_statements_covered_display": "89.34", "num_branches": 26, "num_partial_branches": 9, "covered_branches": 15, "missing_branches": 11, "percent_branches_covered": 57.69230769230769, "percent_branches_covered_display": "57.69"}, "missing_lines": [23, 24, 30, 31, 37, 38, 67, 144, 185, 253, 274, 275, 276, 277, 278, 279, 280, 281, 289, 313, 329], "excluded_lines": [375, 376], "start_line": 1, "executed_branches": [[59, 60], [59, 69], [61, 62], [61, 68], [62, 63], [62, 64], [64, 65], [143, 146], [178, 179], [184, 186], [247, 248], [261, 262], [301, 302], [326, 327], [350, 351]], "missing_branches": [[64, 67], [143, 144], [178, 195], [184, 185], [247, 253], [261, 274], [278, 279], [278, 289], [301, 313], [326, 329], [350, 356]]}}}, "pipeline/refresh_data.py": {"executed_lines": [3, 5, 6, 7, 8, 9, 11, 13, 15, 17, 38, 39, 42, 47, 48, 49, 53, 54, 62, 65, 66, 69, 70, 74, 91, 92, 104, 105, 106, 108], "summary": {"covered_lines": 30, "num_statements": 52, "percent_covered": 51.470588235294116, "percent_covered_display": "51.47", "missing_lines": 22, "excluded_lines": 2, "percent_statements_covered": 57.69230769230769, "percent_statements_covered_display": "57.69", "num_branches": 16, "num_partial_branches": 5, "covered_branches": 5, "missing_branches": 11, "percent_branches_covered": 31.25, "percent_branches_covered_display": "31.25"}, "missing_lines": [43, 44, 50, 51, 63, 67, 71, 75, 76, 77, 78, 80, 81, 82, 83, 84, 85, 86, 87, 88, 109, 110], "excluded_lines": [113, 114], "executed_branches": [[49, 53], [62, 65], [66, 69], [70, -47], [108, -91]], "missing_branches": [[49, 50], [62, 63], [66, 67], [70, 71], [81, 82], [81, 86], [84, 81], [84, 85], [86, -74], [86, 87], [108, 109]], "functions": {"_load_json": {"executed_lines": [39], "summary": {"covered_lines": 1, "num_statements": 1, "percent_covered": 100.0, "percent_covered_display": "100.00", "missing_lines": 0, "excluded_lines": 0, "percent_statements_covered": 100.0, "percent_statements_covered_display": "100.00", "num_branches": 0, "num_partial_branches": 0, "covered_branches": 0, "missing_branches": 0, "percent_branches_covered": 100.0, "percent_branches_covered_display": "100.00"}, "missing_lines": [], "excluded_lines": [], "start_line": 38, "executed_branches": [], "missing_branches": []}, "_canonical_json": {"executed_lines": [], "summary": {"covered_lines": 0, "num_statements": 2, "percent_covered": 0.0, "percent_covered_display": "0.00", "missing_lines": 2, "excluded_lines": 0, "percent_statements_covered": 0.0, "percent_statements_covered_display": "0.00", "num_branches": 0, "num_partial_branches": 0, "covered_branches": 0, "missing_branches": 0, "percent_branches_covered": 100.0, "percent_branches_covered_display": "100.00"}, "missing_lines": [43, 44], "excluded_lines": [], "start_line": 42, "executed_branches": [], "missing_branches": []}, "_validate_artifacts": {"executed_lines": [48, 49, 53, 54, 62, 65, 66, 69, 70], "summary": {"covered_lines": 9, "num_statements": 14, "percent_covered": 59.09090909090909, "percent_covered_display": "59.09", "missing_lines": 5, "excluded_lines": 0, "percent_statements_covered": 64.28571428571429, "percent_statements_covered_display": "64.29", "num_branches": 8, "num_partial_branches": 4, "covered_branches": 4, "missing_branches": 4, "percent_branches_covered": 50.0, "percent_branches_covered_display": "50.00"}, "missing_lines": [50, 51, 63, 67, 71], "excluded_lines": [], "start_line": 47, "executed_branches": [[49, 53], [62, 65], [66, 69], [70, -47]], "missing_branches": [[49, 50], [62, 63], [66, 67], [70, 71]]}, "_assert_reproducible": {"executed_lines": [], "summary": {"covered_lines": 0, "num_statements": 13, "percent_covered": 0.0, "percent_covered_display": "0.00", "missing_lines": 13, "excluded_lines": 0, "percent_statements_covered": 0.0, "percent_statements_covered_display": "0.00", "num_branches": 6, "num_partial_branches": 0, "covered_branches": 0, "missing_branches": 6, "percent_branches_covered": 0.0, "percent_branches_covered_display": "0.00"}, "missing_lines": [75, 76, 77, 78, 80, 81, 82, 83, 84, 85, 86, 87, 88], "excluded_lines": [], "start_line": 74, "executed_branches": [], "missing_branches": [[81, 82], [81, 86], [84, 81], [84, 85], [86, -74], [86, 87]]}, "run": {"executed_lines": [104, 105, 106, 108], "summary": {"covered_lines": 4, "num_statements": 6, "percent_covered": 62.5, "percent_covered_display": "62.50", "missing_lines": 2, "excluded_lines": 0, "percent_statements_covered": 66.66666666666667, "percent_statements_covered_display": "66.67", "num_branches": 2, "num_partial_branches": 1, "covered_branches": 1, "missing_branches": 1, "percent_branches_covered": 50.0, "percent_branches_covered_display": "50.00"}, "missing_lines": [109, 110], "excluded_lines": [], "start_line": 92, "executed_branches": [[108, -91]], "missing_branches": [[108, 109]]}, "": {"executed_lines": [3, 5, 6, 7, 8, 9, 11, 13, 15, 17, 38, 42, 47, 74, 91, 92], "summary": {"covered_lines": 16, "num_statements": 16, "percent_covered": 100.0, "percent_covered_display": "100.00", "missing_lines": 0, "excluded_lines": 2, "percent_statements_covered": 100.0, "percent_statements_covered_display": "100.00", "num_branches": 0, "num_partial_branches": 0, "covered_branches": 0, "missing_branches": 0, "percent_branches_covered": 100.0, "percent_branches_covered_display": "100.00"}, "missing_lines": [], "excluded_lines": [113, 114], "start_line": 1, "executed_branches": [], "missing_branches": []}}, "classes": {"": {"executed_lines": [3, 5, 6, 7, 8, 9, 11, 13, 15, 17, 38, 39, 42, 47, 48, 49, 53, 54, 62, 65, 66, 69, 70, 74, 91, 92, 104, 105, 106, 108], "summary": {"covered_lines": 30, "num_statements": 52, "percent_covered": 51.470588235294116, "percent_covered_display": "51.47", "missing_lines": 22, "excluded_lines": 2, "percent_statements_covered": 57.69230769230769, "percent_statements_covered_display": "57.69", "num_branches": 16, "num_partial_branches": 5, "covered_branches": 5, "missing_branches": 11, "percent_branches_covered": 31.25, "percent_branches_covered_display": "31.25"}, "missing_lines": [43, 44, 50, 51, 63, 67, 71, 75, 76, 77, 78, 80, 81, 82, 83, 84, 85, 86, 87, 88, 109, 110], "excluded_lines": [113, 114], "start_line": 1, "executed_branches": [[49, 53], [62, 65], [66, 69], [70, -47], [108, -91]], "missing_branches": [[49, 50], [62, 63], [66, 67], [70, 71], [81, 82], [81, 86], [84, 81], [84, 85], [86, -74], [86, 87], [108, 109]]}}}}, "totals": {"covered_lines": 2005, "num_statements": 2627, "percent_covered": 72.43278263686427, "percent_covered_display": "72.43", "missing_lines": 622, "excluded_lines": 22, "percent_statements_covered": 76.32280167491434, "percent_statements_covered_display": "76.32", "num_branches": 460, "num_partial_branches": 83, "covered_branches": 231, "missing_branches": 229, "percent_branches_covered": 50.21739130434783, "percent_branches_covered_display": "50.22"}}