{"meta": {"format": 3, "version": "7.13.3", "timestamp": "2026-02-04T07:08:26.559409", "branch_coverage": false, "show_contexts": false}, "files": {"analysis/__init__.py": {"executed_lines": [16, 18, 20, 23, 26, 34, 35, 53], "summary": {"covered_lines": 8, "num_statements": 14, "percent_covered": 57.142857142857146, "percent_covered_display": "57", "missing_lines": 6, "excluded_lines": 0, "percent_statements_covered": 57.142857142857146, "percent_statements_covered_display": "57"}, "missing_lines": [40, 42, 43, 49, 50, 51], "excluded_lines": [], "functions": {"": {"executed_lines": [16, 18, 20, 23, 26, 34, 35, 53], "summary": {"covered_lines": 8, "num_statements": 14, "percent_covered": 57.142857142857146, "percent_covered_display": "57", "missing_lines": 6, "excluded_lines": 0, "percent_statements_covered": 57.142857142857146, "percent_statements_covered_display": "57"}, "missing_lines": [40, 42, 43, 49, 50, 51], "excluded_lines": [], "start_line": 1}}, "classes": {"": {"executed_lines": [16, 18, 20, 23, 26, 34, 35, 53], "summary": {"covered_lines": 8, "num_statements": 14, "percent_covered": 57.142857142857146, "percent_covered_display": "57", "missing_lines": 6, "excluded_lines": 0, "percent_statements_covered": 57.142857142857146, "percent_statements_covered_display": "57"}, "missing_lines": [40, 42, 43, 49, 50, 51], "excluded_lines": [], "start_line": 1}}}, "analysis/artifact_manager.py": {"executed_lines": [], "summary": {"covered_lines": 0, "num_statements": 29, "percent_covered": 0.0, "percent_covered_display": "0", "missing_lines": 29, "excluded_lines": 0, "percent_statements_covered": 0.0, "percent_statements_covered_display": "0"}, "missing_lines": [3, 5, 6, 7, 8, 9, 10, 13, 28, 31, 44, 45, 46, 47, 48, 51, 59, 60, 66, 67, 68, 71, 95, 96, 100, 110, 120, 121, 122], "excluded_lines": [], "functions": {"get_versioned_path": {"executed_lines": [], "summary": {"covered_lines": 0, "num_statements": 1, "percent_covered": 0.0, "percent_covered_display": "0", "missing_lines": 1, "excluded_lines": 0, "percent_statements_covered": 0.0, "percent_statements_covered_display": "0"}, "missing_lines": [28], "excluded_lines": [], "start_line": 13}, "compute_file_hash": {"executed_lines": [], "summary": {"covered_lines": 0, "num_statements": 5, "percent_covered": 0.0, "percent_covered_display": "0", "missing_lines": 5, "excluded_lines": 0, "percent_statements_covered": 0.0, "percent_statements_covered_display": "0"}, "missing_lines": [44, 45, 46, 47, 48], "excluded_lines": [], "start_line": 31}, "get_git_commit": {"executed_lines": [], "summary": {"covered_lines": 0, "num_statements": 5, "percent_covered": 0.0, "percent_covered_display": "0", "missing_lines": 5, "excluded_lines": 0, "percent_statements_covered": 0.0, "percent_statements_covered_display": "0"}, "missing_lines": [59, 60, 66, 67, 68], "excluded_lines": [], "start_line": 51}, "create_version_manifest": {"executed_lines": [], "summary": {"covered_lines": 0, "num_statements": 3, "percent_covered": 0.0, "percent_covered_display": "0", "missing_lines": 3, "excluded_lines": 0, "percent_statements_covered": 0.0, "percent_statements_covered_display": "0"}, "missing_lines": [95, 96, 100], "excluded_lines": [], "start_line": 71}, "save_manifest": {"executed_lines": [], "summary": {"covered_lines": 0, "num_statements": 3, "percent_covered": 0.0, "percent_covered_display": "0", "missing_lines": 3, "excluded_lines": 0, "percent_statements_covered": 0.0, "percent_statements_covered_display": "0"}, "missing_lines": [120, 121, 122], "excluded_lines": [], "start_line": 110}, "": {"executed_lines": [], "summary": {"covered_lines": 0, "num_statements": 12, "percent_covered": 0.0, "percent_covered_display": "0", "missing_lines": 12, "excluded_lines": 0, "percent_statements_covered": 0.0, "percent_statements_covered_display": "0"}, "missing_lines": [3, 5, 6, 7, 8, 9, 10, 13, 31, 51, 71, 110], "excluded_lines": [], "start_line": 1}}, "classes": {"": {"executed_lines": [], "summary": {"covered_lines": 0, "num_statements": 29, "percent_covered": 0.0, "percent_covered_display": "0", "missing_lines": 29, "excluded_lines": 0, "percent_statements_covered": 0.0, "percent_statements_covered_display": "0"}, "missing_lines": [3, 5, 6, 7, 8, 9, 10, 13, 28, 31, 44, 45, 46, 47, 48, 51, 59, 60, 66, 67, 68, 71, 95, 96, 100, 110, 120, 121, 122], "excluded_lines": [], "start_line": 1}}}, "analysis/config.py": {"executed_lines": [3, 6, 8, 9, 11, 18, 19, 20, 21, 26], "summary": {"covered_lines": 10, "num_statements": 10, "percent_covered": 100.0, "percent_covered_display": "100", "missing_lines": 0, "excluded_lines": 0, "percent_statements_covered": 100.0, "percent_statements_covered_display": "100"}, "missing_lines": [], "excluded_lines": [], "functions": {"": {"executed_lines": [3, 6, 8, 9, 11, 18, 19, 20, 21, 26], "summary": {"covered_lines": 10, "num_statements": 10, "percent_covered": 100.0, "percent_covered_display": "100", "missing_lines": 0, "excluded_lines": 0, "percent_statements_covered": 100.0, "percent_statements_covered_display": "100"}, "missing_lines": [], "excluded_lines": [], "start_line": 1}}, "classes": {"": {"executed_lines": [3, 6, 8, 9, 11, 18, 19, 20, 21, 26], "summary": {"covered_lines": 10, "num_statements": 10, "percent_covered": 100.0, "percent_covered_display": "100", "missing_lines": 0, "excluded_lines": 0, "percent_statements_covered": 100.0, "percent_statements_covered_display": "100"}, "missing_lines": [], "excluded_lines": [], "start_line": 1}}}, "analysis/config_loader.py": {"executed_lines": [], "summary": {"covered_lines": 0, "num_statements": 56, "percent_covered": 0.0, "percent_covered_display": "0", "missing_lines": 56, "excluded_lines": 0, "percent_statements_covered": 0.0, "percent_statements_covered_display": "0"}, "missing_lines": [3, 5, 6, 7, 8, 10, 12, 13, 16, 17, 20, 21, 23, 24, 25, 26, 28, 29, 31, 32, 34, 35, 37, 39, 52, 53, 55, 74, 75, 76, 77, 79, 80, 81, 82, 84, 85, 86, 88, 89, 90, 91, 92, 94, 95, 96, 97, 99, 101, 102, 103, 104, 105, 106, 107, 108], "excluded_lines": [], "functions": {"Phase1Config.__post_init__": {"executed_lines": [], "summary": {"covered_lines": 0, "num_statements": 7, "percent_covered": 0.0, "percent_covered_display": "0", "missing_lines": 7, "excluded_lines": 0, "percent_statements_covered": 0.0, "percent_statements_covered_display": "0"}, "missing_lines": [24, 25, 26, 28, 29, 31, 32], "excluded_lines": [], "start_line": 23}, "Phase1Config.version": {"executed_lines": [], "summary": {"covered_lines": 0, "num_statements": 1, "percent_covered": 0.0, "percent_covered_display": "0", "missing_lines": 1, "excluded_lines": 0, "percent_statements_covered": 0.0, "percent_statements_covered_display": "0"}, "missing_lines": [37], "excluded_lines": [], "start_line": 35}, "Phase1Config.get_notebook_params": {"executed_lines": [], "summary": {"covered_lines": 0, "num_statements": 2, "percent_covered": 0.0, "percent_covered_display": "0", "missing_lines": 2, "excluded_lines": 0, "percent_statements_covered": 0.0, "percent_statements_covered_display": "0"}, "missing_lines": [52, 53], "excluded_lines": [], "start_line": 39}, "Phase1Config.get_output_path": {"executed_lines": [], "summary": {"covered_lines": 0, "num_statements": 8, "percent_covered": 0.0, "percent_covered_display": "0", "missing_lines": 8, "excluded_lines": 0, "percent_statements_covered": 0.0, "percent_statements_covered_display": "0"}, "missing_lines": [74, 75, 76, 77, 79, 80, 81, 82], "excluded_lines": [], "start_line": 55}, "Phase1Config._ensure_notebook": {"executed_lines": [], "summary": {"covered_lines": 0, "num_statements": 2, "percent_covered": 0.0, "percent_covered_display": "0", "missing_lines": 2, "excluded_lines": 0, "percent_statements_covered": 0.0, "percent_statements_covered_display": "0"}, "missing_lines": [85, 86], "excluded_lines": [], "start_line": 84}, "Phase1Config._validate": {"executed_lines": [], "summary": {"covered_lines": 0, "num_statements": 9, "percent_covered": 0.0, "percent_covered_display": "0", "missing_lines": 9, "excluded_lines": 0, "percent_statements_covered": 0.0, "percent_statements_covered_display": "0"}, "missing_lines": [89, 90, 91, 92, 94, 95, 96, 97, 99], "excluded_lines": [], "start_line": 88}, "Phase1Config._validate_dates": {"executed_lines": [], "summary": {"covered_lines": 0, "num_statements": 7, "percent_covered": 0.0, "percent_covered_display": "0", "missing_lines": 7, "excluded_lines": 0, "percent_statements_covered": 0.0, "percent_statements_covered_display": "0"}, "missing_lines": [102, 103, 104, 105, 106, 107, 108], "excluded_lines": [], "start_line": 101}, "": {"executed_lines": [], "summary": {"covered_lines": 0, "num_statements": 20, "percent_covered": 0.0, "percent_covered_display": "0", "missing_lines": 20, "excluded_lines": 0, "percent_statements_covered": 0.0, "percent_statements_covered_display": "0"}, "missing_lines": [3, 5, 6, 7, 8, 10, 12, 13, 16, 17, 20, 21, 23, 34, 35, 39, 55, 84, 88, 101], "excluded_lines": [], "start_line": 1}}, "classes": {"Phase1Config": {"executed_lines": [], "summary": {"covered_lines": 0, "num_statements": 36, "percent_covered": 0.0, "percent_covered_display": "0", "missing_lines": 36, "excluded_lines": 0, "percent_statements_covered": 0.0, "percent_statements_covered_display": "0"}, "missing_lines": [24, 25, 26, 28, 29, 31, 32, 37, 52, 53, 74, 75, 76, 77, 79, 80, 81, 82, 85, 86, 89, 90, 91, 92, 94, 95, 96, 97, 99, 102, 103, 104, 105, 106, 107, 108], "excluded_lines": [], "start_line": 17}, "": {"executed_lines": [], "summary": {"covered_lines": 0, "num_statements": 20, "percent_covered": 0.0, "percent_covered_display": "0", "missing_lines": 20, "excluded_lines": 0, "percent_statements_covered": 0.0, "percent_statements_covered_display": "0"}, "missing_lines": [3, 5, 6, 7, 8, 10, 12, 13, 16, 17, 20, 21, 23, 34, 35, 39, 55, 84, 88, 101], "excluded_lines": [], "start_line": 1}}}, "analysis/data/__init__.py": {"executed_lines": [18, 19, 22, 29, 39], "summary": {"covered_lines": 5, "num_statements": 5, "percent_covered": 100.0, "percent_covered_display": "100", "missing_lines": 0, "excluded_lines": 0, "percent_statements_covered": 100.0, "percent_statements_covered_display": "100"}, "missing_lines": [], "excluded_lines": [], "functions": {"": {"executed_lines": [18, 19, 22, 29, 39], "summary": {"covered_lines": 5, "num_statements": 5, "percent_covered": 100.0, "percent_covered_display": "100", "missing_lines": 0, "excluded_lines": 0, "percent_statements_covered": 100.0, "percent_statements_covered_display": "100"}, "missing_lines": [], "excluded_lines": [], "start_line": 1}}, "classes": {"": {"executed_lines": [18, 19, 22, 29, 39], "summary": {"covered_lines": 5, "num_statements": 5, "percent_covered": 100.0, "percent_covered_display": "100", "missing_lines": 0, "excluded_lines": 0, "percent_statements_covered": 100.0, "percent_statements_covered_display": "100"}, "missing_lines": [], "excluded_lines": [], "start_line": 1}}}, "analysis/data/cache.py": {"executed_lines": [12, 13, 15, 18, 21, 24, 27, 39, 41, 42, 43, 46, 49], "summary": {"covered_lines": 13, "num_statements": 15, "percent_covered": 86.66666666666667, "percent_covered_display": "87", "missing_lines": 2, "excluded_lines": 0, "percent_statements_covered": 86.66666666666667, "percent_statements_covered_display": "87"}, "missing_lines": [44, 45], "excluded_lines": [], "functions": {"clear_cache": {"executed_lines": [39, 41, 42, 43, 46], "summary": {"covered_lines": 5, "num_statements": 7, "percent_covered": 71.42857142857143, "percent_covered_display": "71", "missing_lines": 2, "excluded_lines": 0, "percent_statements_covered": 71.42857142857143, "percent_statements_covered_display": "71"}, "missing_lines": [44, 45], "excluded_lines": [], "start_line": 27}, "": {"executed_lines": [12, 13, 15, 18, 21, 24, 27, 49], "summary": {"covered_lines": 8, "num_statements": 8, "percent_covered": 100.0, "percent_covered_display": "100", "missing_lines": 0, "excluded_lines": 0, "percent_statements_covered": 100.0, "percent_statements_covered_display": "100"}, "missing_lines": [], "excluded_lines": [], "start_line": 1}}, "classes": {"": {"executed_lines": [12, 13, 15, 18, 21, 24, 27, 39, 41, 42, 43, 46, 49], "summary": {"covered_lines": 13, "num_statements": 15, "percent_covered": 86.66666666666667, "percent_covered_display": "87", "missing_lines": 2, "excluded_lines": 0, "percent_statements_covered": 86.66666666666667, "percent_statements_covered_display": "87"}, "missing_lines": [44, 45], "excluded_lines": [], "start_line": 1}}}, "analysis/data/loading.py": {"executed_lines": [14, 16, 17, 19, 21, 23, 26, 27, 29, 36, 37, 52, 55, 58, 59, 60, 64, 65, 67, 70, 92, 95, 96, 109, 110, 112, 117, 118, 122, 124, 127, 130, 154, 155, 160, 161, 166, 167, 179, 180, 181, 183, 184, 189, 209, 211, 215], "summary": {"covered_lines": 47, "num_statements": 55, "percent_covered": 85.45454545454545, "percent_covered_display": "85", "missing_lines": 8, "excluded_lines": 2, "percent_statements_covered": 85.45454545454545, "percent_statements_covered_display": "85"}, "missing_lines": [30, 31, 53, 61, 62, 125, 186, 212], "excluded_lines": [32, 33], "functions": {"_load_crime_data_parquet": {"executed_lines": [52, 55, 58, 59, 60, 64, 65, 67], "summary": {"covered_lines": 8, "num_statements": 11, "percent_covered": 72.72727272727273, "percent_covered_display": "73", "missing_lines": 3, "excluded_lines": 0, "percent_statements_covered": 72.72727272727273, "percent_statements_covered_display": "73"}, "missing_lines": [53, 61, 62], "excluded_lines": [], "start_line": 37}, "load_crime_data": {"executed_lines": [92], "summary": {"covered_lines": 1, "num_statements": 1, "percent_covered": 100.0, "percent_covered_display": "100", "missing_lines": 0, "excluded_lines": 0, "percent_statements_covered": 100.0, "percent_statements_covered_display": "100"}, "missing_lines": [], "excluded_lines": [], "start_line": 70}, "_load_boundaries_geojson": {"executed_lines": [109, 110, 112, 117, 118, 122, 124, 127], "summary": {"covered_lines": 8, "num_statements": 9, "percent_covered": 88.88888888888889, "percent_covered_display": "89", "missing_lines": 1, "excluded_lines": 0, "percent_statements_covered": 88.88888888888889, "percent_statements_covered_display": "89"}, "missing_lines": [125], "excluded_lines": [], "start_line": 96}, "load_boundaries": {"executed_lines": [154, 155, 160, 161], "summary": {"covered_lines": 4, "num_statements": 4, "percent_covered": 100.0, "percent_covered_display": "100", "missing_lines": 0, "excluded_lines": 0, "percent_statements_covered": 100.0, "percent_statements_covered_display": "100"}, "missing_lines": [], "excluded_lines": [], "start_line": 130}, "_load_external_data_csv": {"executed_lines": [179, 180, 181, 183, 184], "summary": {"covered_lines": 5, "num_statements": 6, "percent_covered": 83.33333333333333, "percent_covered_display": "83", "missing_lines": 1, "excluded_lines": 0, "percent_statements_covered": 83.33333333333333, "percent_statements_covered_display": "83"}, "missing_lines": [186], "excluded_lines": [], "start_line": 167}, "load_external_data": {"executed_lines": [209, 211], "summary": {"covered_lines": 2, "num_statements": 3, "percent_covered": 66.66666666666667, "percent_covered_display": "67", "missing_lines": 1, "excluded_lines": 0, "percent_statements_covered": 66.66666666666667, "percent_statements_covered_display": "67"}, "missing_lines": [212], "excluded_lines": [], "start_line": 189}, "": {"executed_lines": [14, 16, 17, 19, 21, 23, 26, 27, 29, 36, 37, 70, 95, 96, 130, 166, 167, 189, 215], "summary": {"covered_lines": 19, "num_statements": 21, "percent_covered": 90.47619047619048, "percent_covered_display": "90", "missing_lines": 2, "excluded_lines": 2, "percent_statements_covered": 90.47619047619048, "percent_statements_covered_display": "90"}, "missing_lines": [30, 31], "excluded_lines": [32, 33], "start_line": 1}}, "classes": {"": {"executed_lines": [14, 16, 17, 19, 21, 23, 26, 27, 29, 36, 37, 52, 55, 58, 59, 60, 64, 65, 67, 70, 92, 95, 96, 109, 110, 112, 117, 118, 122, 124, 127, 130, 154, 155, 160, 161, 166, 167, 179, 180, 181, 183, 184, 189, 209, 211, 215], "summary": {"covered_lines": 47, "num_statements": 55, "percent_covered": 85.45454545454545, "percent_covered_display": "85", "missing_lines": 8, "excluded_lines": 2, "percent_statements_covered": 85.45454545454545, "percent_statements_covered_display": "85"}, "missing_lines": [30, 31, 53, 61, 62, 125, 186, 212], "excluded_lines": [32, 33], "start_line": 1}}}, "analysis/data/preprocessing.py": {"executed_lines": [15, 17, 19, 21, 24, 53, 55, 56, 58, 59, 61, 62, 64, 67, 109, 110, 111, 112, 115, 118, 119, 121, 124, 143, 146], "summary": {"covered_lines": 25, "num_statements": 25, "percent_covered": 100.0, "percent_covered_display": "100", "missing_lines": 0, "excluded_lines": 0, "percent_statements_covered": 100.0, "percent_statements_covered_display": "100"}, "missing_lines": [], "excluded_lines": [], "functions": {"filter_by_date_range": {"executed_lines": [53, 55, 56, 58, 59, 61, 62, 64], "summary": {"covered_lines": 8, "num_statements": 8, "percent_covered": 100.0, "percent_covered_display": "100", "missing_lines": 0, "excluded_lines": 0, "percent_statements_covered": 100.0, "percent_statements_covered_display": "100"}, "missing_lines": [], "excluded_lines": [], "start_line": 24}, "aggregate_by_period": {"executed_lines": [109, 110, 111, 112, 115, 118, 119, 121], "summary": {"covered_lines": 8, "num_statements": 8, "percent_covered": 100.0, "percent_covered_display": "100", "missing_lines": 0, "excluded_lines": 0, "percent_statements_covered": 100.0, "percent_statements_covered_display": "100"}, "missing_lines": [], "excluded_lines": [], "start_line": 67}, "add_temporal_features": {"executed_lines": [143], "summary": {"covered_lines": 1, "num_statements": 1, "percent_covered": 100.0, "percent_covered_display": "100", "missing_lines": 0, "excluded_lines": 0, "percent_statements_covered": 100.0, "percent_statements_covered_display": "100"}, "missing_lines": [], "excluded_lines": [], "start_line": 124}, "": {"executed_lines": [15, 17, 19, 21, 24, 67, 124, 146], "summary": {"covered_lines": 8, "num_statements": 8, "percent_covered": 100.0, "percent_covered_display": "100", "missing_lines": 0, "excluded_lines": 0, "percent_statements_covered": 100.0, "percent_statements_covered_display": "100"}, "missing_lines": [], "excluded_lines": [], "start_line": 1}}, "classes": {"": {"executed_lines": [15, 17, 19, 21, 24, 53, 55, 56, 58, 59, 61, 62, 64, 67, 109, 110, 111, 112, 115, 118, 119, 121, 124, 143, 146], "summary": {"covered_lines": 25, "num_statements": 25, "percent_covered": 100.0, "percent_covered_display": "100", "missing_lines": 0, "excluded_lines": 0, "percent_statements_covered": 100.0, "percent_statements_covered_display": "100"}, "missing_lines": [], "excluded_lines": [], "start_line": 1}}}, "analysis/data/validation.py": {"executed_lines": [16, 18, 20, 21, 24, 25, 26, 27, 30, 56, 57, 58, 59, 60, 63, 66, 67, 69, 70, 71, 83, 85, 87, 88, 89, 101, 103, 104, 107, 134, 135, 138, 139, 141, 142, 146, 147, 148, 150, 152, 153, 155, 156, 157, 161, 162, 166, 168, 170, 173, 204, 207, 208, 209, 210, 213, 214, 216, 225, 228], "summary": {"covered_lines": 60, "num_statements": 65, "percent_covered": 92.3076923076923, "percent_covered_display": "92", "missing_lines": 5, "excluded_lines": 0, "percent_statements_covered": 92.3076923076923, "percent_statements_covered_display": "92"}, "missing_lines": [84, 154, 158, 159, 167], "excluded_lines": [], "functions": {"CrimeIncidentValidator.validate_ucr_code": {"executed_lines": [83, 85], "summary": {"covered_lines": 2, "num_statements": 3, "percent_covered": 66.66666666666667, "percent_covered_display": "67", "missing_lines": 1, "excluded_lines": 0, "percent_statements_covered": 66.66666666666667, "percent_statements_covered_display": "67"}, "missing_lines": [84], "excluded_lines": [], "start_line": 71}, "CrimeIncidentValidator.validate_philly_coords": {"executed_lines": [101, 103, 104], "summary": {"covered_lines": 3, "num_statements": 3, "percent_covered": 100.0, "percent_covered_display": "100", "missing_lines": 0, "excluded_lines": 0, "percent_statements_covered": 100.0, "percent_statements_covered_display": "100"}, "missing_lines": [], "excluded_lines": [], "start_line": 89}, "validate_crime_data": {"executed_lines": [134, 135, 138, 139, 141, 142, 146, 147, 148, 150, 152, 153, 155, 156, 157, 161, 162, 166, 168, 170], "summary": {"covered_lines": 20, "num_statements": 24, "percent_covered": 83.33333333333333, "percent_covered_display": "83", "missing_lines": 4, "excluded_lines": 0, "percent_statements_covered": 83.33333333333333, "percent_statements_covered_display": "83"}, "missing_lines": [154, 158, 159, 167], "excluded_lines": [], "start_line": 107}, "validate_coordinates": {"executed_lines": [204, 207, 208, 209, 210, 213, 214, 216, 225], "summary": {"covered_lines": 9, "num_statements": 9, "percent_covered": 100.0, "percent_covered_display": "100", "missing_lines": 0, "excluded_lines": 0, "percent_statements_covered": 100.0, "percent_statements_covered_display": "100"}, "missing_lines": [], "excluded_lines": [], "start_line": 173}, "": {"executed_lines": [16, 18, 20, 21, 24, 25, 26, 27, 30, 56, 57, 58, 59, 60, 63, 66, 67, 69, 70, 71, 87, 88, 89, 107, 173, 228], "summary": {"covered_lines": 26, "num_statements": 26, "percent_covered": 100.0, "percent_covered_display": "100", "missing_lines": 0, "excluded_lines": 0, "percent_statements_covered": 100.0, "percent_statements_covered_display": "100"}, "missing_lines": [], "excluded_lines": [], "start_line": 1}}, "classes": {"CrimeIncidentValidator": {"executed_lines": [83, 85, 101, 103, 104], "summary": {"covered_lines": 5, "num_statements": 6, "percent_covered": 83.33333333333333, "percent_covered_display": "83", "missing_lines": 1, "excluded_lines": 0, "percent_statements_covered": 83.33333333333333, "percent_statements_covered_display": "83"}, "missing_lines": [84], "excluded_lines": [], "start_line": 30}, "": {"executed_lines": [16, 18, 20, 21, 24, 25, 26, 27, 30, 56, 57, 58, 59, 60, 63, 66, 67, 69, 70, 71, 87, 88, 89, 107, 134, 135, 138, 139, 141, 142, 146, 147, 148, 150, 152, 153, 155, 156, 157, 161, 162, 166, 168, 170, 173, 204, 207, 208, 209, 210, 213, 214, 216, 225, 228], "summary": {"covered_lines": 55, "num_statements": 59, "percent_covered": 93.22033898305085, "percent_covered_display": "93", "missing_lines": 4, "excluded_lines": 0, "percent_statements_covered": 93.22033898305085, "percent_statements_covered_display": "93"}, "missing_lines": [154, 158, 159, 167], "excluded_lines": [], "start_line": 1}}}, "analysis/event_utils.py": {"executed_lines": [], "summary": {"covered_lines": 0, "num_statements": 67, "percent_covered": 0.0, "percent_covered_display": "0", "missing_lines": 67, "excluded_lines": 0, "percent_statements_covered": 0.0, "percent_statements_covered_display": "0"}, "missing_lines": [3, 4, 5, 8, 32, 33, 36, 37, 38, 39, 41, 44, 45, 46, 47, 48, 49, 50, 52, 55, 79, 80, 83, 84, 85, 87, 88, 89, 90, 92, 93, 95, 98, 122, 124, 125, 127, 128, 131, 133, 134, 135, 137, 138, 139, 142, 144, 156, 175, 177, 178, 179, 180, 181, 183, 186, 212, 213, 214, 215, 217, 218, 219, 220, 221, 222, 231], "excluded_lines": [], "functions": {"identify_event_days": {"executed_lines": [], "summary": {"covered_lines": 0, "num_statements": 15, "percent_covered": 0.0, "percent_covered_display": "0", "missing_lines": 15, "excluded_lines": 0, "percent_statements_covered": 0.0, "percent_statements_covered_display": "0"}, "missing_lines": [32, 33, 36, 37, 38, 39, 41, 44, 45, 46, 47, 48, 49, 50, 52], "excluded_lines": [], "start_line": 8}, "get_control_days": {"executed_lines": [], "summary": {"covered_lines": 0, "num_statements": 12, "percent_covered": 0.0, "percent_covered_display": "0", "missing_lines": 12, "excluded_lines": 0, "percent_statements_covered": 0.0, "percent_statements_covered_display": "0"}, "missing_lines": [79, 80, 83, 84, 85, 87, 88, 89, 90, 92, 93, 95], "excluded_lines": [], "start_line": 55}, "calculate_event_impact": {"executed_lines": [], "summary": {"covered_lines": 0, "num_statements": 14, "percent_covered": 0.0, "percent_covered_display": "0", "missing_lines": 14, "excluded_lines": 0, "percent_statements_covered": 0.0, "percent_statements_covered_display": "0"}, "missing_lines": [122, 124, 125, 127, 128, 131, 133, 134, 135, 137, 138, 139, 142, 144], "excluded_lines": [], "start_line": 98}, "calculate_event_impact_by_type": {"executed_lines": [], "summary": {"covered_lines": 0, "num_statements": 7, "percent_covered": 0.0, "percent_covered_display": "0", "missing_lines": 7, "excluded_lines": 0, "percent_statements_covered": 0.0, "percent_statements_covered_display": "0"}, "missing_lines": [175, 177, 178, 179, 180, 181, 183], "excluded_lines": [], "start_line": 156}, "generate_matched_controls": {"executed_lines": [], "summary": {"covered_lines": 0, "num_statements": 11, "percent_covered": 0.0, "percent_covered_display": "0", "missing_lines": 11, "excluded_lines": 0, "percent_statements_covered": 0.0, "percent_statements_covered_display": "0"}, "missing_lines": [212, 213, 214, 215, 217, 218, 219, 220, 221, 222, 231], "excluded_lines": [], "start_line": 186}, "": {"executed_lines": [], "summary": {"covered_lines": 0, "num_statements": 8, "percent_covered": 0.0, "percent_covered_display": "0", "missing_lines": 8, "excluded_lines": 0, "percent_statements_covered": 0.0, "percent_statements_covered_display": "0"}, "missing_lines": [3, 4, 5, 8, 55, 98, 156, 186], "excluded_lines": [], "start_line": 1}}, "classes": {"": {"executed_lines": [], "summary": {"covered_lines": 0, "num_statements": 67, "percent_covered": 0.0, "percent_covered_display": "0", "missing_lines": 67, "excluded_lines": 0, "percent_statements_covered": 0.0, "percent_statements_covered_display": "0"}, "missing_lines": [3, 4, 5, 8, 32, 33, 36, 37, 38, 39, 41, 44, 45, 46, 47, 48, 49, 50, 52, 55, 79, 80, 83, 84, 85, 87, 88, 89, 90, 92, 93, 95, 98, 122, 124, 125, 127, 128, 131, 133, 134, 135, 137, 138, 139, 142, 144, 156, 175, 177, 178, 179, 180, 181, 183, 186, 212, 213, 214, 215, 217, 218, 219, 220, 221, 222, 231], "excluded_lines": [], "start_line": 1}}}, "analysis/models/__init__.py": {"executed_lines": [], "summary": {"covered_lines": 0, "num_statements": 0, "percent_covered": 100.0, "percent_covered_display": "100", "missing_lines": 0, "excluded_lines": 0, "percent_statements_covered": 100.0, "percent_statements_covered_display": "100"}, "missing_lines": [], "excluded_lines": [], "functions": {"": {"executed_lines": [], "summary": {"covered_lines": 0, "num_statements": 0, "percent_covered": 100.0, "percent_covered_display": "100", "missing_lines": 0, "excluded_lines": 0, "percent_statements_covered": 100.0, "percent_statements_covered_display": "100"}, "missing_lines": [], "excluded_lines": [], "start_line": 1}}, "classes": {"": {"executed_lines": [], "summary": {"covered_lines": 0, "num_statements": 0, "percent_covered": 100.0, "percent_covered_display": "100", "missing_lines": 0, "excluded_lines": 0, "percent_statements_covered": 100.0, "percent_statements_covered_display": "100"}, "missing_lines": [], "excluded_lines": [], "start_line": 1}}}, "analysis/models/classification.py": {"executed_lines": [], "summary": {"covered_lines": 0, "num_statements": 70, "percent_covered": 0.0, "percent_covered_display": "0", "missing_lines": 70, "excluded_lines": 0, "percent_statements_covered": 0.0, "percent_statements_covered_display": "0"}, "missing_lines": [11, 12, 13, 15, 16, 17, 18, 19, 22, 23, 24, 27, 48, 50, 51, 52, 54, 55, 57, 59, 60, 61, 62, 64, 67, 78, 81, 107, 109, 110, 112, 113, 114, 118, 127, 129, 132, 156, 158, 159, 161, 162, 163, 167, 176, 178, 181, 195, 199, 200, 202, 205, 217, 219, 221, 222, 224, 227, 245, 253, 254, 255, 256, 258, 260, 263, 273, 275, 276, 278], "excluded_lines": [], "functions": {"create_time_aware_split": {"executed_lines": [], "summary": {"covered_lines": 0, "num_statements": 12, "percent_covered": 0.0, "percent_covered_display": "0", "missing_lines": 12, "excluded_lines": 0, "percent_statements_covered": 0.0, "percent_statements_covered_display": "0"}, "missing_lines": [48, 50, 51, 52, 54, 55, 57, 59, 60, 61, 62, 64], "excluded_lines": [], "start_line": 27}, "get_time_series_cv": {"executed_lines": [], "summary": {"covered_lines": 0, "num_statements": 1, "percent_covered": 0.0, "percent_covered_display": "0", "missing_lines": 1, "excluded_lines": 0, "percent_statements_covered": 0.0, "percent_statements_covered_display": "0"}, "missing_lines": [78], "excluded_lines": [], "start_line": 67}, "train_random_forest": {"executed_lines": [], "summary": {"covered_lines": 0, "num_statements": 9, "percent_covered": 0.0, "percent_covered_display": "0", "missing_lines": 9, "excluded_lines": 0, "percent_statements_covered": 0.0, "percent_statements_covered_display": "0"}, "missing_lines": [107, 109, 110, 112, 113, 114, 118, 127, 129], "excluded_lines": [], "start_line": 81}, "train_xgboost": {"executed_lines": [], "summary": {"covered_lines": 0, "num_statements": 9, "percent_covered": 0.0, "percent_covered_display": "0", "missing_lines": 9, "excluded_lines": 0, "percent_statements_covered": 0.0, "percent_statements_covered_display": "0"}, "missing_lines": [156, 158, 159, 161, 162, 163, 167, 176, 178], "excluded_lines": [], "start_line": 132}, "extract_feature_importance": {"executed_lines": [], "summary": {"covered_lines": 0, "num_statements": 4, "percent_covered": 0.0, "percent_covered_display": "0", "missing_lines": 4, "excluded_lines": 0, "percent_statements_covered": 0.0, "percent_statements_covered_display": "0"}, "missing_lines": [195, 199, 200, 202], "excluded_lines": [], "start_line": 181}, "compute_shap_values": {"executed_lines": [], "summary": {"covered_lines": 0, "num_statements": 5, "percent_covered": 0.0, "percent_covered_display": "0", "missing_lines": 5, "excluded_lines": 0, "percent_statements_covered": 0.0, "percent_statements_covered_display": "0"}, "missing_lines": [217, 219, 221, 222, 224], "excluded_lines": [], "start_line": 205}, "evaluate_classifier": {"executed_lines": [], "summary": {"covered_lines": 0, "num_statements": 7, "percent_covered": 0.0, "percent_covered_display": "0", "missing_lines": 7, "excluded_lines": 0, "percent_statements_covered": 0.0, "percent_statements_covered_display": "0"}, "missing_lines": [245, 253, 254, 255, 256, 258, 260], "excluded_lines": [], "start_line": 227}, "handle_class_imbalance": {"executed_lines": [], "summary": {"covered_lines": 0, "num_statements": 4, "percent_covered": 0.0, "percent_covered_display": "0", "missing_lines": 4, "excluded_lines": 0, "percent_statements_covered": 0.0, "percent_statements_covered_display": "0"}, "missing_lines": [273, 275, 276, 278], "excluded_lines": [], "start_line": 263}, "": {"executed_lines": [], "summary": {"covered_lines": 0, "num_statements": 19, "percent_covered": 0.0, "percent_covered_display": "0", "missing_lines": 19, "excluded_lines": 0, "percent_statements_covered": 0.0, "percent_statements_covered_display": "0"}, "missing_lines": [11, 12, 13, 15, 16, 17, 18, 19, 22, 23, 24, 27, 67, 81, 132, 181, 205, 227, 263], "excluded_lines": [], "start_line": 1}}, "classes": {"": {"executed_lines": [], "summary": {"covered_lines": 0, "num_statements": 70, "percent_covered": 0.0, "percent_covered_display": "0", "missing_lines": 70, "excluded_lines": 0, "percent_statements_covered": 0.0, "percent_statements_covered_display": "0"}, "missing_lines": [11, 12, 13, 15, 16, 17, 18, 19, 22, 23, 24, 27, 48, 50, 51, 52, 54, 55, 57, 59, 60, 61, 62, 64, 67, 78, 81, 107, 109, 110, 112, 113, 114, 118, 127, 129, 132, 156, 158, 159, 161, 162, 163, 167, 176, 178, 181, 195, 199, 200, 202, 205, 217, 219, 221, 222, 224, 227, 245, 253, 254, 255, 256, 258, 260, 263, 273, 275, 276, 278], "excluded_lines": [], "start_line": 1}}}, "analysis/models/time_series.py": {"executed_lines": [], "summary": {"covered_lines": 0, "num_statements": 48, "percent_covered": 0.0, "percent_covered_display": "0", "missing_lines": 48, "excluded_lines": 0, "percent_statements_covered": 0.0, "percent_statements_covered_display": "0"}, "missing_lines": [11, 12, 13, 15, 16, 19, 20, 21, 24, 36, 37, 38, 39, 41, 44, 57, 58, 60, 61, 62, 64, 67, 89, 98, 101, 119, 122, 123, 126, 127, 128, 130, 138, 139, 140, 141, 142, 143, 144, 146, 149, 171, 172, 173, 176, 177, 179, 181], "excluded_lines": [], "functions": {"prepare_prophet_data": {"executed_lines": [], "summary": {"covered_lines": 0, "num_statements": 5, "percent_covered": 0.0, "percent_covered_display": "0", "missing_lines": 5, "excluded_lines": 0, "percent_statements_covered": 0.0, "percent_statements_covered_display": "0"}, "missing_lines": [36, 37, 38, 39, 41], "excluded_lines": [], "start_line": 24}, "create_train_test_split": {"executed_lines": [], "summary": {"covered_lines": 0, "num_statements": 6, "percent_covered": 0.0, "percent_covered_display": "0", "missing_lines": 6, "excluded_lines": 0, "percent_statements_covered": 0.0, "percent_statements_covered_display": "0"}, "missing_lines": [57, 58, 60, 61, 62, 64], "excluded_lines": [], "start_line": 44}, "get_prophet_config": {"executed_lines": [], "summary": {"covered_lines": 0, "num_statements": 2, "percent_covered": 0.0, "percent_covered_display": "0", "missing_lines": 2, "excluded_lines": 0, "percent_statements_covered": 0.0, "percent_statements_covered_display": "0"}, "missing_lines": [89, 98], "excluded_lines": [], "start_line": 67}, "evaluate_forecast": {"executed_lines": [], "summary": {"covered_lines": 0, "num_statements": 15, "percent_covered": 0.0, "percent_covered_display": "0", "missing_lines": 15, "excluded_lines": 0, "percent_statements_covered": 0.0, "percent_statements_covered_display": "0"}, "missing_lines": [119, 122, 123, 126, 127, 128, 130, 138, 139, 140, 141, 142, 143, 144, 146], "excluded_lines": [], "start_line": 101}, "detect_anomalies": {"executed_lines": [], "summary": {"covered_lines": 0, "num_statements": 7, "percent_covered": 0.0, "percent_covered_display": "0", "missing_lines": 7, "excluded_lines": 0, "percent_statements_covered": 0.0, "percent_statements_covered_display": "0"}, "missing_lines": [171, 172, 173, 176, 177, 179, 181], "excluded_lines": [], "start_line": 149}, "": {"executed_lines": [], "summary": {"covered_lines": 0, "num_statements": 13, "percent_covered": 0.0, "percent_covered_display": "0", "missing_lines": 13, "excluded_lines": 0, "percent_statements_covered": 0.0, "percent_statements_covered_display": "0"}, "missing_lines": [11, 12, 13, 15, 16, 19, 20, 21, 24, 44, 67, 101, 149], "excluded_lines": [], "start_line": 1}}, "classes": {"": {"executed_lines": [], "summary": {"covered_lines": 0, "num_statements": 48, "percent_covered": 0.0, "percent_covered_display": "0", "missing_lines": 48, "excluded_lines": 0, "percent_statements_covered": 0.0, "percent_statements_covered_display": "0"}, "missing_lines": [11, 12, 13, 15, 16, 19, 20, 21, 24, 36, 37, 38, 39, 41, 44, 57, 58, 60, 61, 62, 64, 67, 89, 98, 101, 119, 122, 123, 126, 127, 128, 130, 138, 139, 140, 141, 142, 143, 144, 146, 149, 171, 172, 173, 176, 177, 179, 181], "excluded_lines": [], "start_line": 1}}}, "analysis/models/validation.py": {"executed_lines": [], "summary": {"covered_lines": 0, "num_statements": 60, "percent_covered": 0.0, "percent_covered_display": "0", "missing_lines": 60, "excluded_lines": 0, "percent_statements_covered": 0.0, "percent_statements_covered_display": "0"}, "missing_lines": [11, 12, 13, 14, 16, 17, 18, 19, 22, 23, 24, 27, 47, 49, 50, 52, 61, 83, 85, 87, 88, 91, 92, 94, 95, 98, 99, 102, 105, 107, 120, 123, 137, 145, 147, 150, 165, 168, 170, 173, 175, 176, 178, 181, 203, 214, 217, 231, 232, 234, 236, 241, 242, 247, 250, 264, 265, 267, 269, 280], "excluded_lines": [], "functions": {"time_series_cv_score": {"executed_lines": [], "summary": {"covered_lines": 0, "num_statements": 4, "percent_covered": 0.0, "percent_covered_display": "0", "missing_lines": 4, "excluded_lines": 0, "percent_statements_covered": 0.0, "percent_statements_covered_display": "0"}, "missing_lines": [47, 49, 50, 52], "excluded_lines": [], "start_line": 27}, "walk_forward_validation": {"executed_lines": [], "summary": {"covered_lines": 0, "num_statements": 14, "percent_covered": 0.0, "percent_covered_display": "0", "missing_lines": 14, "excluded_lines": 0, "percent_statements_covered": 0.0, "percent_statements_covered_display": "0"}, "missing_lines": [83, 85, 87, 88, 91, 92, 94, 95, 98, 99, 102, 105, 107, 120], "excluded_lines": [], "start_line": 61}, "compute_regression_metrics": {"executed_lines": [], "summary": {"covered_lines": 0, "num_statements": 3, "percent_covered": 0.0, "percent_covered_display": "0", "missing_lines": 3, "excluded_lines": 0, "percent_statements_covered": 0.0, "percent_statements_covered_display": "0"}, "missing_lines": [137, 145, 147], "excluded_lines": [], "start_line": 123}, "compute_forecast_accuracy": {"executed_lines": [], "summary": {"covered_lines": 0, "num_statements": 7, "percent_covered": 0.0, "percent_covered_display": "0", "missing_lines": 7, "excluded_lines": 0, "percent_statements_covered": 0.0, "percent_statements_covered_display": "0"}, "missing_lines": [165, 168, 170, 173, 175, 176, 178], "excluded_lines": [], "start_line": 150}, "create_model_card": {"executed_lines": [], "summary": {"covered_lines": 0, "num_statements": 2, "percent_covered": 0.0, "percent_covered_display": "0", "missing_lines": 2, "excluded_lines": 0, "percent_statements_covered": 0.0, "percent_statements_covered_display": "0"}, "missing_lines": [203, 214], "excluded_lines": [], "start_line": 181}, "check_residual_autocorrelation": {"executed_lines": [], "summary": {"covered_lines": 0, "num_statements": 7, "percent_covered": 0.0, "percent_covered_display": "0", "missing_lines": 7, "excluded_lines": 0, "percent_statements_covered": 0.0, "percent_statements_covered_display": "0"}, "missing_lines": [231, 232, 234, 236, 241, 242, 247], "excluded_lines": [], "start_line": 217}, "validate_temporal_split": {"executed_lines": [], "summary": {"covered_lines": 0, "num_statements": 5, "percent_covered": 0.0, "percent_covered_display": "0", "missing_lines": 5, "excluded_lines": 0, "percent_statements_covered": 0.0, "percent_statements_covered_display": "0"}, "missing_lines": [264, 265, 267, 269, 280], "excluded_lines": [], "start_line": 250}, "": {"executed_lines": [], "summary": {"covered_lines": 0, "num_statements": 18, "percent_covered": 0.0, "percent_covered_display": "0", "missing_lines": 18, "excluded_lines": 0, "percent_statements_covered": 0.0, "percent_statements_covered_display": "0"}, "missing_lines": [11, 12, 13, 14, 16, 17, 18, 19, 22, 23, 24, 27, 61, 123, 150, 181, 217, 250], "excluded_lines": [], "start_line": 1}}, "classes": {"": {"executed_lines": [], "summary": {"covered_lines": 0, "num_statements": 60, "percent_covered": 0.0, "percent_covered_display": "0", "missing_lines": 60, "excluded_lines": 0, "percent_statements_covered": 0.0, "percent_statements_covered_display": "0"}, "missing_lines": [11, 12, 13, 14, 16, 17, 18, 19, 22, 23, 24, 27, 47, 49, 50, 52, 61, 83, 85, 87, 88, 91, 92, 94, 95, 98, 99, 102, 105, 107, 120, 123, 137, 145, 147, 150, 165, 168, 170, 173, 175, 176, 178, 181, 203, 214, 217, 231, 232, 234, 236, 241, 242, 247, 250, 264, 265, 267, 269, 280], "excluded_lines": [], "start_line": 1}}}, "analysis/orchestrate_phase1.py": {"executed_lines": [], "summary": {"covered_lines": 0, "num_statements": 73, "percent_covered": 0.0, "percent_covered_display": "0", "missing_lines": 73, "excluded_lines": 0, "percent_statements_covered": 0.0, "percent_statements_covered_display": "0"}, "missing_lines": [3, 5, 6, 7, 8, 9, 10, 12, 14, 15, 16, 18, 19, 21, 28, 30, 31, 33, 35, 36, 37, 39, 40, 41, 43, 46, 48, 49, 54, 57, 58, 59, 60, 66, 71, 76, 82, 84, 85, 86, 88, 89, 91, 92, 93, 94, 96, 97, 98, 99, 100, 101, 102, 104, 105, 106, 107, 108, 109, 110, 111, 112, 114, 115, 116, 118, 119, 125, 126, 127, 129, 132, 133], "excluded_lines": [], "functions": {"setup_logger": {"executed_lines": [], "summary": {"covered_lines": 0, "num_statements": 10, "percent_covered": 0.0, "percent_covered_display": "0", "missing_lines": 10, "excluded_lines": 0, "percent_statements_covered": 0.0, "percent_statements_covered_display": "0"}, "missing_lines": [30, 31, 33, 35, 36, 37, 39, 40, 41, 43], "excluded_lines": [], "start_line": 28}, "run_notebook": {"executed_lines": [], "summary": {"covered_lines": 0, "num_statements": 3, "percent_covered": 0.0, "percent_covered_display": "0", "missing_lines": 3, "excluded_lines": 0, "percent_statements_covered": 0.0, "percent_statements_covered_display": "0"}, "missing_lines": [48, 49, 54], "excluded_lines": [], "start_line": 46}, "main": {"executed_lines": [], "summary": {"covered_lines": 0, "num_statements": 41, "percent_covered": 0.0, "percent_covered_display": "0", "missing_lines": 41, "excluded_lines": 0, "percent_statements_covered": 0.0, "percent_statements_covered_display": "0"}, "missing_lines": [58, 59, 60, 66, 71, 76, 82, 84, 85, 86, 88, 89, 91, 92, 93, 94, 96, 97, 98, 99, 100, 101, 102, 104, 105, 106, 107, 108, 109, 110, 111, 112, 114, 115, 116, 118, 119, 125, 126, 127, 129], "excluded_lines": [], "start_line": 57}, "": {"executed_lines": [], "summary": {"covered_lines": 0, "num_statements": 19, "percent_covered": 0.0, "percent_covered_display": "0", "missing_lines": 19, "excluded_lines": 0, "percent_statements_covered": 0.0, "percent_statements_covered_display": "0"}, "missing_lines": [3, 5, 6, 7, 8, 9, 10, 12, 14, 15, 16, 18, 19, 21, 28, 46, 57, 132, 133], "excluded_lines": [], "start_line": 1}}, "classes": {"": {"executed_lines": [], "summary": {"covered_lines": 0, "num_statements": 73, "percent_covered": 0.0, "percent_covered_display": "0", "missing_lines": 73, "excluded_lines": 0, "percent_statements_covered": 0.0, "percent_statements_covered_display": "0"}, "missing_lines": [3, 5, 6, 7, 8, 9, 10, 12, 14, 15, 16, 18, 19, 21, 28, 30, 31, 33, 35, 36, 37, 39, 40, 41, 43, 46, 48, 49, 54, 57, 58, 59, 60, 66, 71, 76, 82, 84, 85, 86, 88, 89, 91, 92, 93, 94, 96, 97, 98, 99, 100, 101, 102, 104, 105, 106, 107, 108, 109, 110, 111, 112, 114, 115, 116, 118, 119, 125, 126, 127, 129, 132, 133], "excluded_lines": [], "start_line": 1}}}, "analysis/orchestrate_phase2.py": {"executed_lines": [], "summary": {"covered_lines": 0, "num_statements": 100, "percent_covered": 0.0, "percent_covered_display": "0", "missing_lines": 100, "excluded_lines": 0, "percent_statements_covered": 0.0, "percent_statements_covered_display": "0"}, "missing_lines": [14, 15, 16, 17, 20, 29, 40, 42, 49, 50, 51, 52, 54, 55, 57, 68, 69, 76, 77, 79, 80, 81, 83, 84, 85, 87, 88, 89, 90, 91, 92, 94, 97, 99, 101, 102, 104, 106, 107, 114, 115, 117, 122, 123, 124, 127, 143, 144, 146, 147, 149, 158, 159, 160, 161, 162, 165, 166, 167, 168, 169, 170, 171, 174, 175, 176, 178, 179, 182, 183, 184, 186, 187, 190, 191, 192, 193, 194, 195, 197, 198, 199, 200, 201, 202, 203, 208, 209, 210, 211, 213, 216, 217, 219, 220, 221, 224, 226, 228, 234], "excluded_lines": [], "functions": {"run_notebook": {"executed_lines": [], "summary": {"covered_lines": 0, "num_statements": 26, "percent_covered": 0.0, "percent_covered_display": "0", "missing_lines": 26, "excluded_lines": 0, "percent_statements_covered": 0.0, "percent_statements_covered_display": "0"}, "missing_lines": [40, 42, 49, 50, 51, 52, 54, 55, 57, 68, 69, 76, 77, 79, 80, 81, 83, 84, 85, 87, 88, 89, 90, 91, 92, 94], "excluded_lines": [], "start_line": 29}, "validate_phase2": {"executed_lines": [], "summary": {"covered_lines": 0, "num_statements": 12, "percent_covered": 0.0, "percent_covered_display": "0", "missing_lines": 12, "excluded_lines": 0, "percent_statements_covered": 0.0, "percent_statements_covered_display": "0"}, "missing_lines": [99, 101, 102, 104, 106, 107, 114, 115, 117, 122, 123, 124], "excluded_lines": [], "start_line": 97}, "orchestrate_phase2": {"executed_lines": [], "summary": {"covered_lines": 0, "num_statements": 45, "percent_covered": 0.0, "percent_covered_display": "0", "missing_lines": 45, "excluded_lines": 0, "percent_statements_covered": 0.0, "percent_statements_covered_display": "0"}, "missing_lines": [143, 144, 146, 147, 149, 158, 159, 160, 161, 162, 165, 166, 167, 168, 169, 170, 171, 174, 175, 176, 178, 179, 182, 183, 184, 186, 187, 190, 191, 192, 193, 194, 195, 197, 198, 199, 200, 201, 202, 203, 208, 209, 210, 211, 213], "excluded_lines": [], "start_line": 127}, "": {"executed_lines": [], "summary": {"covered_lines": 0, "num_statements": 17, "percent_covered": 0.0, "percent_covered_display": "0", "missing_lines": 17, "excluded_lines": 0, "percent_statements_covered": 0.0, "percent_statements_covered_display": "0"}, "missing_lines": [14, 15, 16, 17, 20, 29, 97, 127, 216, 217, 219, 220, 221, 224, 226, 228, 234], "excluded_lines": [], "start_line": 1}}, "classes": {"": {"executed_lines": [], "summary": {"covered_lines": 0, "num_statements": 100, "percent_covered": 0.0, "percent_covered_display": "0", "missing_lines": 100, "excluded_lines": 0, "percent_statements_covered": 0.0, "percent_statements_covered_display": "0"}, "missing_lines": [14, 15, 16, 17, 20, 29, 40, 42, 49, 50, 51, 52, 54, 55, 57, 68, 69, 76, 77, 79, 80, 81, 83, 84, 85, 87, 88, 89, 90, 91, 92, 94, 97, 99, 101, 102, 104, 106, 107, 114, 115, 117, 122, 123, 124, 127, 143, 144, 146, 147, 149, 158, 159, 160, 161, 162, 165, 166, 167, 168, 169, 170, 171, 174, 175, 176, 178, 179, 182, 183, 184, 186, 187, 190, 191, 192, 193, 194, 195, 197, 198, 199, 200, 201, 202, 203, 208, 209, 210, 211, 213, 216, 217, 219, 220, 221, 224, 226, 228, 234], "excluded_lines": [], "start_line": 1}}}, "analysis/phase2_config_loader.py": {"executed_lines": [], "summary": {"covered_lines": 0, "num_statements": 71, "percent_covered": 0.0, "percent_covered_display": "0", "missing_lines": 71, "excluded_lines": 0, "percent_statements_covered": 0.0, "percent_statements_covered_display": "0"}, "missing_lines": [3, 5, 6, 7, 9, 12, 13, 16, 17, 18, 21, 22, 25, 26, 27, 32, 33, 36, 37, 38, 41, 42, 45, 46, 47, 48, 51, 52, 55, 56, 59, 60, 63, 64, 65, 78, 79, 80, 81, 83, 84, 86, 87, 89, 92, 93, 94, 101, 102, 107, 108, 109, 110, 111, 118, 119, 120, 127, 128, 129, 137, 138, 139, 148, 151, 164, 166, 167, 169, 170, 172], "excluded_lines": [], "functions": {"Phase2Config.from_yaml": {"executed_lines": [], "summary": {"covered_lines": 0, "num_statements": 23, "percent_covered": 0.0, "percent_covered_display": "0", "missing_lines": 23, "excluded_lines": 0, "percent_statements_covered": 0.0, "percent_statements_covered_display": "0"}, "missing_lines": [86, 87, 89, 92, 93, 94, 101, 102, 107, 108, 109, 110, 111, 118, 119, 120, 127, 128, 129, 137, 138, 139, 148], "excluded_lines": [], "start_line": 84}, "load_phase2_config": {"executed_lines": [], "summary": {"covered_lines": 0, "num_statements": 6, "percent_covered": 0.0, "percent_covered_display": "0", "missing_lines": 6, "excluded_lines": 0, "percent_statements_covered": 0.0, "percent_statements_covered_display": "0"}, "missing_lines": [164, 166, 167, 169, 170, 172], "excluded_lines": [], "start_line": 151}, "": {"executed_lines": [], "summary": {"covered_lines": 0, "num_statements": 42, "percent_covered": 0.0, "percent_covered_display": "0", "missing_lines": 42, "excluded_lines": 0, "percent_statements_covered": 0.0, "percent_statements_covered_display": "0"}, "missing_lines": [3, 5, 6, 7, 9, 12, 13, 16, 17, 18, 21, 22, 25, 26, 27, 32, 33, 36, 37, 38, 41, 42, 45, 46, 47, 48, 51, 52, 55, 56, 59, 60, 63, 64, 65, 78, 79, 80, 81, 83, 84, 151], "excluded_lines": [], "start_line": 1}}, "classes": {"ClusteringConfig": {"executed_lines": [], "summary": {"covered_lines": 0, "num_statements": 0, "percent_covered": 100.0, "percent_covered_display": "100", "missing_lines": 0, "excluded_lines": 0, "percent_statements_covered": 100.0, "percent_statements_covered_display": "100"}, "missing_lines": [], "excluded_lines": [], "start_line": 13}, "HeatmapConfig": {"executed_lines": [], "summary": {"covered_lines": 0, "num_statements": 0, "percent_covered": 100.0, "percent_covered_display": "100", "missing_lines": 0, "excluded_lines": 0, "percent_statements_covered": 100.0, "percent_statements_covered_display": "100"}, "missing_lines": [], "excluded_lines": [], "start_line": 22}, "CensusConfig": {"executed_lines": [], "summary": {"covered_lines": 0, "num_statements": 0, "percent_covered": 100.0, "percent_covered_display": "100", "missing_lines": 0, "excluded_lines": 0, "percent_statements_covered": 100.0, "percent_statements_covered_display": "100"}, "missing_lines": [], "excluded_lines": [], "start_line": 33}, "CoordinateBounds": {"executed_lines": [], "summary": {"covered_lines": 0, "num_statements": 0, "percent_covered": 100.0, "percent_covered_display": "100", "missing_lines": 0, "excluded_lines": 0, "percent_statements_covered": 100.0, "percent_statements_covered_display": "100"}, "missing_lines": [], "excluded_lines": [], "start_line": 42}, "BoundaryPaths": {"executed_lines": [], "summary": {"covered_lines": 0, "num_statements": 0, "percent_covered": 100.0, "percent_covered_display": "100", "missing_lines": 0, "excluded_lines": 0, "percent_statements_covered": 100.0, "percent_statements_covered_display": "100"}, "missing_lines": [], "excluded_lines": [], "start_line": 52}, "Phase2Config": {"executed_lines": [], "summary": {"covered_lines": 0, "num_statements": 23, "percent_covered": 0.0, "percent_covered_display": "0", "missing_lines": 23, "excluded_lines": 0, "percent_statements_covered": 0.0, "percent_statements_covered_display": "0"}, "missing_lines": [86, 87, 89, 92, 93, 94, 101, 102, 107, 108, 109, 110, 111, 118, 119, 120, 127, 128, 129, 137, 138, 139, 148], "excluded_lines": [], "start_line": 60}, "": {"executed_lines": [], "summary": {"covered_lines": 0, "num_statements": 48, "percent_covered": 0.0, "percent_covered_display": "0", "missing_lines": 48, "excluded_lines": 0, "percent_statements_covered": 0.0, "percent_statements_covered_display": "0"}, "missing_lines": [3, 5, 6, 7, 9, 12, 13, 16, 17, 18, 21, 22, 25, 26, 27, 32, 33, 36, 37, 38, 41, 42, 45, 46, 47, 48, 51, 52, 55, 56, 59, 60, 63, 64, 65, 78, 79, 80, 81, 83, 84, 151, 164, 166, 167, 169, 170, 172], "excluded_lines": [], "start_line": 1}}}, "analysis/phase3_config_loader.py": {"executed_lines": [], "summary": {"covered_lines": 0, "num_statements": 31, "percent_covered": 0.0, "percent_covered_display": "0", "missing_lines": 31, "excluded_lines": 0, "percent_statements_covered": 0.0, "percent_statements_covered_display": "0"}, "missing_lines": [3, 4, 5, 8, 11, 12, 13, 14, 16, 17, 19, 20, 22, 24, 25, 27, 29, 30, 32, 34, 35, 37, 39, 40, 42, 44, 45, 47, 49, 50, 52], "excluded_lines": [], "functions": {"Phase3Config.__init__": {"executed_lines": [], "summary": {"covered_lines": 0, "num_statements": 5, "percent_covered": 0.0, "percent_covered_display": "0", "missing_lines": 5, "excluded_lines": 0, "percent_statements_covered": 0.0, "percent_statements_covered_display": "0"}, "missing_lines": [12, 13, 14, 16, 17], "excluded_lines": [], "start_line": 11}, "Phase3Config.retail_theft": {"executed_lines": [], "summary": {"covered_lines": 0, "num_statements": 1, "percent_covered": 0.0, "percent_covered_display": "0", "missing_lines": 1, "excluded_lines": 0, "percent_statements_covered": 0.0, "percent_statements_covered_display": "0"}, "missing_lines": [22], "excluded_lines": [], "start_line": 20}, "Phase3Config.vehicle_crimes": {"executed_lines": [], "summary": {"covered_lines": 0, "num_statements": 1, "percent_covered": 0.0, "percent_covered_display": "0", "missing_lines": 1, "excluded_lines": 0, "percent_statements_covered": 0.0, "percent_statements_covered_display": "0"}, "missing_lines": [27], "excluded_lines": [], "start_line": 25}, "Phase3Config.crime_composition": {"executed_lines": [], "summary": {"covered_lines": 0, "num_statements": 1, "percent_covered": 0.0, "percent_covered_display": "0", "missing_lines": 1, "excluded_lines": 0, "percent_statements_covered": 0.0, "percent_statements_covered_display": "0"}, "missing_lines": [32], "excluded_lines": [], "start_line": 30}, "Phase3Config.events": {"executed_lines": [], "summary": {"covered_lines": 0, "num_statements": 1, "percent_covered": 0.0, "percent_covered_display": "0", "missing_lines": 1, "excluded_lines": 0, "percent_statements_covered": 0.0, "percent_statements_covered_display": "0"}, "missing_lines": [37], "excluded_lines": [], "start_line": 35}, "Phase3Config.corridors": {"executed_lines": [], "summary": {"covered_lines": 0, "num_statements": 1, "percent_covered": 0.0, "percent_covered_display": "0", "missing_lines": 1, "excluded_lines": 0, "percent_statements_covered": 0.0, "percent_statements_covered_display": "0"}, "missing_lines": [42], "excluded_lines": [], "start_line": 40}, "Phase3Config.coordinate_bounds": {"executed_lines": [], "summary": {"covered_lines": 0, "num_statements": 1, "percent_covered": 0.0, "percent_covered_display": "0", "missing_lines": 1, "excluded_lines": 0, "percent_statements_covered": 0.0, "percent_statements_covered_display": "0"}, "missing_lines": [47], "excluded_lines": [], "start_line": 45}, "Phase3Config.version": {"executed_lines": [], "summary": {"covered_lines": 0, "num_statements": 1, "percent_covered": 0.0, "percent_covered_display": "0", "missing_lines": 1, "excluded_lines": 0, "percent_statements_covered": 0.0, "percent_statements_covered_display": "0"}, "missing_lines": [52], "excluded_lines": [], "start_line": 50}, "": {"executed_lines": [], "summary": {"covered_lines": 0, "num_statements": 19, "percent_covered": 0.0, "percent_covered_display": "0", "missing_lines": 19, "excluded_lines": 0, "percent_statements_covered": 0.0, "percent_statements_covered_display": "0"}, "missing_lines": [3, 4, 5, 8, 11, 19, 20, 24, 25, 29, 30, 34, 35, 39, 40, 44, 45, 49, 50], "excluded_lines": [], "start_line": 1}}, "classes": {"Phase3Config": {"executed_lines": [], "summary": {"covered_lines": 0, "num_statements": 12, "percent_covered": 0.0, "percent_covered_display": "0", "missing_lines": 12, "excluded_lines": 0, "percent_statements_covered": 0.0, "percent_statements_covered_display": "0"}, "missing_lines": [12, 13, 14, 16, 17, 22, 27, 32, 37, 42, 47, 52], "excluded_lines": [], "start_line": 8}, "": {"executed_lines": [], "summary": {"covered_lines": 0, "num_statements": 19, "percent_covered": 0.0, "percent_covered_display": "0", "missing_lines": 19, "excluded_lines": 0, "percent_statements_covered": 0.0, "percent_statements_covered_display": "0"}, "missing_lines": [3, 4, 5, 8, 11, 19, 20, 24, 25, 29, 30, 34, 35, 39, 40, 44, 45, 49, 50], "excluded_lines": [], "start_line": 1}}}, "analysis/report_utils.py": {"executed_lines": [], "summary": {"covered_lines": 0, "num_statements": 53, "percent_covered": 0.0, "percent_covered_display": "0", "missing_lines": 53, "excluded_lines": 0, "percent_statements_covered": 0.0, "percent_statements_covered_display": "0"}, "missing_lines": [1, 2, 5, 7, 9, 13, 20, 24, 28, 30, 31, 32, 34, 35, 38, 41, 47, 48, 50, 53, 55, 56, 60, 61, 62, 63, 66, 67, 68, 70, 72, 73, 75, 76, 77, 79, 81, 82, 83, 84, 85, 87, 89, 90, 93, 94, 95, 98, 99, 101, 102, 103, 104], "excluded_lines": [], "functions": {"_map_test_item": {"executed_lines": [], "summary": {"covered_lines": 0, "num_statements": 12, "percent_covered": 0.0, "percent_covered_display": "0", "missing_lines": 12, "excluded_lines": 0, "percent_statements_covered": 0.0, "percent_statements_covered_display": "0"}, "missing_lines": [7, 9, 13, 20, 24, 28, 30, 31, 32, 34, 35, 38], "excluded_lines": [], "start_line": 5}, "normalize_heat_crime_json": {"executed_lines": [], "summary": {"covered_lines": 0, "num_statements": 28, "percent_covered": 0.0, "percent_covered_display": "0", "missing_lines": 28, "excluded_lines": 0, "percent_statements_covered": 0.0, "percent_statements_covered_display": "0"}, "missing_lines": [47, 48, 50, 53, 55, 56, 60, 61, 62, 63, 66, 67, 68, 70, 72, 73, 75, 76, 77, 79, 81, 82, 83, 84, 85, 87, 89, 90], "excluded_lines": [], "start_line": 41}, "load_normalized": {"executed_lines": [], "summary": {"covered_lines": 0, "num_statements": 2, "percent_covered": 0.0, "percent_covered_display": "0", "missing_lines": 2, "excluded_lines": 0, "percent_statements_covered": 0.0, "percent_statements_covered_display": "0"}, "missing_lines": [94, 95], "excluded_lines": [], "start_line": 93}, "": {"executed_lines": [], "summary": {"covered_lines": 0, "num_statements": 11, "percent_covered": 0.0, "percent_covered_display": "0", "missing_lines": 11, "excluded_lines": 0, "percent_statements_covered": 0.0, "percent_statements_covered_display": "0"}, "missing_lines": [1, 2, 5, 41, 93, 98, 99, 101, 102, 103, 104], "excluded_lines": [], "start_line": 1}}, "classes": {"": {"executed_lines": [], "summary": {"covered_lines": 0, "num_statements": 53, "percent_covered": 0.0, "percent_covered_display": "0", "missing_lines": 53, "excluded_lines": 0, "percent_statements_covered": 0.0, "percent_statements_covered_display": "0"}, "missing_lines": [1, 2, 5, 7, 9, 13, 20, 24, 28, 30, 31, 32, 34, 35, 38, 41, 47, 48, 50, 53, 55, 56, 60, 61, 62, 63, 66, 67, 68, 70, 72, 73, 75, 76, 77, 79, 81, 82, 83, 84, 85, 87, 89, 90, 93, 94, 95, 98, 99, 101, 102, 103, 104], "excluded_lines": [], "start_line": 1}}}, "analysis/spatial_utils.py": {"executed_lines": [], "summary": {"covered_lines": 0, "num_statements": 75, "percent_covered": 0.0, "percent_covered_display": "0", "missing_lines": 75, "excluded_lines": 0, "percent_statements_covered": 0.0, "percent_statements_covered_display": "0"}, "missing_lines": [10, 12, 14, 15, 16, 18, 21, 23, 26, 56, 57, 59, 62, 63, 66, 75, 78, 98, 99, 101, 102, 103, 104, 106, 110, 111, 115, 118, 142, 146, 147, 150, 174, 175, 178, 181, 184, 185, 188, 196, 197, 200, 201, 203, 206, 230, 231, 234, 237, 240, 241, 244, 245, 248, 256, 257, 259, 262, 297, 298, 299, 301, 302, 305, 306, 309, 311, 314, 335, 336, 337, 339, 340, 341, 343], "excluded_lines": [], "functions": {"get_repo_root": {"executed_lines": [], "summary": {"covered_lines": 0, "num_statements": 1, "percent_covered": 0.0, "percent_covered_display": "0", "missing_lines": 1, "excluded_lines": 0, "percent_statements_covered": 0.0, "percent_statements_covered_display": "0"}, "missing_lines": [23], "excluded_lines": [], "start_line": 21}, "clean_coordinates": {"executed_lines": [], "summary": {"covered_lines": 0, "num_statements": 7, "percent_covered": 0.0, "percent_covered_display": "0", "missing_lines": 7, "excluded_lines": 0, "percent_statements_covered": 0.0, "percent_statements_covered_display": "0"}, "missing_lines": [56, 57, 59, 62, 63, 66, 75], "excluded_lines": [], "start_line": 26}, "load_boundaries": {"executed_lines": [], "summary": {"covered_lines": 0, "num_statements": 10, "percent_covered": 0.0, "percent_covered_display": "0", "missing_lines": 10, "excluded_lines": 0, "percent_statements_covered": 0.0, "percent_statements_covered_display": "0"}, "missing_lines": [98, 99, 101, 102, 103, 104, 106, 110, 111, 115], "excluded_lines": [], "start_line": 78}, "df_to_geodataframe": {"executed_lines": [], "summary": {"covered_lines": 0, "num_statements": 3, "percent_covered": 0.0, "percent_covered_display": "0", "missing_lines": 3, "excluded_lines": 0, "percent_statements_covered": 0.0, "percent_statements_covered_display": "0"}, "missing_lines": [142, 146, 147], "excluded_lines": [], "start_line": 118}, "spatial_join_districts": {"executed_lines": [], "summary": {"covered_lines": 0, "num_statements": 12, "percent_covered": 0.0, "percent_covered_display": "0", "missing_lines": 12, "excluded_lines": 0, "percent_statements_covered": 0.0, "percent_statements_covered_display": "0"}, "missing_lines": [174, 175, 178, 181, 184, 185, 188, 196, 197, 200, 201, 203], "excluded_lines": [], "start_line": 150}, "spatial_join_tracts": {"executed_lines": [], "summary": {"covered_lines": 0, "num_statements": 12, "percent_covered": 0.0, "percent_covered_display": "0", "missing_lines": 12, "excluded_lines": 0, "percent_statements_covered": 0.0, "percent_statements_covered_display": "0"}, "missing_lines": [230, 231, 234, 237, 240, 241, 244, 245, 248, 256, 257, 259], "excluded_lines": [], "start_line": 206}, "calculate_severity_score": {"executed_lines": [], "summary": {"covered_lines": 0, "num_statements": 9, "percent_covered": 0.0, "percent_covered_display": "0", "missing_lines": 9, "excluded_lines": 0, "percent_statements_covered": 0.0, "percent_statements_covered_display": "0"}, "missing_lines": [297, 298, 299, 301, 302, 305, 306, 309, 311], "excluded_lines": [], "start_line": 262}, "get_coordinate_stats": {"executed_lines": [], "summary": {"covered_lines": 0, "num_statements": 7, "percent_covered": 0.0, "percent_covered_display": "0", "missing_lines": 7, "excluded_lines": 0, "percent_statements_covered": 0.0, "percent_statements_covered_display": "0"}, "missing_lines": [335, 336, 337, 339, 340, 341, 343], "excluded_lines": [], "start_line": 314}, "": {"executed_lines": [], "summary": {"covered_lines": 0, "num_statements": 14, "percent_covered": 0.0, "percent_covered_display": "0", "missing_lines": 14, "excluded_lines": 0, "percent_statements_covered": 0.0, "percent_statements_covered_display": "0"}, "missing_lines": [10, 12, 14, 15, 16, 18, 21, 26, 78, 118, 150, 206, 262, 314], "excluded_lines": [], "start_line": 1}}, "classes": {"": {"executed_lines": [], "summary": {"covered_lines": 0, "num_statements": 75, "percent_covered": 0.0, "percent_covered_display": "0", "missing_lines": 75, "excluded_lines": 0, "percent_statements_covered": 0.0, "percent_statements_covered_display": "0"}, "missing_lines": [10, 12, 14, 15, 16, 18, 21, 23, 26, 56, 57, 59, 62, 63, 66, 75, 78, 98, 99, 101, 102, 103, 104, 106, 110, 111, 115, 118, 142, 146, 147, 150, 174, 175, 178, 181, 184, 185, 188, 196, 197, 200, 201, 203, 206, 230, 231, 234, 237, 240, 241, 244, 245, 248, 256, 257, 259, 262, 297, 298, 299, 301, 302, 305, 306, 309, 311, 314, 335, 336, 337, 339, 340, 341, 343], "excluded_lines": [], "start_line": 1}}}, "analysis/utils/__init__.py": {"executed_lines": [14, 16, 17, 18, 19, 20, 22, 24, 25, 28, 29, 39, 61, 62, 77, 81], "summary": {"covered_lines": 16, "num_statements": 37, "percent_covered": 43.24324324324324, "percent_covered_display": "43", "missing_lines": 21, "excluded_lines": 0, "percent_statements_covered": 43.24324324324324, "percent_statements_covered_display": "43"}, "missing_lines": [40, 42, 45, 46, 51, 52, 53, 54, 55, 56, 57, 63, 64, 65, 66, 67, 68, 69, 72, 73, 78], "excluded_lines": [], "functions": {"": {"executed_lines": [14, 16, 17, 18, 19, 20, 22, 24, 25, 28, 29, 39, 61, 62, 77, 81], "summary": {"covered_lines": 16, "num_statements": 37, "percent_covered": 43.24324324324324, "percent_covered_display": "43", "missing_lines": 21, "excluded_lines": 0, "percent_statements_covered": 43.24324324324324, "percent_statements_covered_display": "43"}, "missing_lines": [40, 42, 45, 46, 51, 52, 53, 54, 55, 56, 57, 63, 64, 65, 66, 67, 68, 69, 72, 73, 78], "excluded_lines": [], "start_line": 1}}, "classes": {"": {"executed_lines": [14, 16, 17, 18, 19, 20, 22, 24, 25, 28, 29, 39, 61, 62, 77, 81], "summary": {"covered_lines": 16, "num_statements": 37, "percent_covered": 43.24324324324324, "percent_covered_display": "43", "missing_lines": 21, "excluded_lines": 0, "percent_statements_covered": 43.24324324324324, "percent_statements_covered_display": "43"}, "missing_lines": [40, 42, 45, 46, 51, 52, 53, 54, 55, 56, 57, 63, 64, 65, 66, 67, 68, 69, 72, 73, 78], "excluded_lines": [], "start_line": 1}}}, "analysis/utils/classification.py": {"executed_lines": [7, 9, 13, 19, 45, 46, 48, 49, 50, 52, 53, 54, 56], "summary": {"covered_lines": 13, "num_statements": 13, "percent_covered": 100.0, "percent_covered_display": "100", "missing_lines": 0, "excluded_lines": 0, "percent_statements_covered": 100.0, "percent_statements_covered_display": "100"}, "missing_lines": [], "excluded_lines": [], "functions": {"classify_crime_category": {"executed_lines": [45, 46, 48, 49, 50, 52, 53, 54, 56], "summary": {"covered_lines": 9, "num_statements": 9, "percent_covered": 100.0, "percent_covered_display": "100", "missing_lines": 0, "excluded_lines": 0, "percent_statements_covered": 100.0, "percent_statements_covered_display": "100"}, "missing_lines": [], "excluded_lines": [], "start_line": 19}, "": {"executed_lines": [7, 9, 13, 19], "summary": {"covered_lines": 4, "num_statements": 4, "percent_covered": 100.0, "percent_covered_display": "100", "missing_lines": 0, "excluded_lines": 0, "percent_statements_covered": 100.0, "percent_statements_covered_display": "100"}, "missing_lines": [], "excluded_lines": [], "start_line": 1}}, "classes": {"": {"executed_lines": [7, 9, 13, 19, 45, 46, 48, 49, 50, 52, 53, 54, 56], "summary": {"covered_lines": 13, "num_statements": 13, "percent_covered": 100.0, "percent_covered_display": "100", "missing_lines": 0, "excluded_lines": 0, "percent_statements_covered": 100.0, "percent_statements_covered_display": "100"}, "missing_lines": [], "excluded_lines": [], "start_line": 1}}}, "analysis/utils/spatial.py": {"executed_lines": [10, 12, 14, 15, 16, 18, 27, 36, 83, 120, 152, 208, 264, 318], "summary": {"covered_lines": 14, "num_statements": 69, "percent_covered": 20.28985507246377, "percent_covered_display": "20", "missing_lines": 55, "excluded_lines": 0, "percent_statements_covered": 20.28985507246377, "percent_statements_covered_display": "20"}, "missing_lines": [33, 67, 68, 71, 80, 101, 103, 104, 105, 106, 108, 112, 113, 117, 144, 148, 149, 176, 177, 180, 183, 186, 187, 190, 198, 199, 202, 203, 205, 232, 233, 236, 239, 242, 243, 246, 247, 250, 258, 259, 261, 302, 303, 305, 306, 309, 310, 313, 315, 340, 341, 342, 344, 345, 347], "excluded_lines": [], "functions": {"get_repo_root": {"executed_lines": [], "summary": {"covered_lines": 0, "num_statements": 1, "percent_covered": 0.0, "percent_covered_display": "0", "missing_lines": 1, "excluded_lines": 0, "percent_statements_covered": 0.0, "percent_statements_covered_display": "0"}, "missing_lines": [33], "excluded_lines": [], "start_line": 27}, "clean_coordinates": {"executed_lines": [], "summary": {"covered_lines": 0, "num_statements": 4, "percent_covered": 0.0, "percent_covered_display": "0", "missing_lines": 4, "excluded_lines": 0, "percent_statements_covered": 0.0, "percent_statements_covered_display": "0"}, "missing_lines": [67, 68, 71, 80], "excluded_lines": [], "start_line": 36}, "load_boundaries": {"executed_lines": [], "summary": {"covered_lines": 0, "num_statements": 9, "percent_covered": 0.0, "percent_covered_display": "0", "missing_lines": 9, "excluded_lines": 0, "percent_statements_covered": 0.0, "percent_statements_covered_display": "0"}, "missing_lines": [101, 103, 104, 105, 106, 108, 112, 113, 117], "excluded_lines": [], "start_line": 83}, "df_to_geodataframe": {"executed_lines": [], "summary": {"covered_lines": 0, "num_statements": 3, "percent_covered": 0.0, "percent_covered_display": "0", "missing_lines": 3, "excluded_lines": 0, "percent_statements_covered": 0.0, "percent_statements_covered_display": "0"}, "missing_lines": [144, 148, 149], "excluded_lines": [], "start_line": 120}, "spatial_join_districts": {"executed_lines": [], "summary": {"covered_lines": 0, "num_statements": 12, "percent_covered": 0.0, "percent_covered_display": "0", "missing_lines": 12, "excluded_lines": 0, "percent_statements_covered": 0.0, "percent_statements_covered_display": "0"}, "missing_lines": [176, 177, 180, 183, 186, 187, 190, 198, 199, 202, 203, 205], "excluded_lines": [], "start_line": 152}, "spatial_join_tracts": {"executed_lines": [], "summary": {"covered_lines": 0, "num_statements": 12, "percent_covered": 0.0, "percent_covered_display": "0", "missing_lines": 12, "excluded_lines": 0, "percent_statements_covered": 0.0, "percent_statements_covered_display": "0"}, "missing_lines": [232, 233, 236, 239, 242, 243, 246, 247, 250, 258, 259, 261], "excluded_lines": [], "start_line": 208}, "calculate_severity_score": {"executed_lines": [], "summary": {"covered_lines": 0, "num_statements": 8, "percent_covered": 0.0, "percent_covered_display": "0", "missing_lines": 8, "excluded_lines": 0, "percent_statements_covered": 0.0, "percent_statements_covered_display": "0"}, "missing_lines": [302, 303, 305, 306, 309, 310, 313, 315], "excluded_lines": [], "start_line": 264}, "get_coordinate_stats": {"executed_lines": [], "summary": {"covered_lines": 0, "num_statements": 6, "percent_covered": 0.0, "percent_covered_display": "0", "missing_lines": 6, "excluded_lines": 0, "percent_statements_covered": 0.0, "percent_statements_covered_display": "0"}, "missing_lines": [340, 341, 342, 344, 345, 347], "excluded_lines": [], "start_line": 318}, "": {"executed_lines": [10, 12, 14, 15, 16, 18, 27, 36, 83, 120, 152, 208, 264, 318], "summary": {"covered_lines": 14, "num_statements": 14, "percent_covered": 100.0, "percent_covered_display": "100", "missing_lines": 0, "excluded_lines": 0, "percent_statements_covered": 100.0, "percent_statements_covered_display": "100"}, "missing_lines": [], "excluded_lines": [], "start_line": 1}}, "classes": {"": {"executed_lines": [10, 12, 14, 15, 16, 18, 27, 36, 83, 120, 152, 208, 264, 318], "summary": {"covered_lines": 14, "num_statements": 69, "percent_covered": 20.28985507246377, "percent_covered_display": "20", "missing_lines": 55, "excluded_lines": 0, "percent_statements_covered": 20.28985507246377, "percent_statements_covered_display": "20"}, "missing_lines": [33, 67, 68, 71, 80, 101, 103, 104, 105, 106, 108, 112, 113, 117, 144, 148, 149, 176, 177, 180, 183, 186, 187, 190, 198, 199, 202, 203, 205, 232, 233, 236, 239, 242, 243, 246, 247, 250, 258, 259, 261, 302, 303, 305, 306, 309, 310, 313, 315, 340, 341, 342, 344, 345, 347], "excluded_lines": [], "start_line": 1}}}, "analysis/utils/temporal.py": {"executed_lines": [7, 9, 12, 45, 47, 48, 49, 51, 53, 54, 55, 56, 57, 59], "summary": {"covered_lines": 14, "num_statements": 14, "percent_covered": 100.0, "percent_covered_display": "100", "missing_lines": 0, "excluded_lines": 0, "percent_statements_covered": 100.0, "percent_statements_covered_display": "100"}, "missing_lines": [], "excluded_lines": [], "functions": {"extract_temporal_features": {"executed_lines": [45, 47, 48, 49, 51, 53, 54, 55, 56, 57, 59], "summary": {"covered_lines": 11, "num_statements": 11, "percent_covered": 100.0, "percent_covered_display": "100", "missing_lines": 0, "excluded_lines": 0, "percent_statements_covered": 100.0, "percent_statements_covered_display": "100"}, "missing_lines": [], "excluded_lines": [], "start_line": 12}, "": {"executed_lines": [7, 9, 12], "summary": {"covered_lines": 3, "num_statements": 3, "percent_covered": 100.0, "percent_covered_display": "100", "missing_lines": 0, "excluded_lines": 0, "percent_statements_covered": 100.0, "percent_statements_covered_display": "100"}, "missing_lines": [], "excluded_lines": [], "start_line": 1}}, "classes": {"": {"executed_lines": [7, 9, 12, 45, 47, 48, 49, 51, 53, 54, 55, 56, 57, 59], "summary": {"covered_lines": 14, "num_statements": 14, "percent_covered": 100.0, "percent_covered_display": "100", "missing_lines": 0, "excluded_lines": 0, "percent_statements_covered": 100.0, "percent_statements_covered_display": "100"}, "missing_lines": [], "excluded_lines": [], "start_line": 1}}}, "analysis/validate_artifacts.py": {"executed_lines": [], "summary": {"covered_lines": 0, "num_statements": 95, "percent_covered": 0.0, "percent_covered_display": "0", "missing_lines": 95, "excluded_lines": 0, "percent_statements_covered": 0.0, "percent_statements_covered_display": "0"}, "missing_lines": [3, 5, 6, 7, 8, 9, 11, 14, 16, 17, 19, 20, 21, 22, 23, 24, 25, 27, 28, 29, 32, 34, 35, 37, 38, 39, 41, 42, 43, 46, 48, 49, 51, 52, 53, 54, 56, 57, 58, 59, 60, 63, 65, 66, 68, 69, 70, 71, 74, 76, 77, 79, 80, 81, 84, 85, 86, 87, 88, 89, 90, 93, 94, 95, 96, 97, 98, 99, 102, 103, 104, 105, 106, 107, 108, 111, 112, 113, 114, 115, 116, 117, 118, 119, 120, 121, 122, 125, 126, 127, 128, 130, 131, 134, 135], "excluded_lines": [], "functions": {"validate_png_dpi": {"executed_lines": [], "summary": {"covered_lines": 0, "num_statements": 12, "percent_covered": 0.0, "percent_covered_display": "0", "missing_lines": 12, "excluded_lines": 0, "percent_statements_covered": 0.0, "percent_statements_covered_display": "0"}, "missing_lines": [16, 17, 19, 20, 21, 22, 23, 24, 25, 27, 28, 29], "excluded_lines": [], "start_line": 14}, "validate_report_sections": {"executed_lines": [], "summary": {"covered_lines": 0, "num_statements": 8, "percent_covered": 0.0, "percent_covered_display": "0", "missing_lines": 8, "excluded_lines": 0, "percent_statements_covered": 0.0, "percent_statements_covered_display": "0"}, "missing_lines": [34, 35, 37, 38, 39, 41, 42, 43], "excluded_lines": [], "start_line": 32}, "validate_manifest": {"executed_lines": [], "summary": {"covered_lines": 0, "num_statements": 11, "percent_covered": 0.0, "percent_covered_display": "0", "missing_lines": 11, "excluded_lines": 0, "percent_statements_covered": 0.0, "percent_statements_covered_display": "0"}, "missing_lines": [48, 49, 51, 52, 53, 54, 56, 57, 58, 59, 60], "excluded_lines": [], "start_line": 46}, "validate_hash": {"executed_lines": [], "summary": {"covered_lines": 0, "num_statements": 6, "percent_covered": 0.0, "percent_covered_display": "0", "missing_lines": 6, "excluded_lines": 0, "percent_statements_covered": 0.0, "percent_statements_covered_display": "0"}, "missing_lines": [65, 66, 68, 69, 70, 71], "excluded_lines": [], "start_line": 63}, "main": {"executed_lines": [], "summary": {"covered_lines": 0, "num_statements": 44, "percent_covered": 0.0, "percent_covered_display": "0", "missing_lines": 44, "excluded_lines": 0, "percent_statements_covered": 0.0, "percent_statements_covered_display": "0"}, "missing_lines": [76, 77, 79, 80, 81, 84, 85, 86, 87, 88, 89, 90, 93, 94, 95, 96, 97, 98, 99, 102, 103, 104, 105, 106, 107, 108, 111, 112, 113, 114, 115, 116, 117, 118, 119, 120, 121, 122, 125, 126, 127, 128, 130, 131], "excluded_lines": [], "start_line": 74}, "": {"executed_lines": [], "summary": {"covered_lines": 0, "num_statements": 14, "percent_covered": 0.0, "percent_covered_display": "0", "missing_lines": 14, "excluded_lines": 0, "percent_statements_covered": 0.0, "percent_statements_covered_display": "0"}, "missing_lines": [3, 5, 6, 7, 8, 9, 11, 14, 32, 46, 63, 74, 134, 135], "excluded_lines": [], "start_line": 1}}, "classes": {"": {"executed_lines": [], "summary": {"covered_lines": 0, "num_statements": 95, "percent_covered": 0.0, "percent_covered_display": "0", "missing_lines": 95, "excluded_lines": 0, "percent_statements_covered": 0.0, "percent_statements_covered_display": "0"}, "missing_lines": [3, 5, 6, 7, 8, 9, 11, 14, 16, 17, 19, 20, 21, 22, 23, 24, 25, 27, 28, 29, 32, 34, 35, 37, 38, 39, 41, 42, 43, 46, 48, 49, 51, 52, 53, 54, 56, 57, 58, 59, 60, 63, 65, 66, 68, 69, 70, 71, 74, 76, 77, 79, 80, 81, 84, 85, 86, 87, 88, 89, 90, 93, 94, 95, 96, 97, 98, 99, 102, 103, 104, 105, 106, 107, 108, 111, 112, 113, 114, 115, 116, 117, 118, 119, 120, 121, 122, 125, 126, 127, 128, 130, 131, 134, 135], "excluded_lines": [], "start_line": 1}}}, "analysis/validate_phase3.py": {"executed_lines": [], "summary": {"covered_lines": 0, "num_statements": 112, "percent_covered": 0.0, "percent_covered_display": "0", "missing_lines": 112, "excluded_lines": 0, "percent_statements_covered": 0.0, "percent_statements_covered_display": "0"}, "missing_lines": [3, 5, 8, 15, 17, 25, 31, 32, 33, 34, 37, 38, 39, 40, 41, 44, 51, 52, 53, 54, 57, 58, 59, 60, 61, 62, 63, 64, 67, 68, 71, 78, 79, 80, 81, 84, 90, 91, 92, 93, 96, 97, 98, 99, 100, 101, 102, 105, 106, 108, 111, 113, 114, 117, 118, 119, 120, 121, 128, 129, 132, 133, 134, 135, 136, 137, 138, 141, 142, 143, 144, 145, 146, 153, 154, 156, 159, 161, 162, 164, 165, 166, 168, 169, 170, 171, 172, 173, 174, 175, 176, 178, 180, 181, 182, 183, 184, 185, 186, 187, 188, 190, 192, 193, 194, 196, 199, 200, 201, 202, 203, 204], "excluded_lines": [], "functions": {"validate_phase3_artifacts": {"executed_lines": [], "summary": {"covered_lines": 0, "num_statements": 47, "percent_covered": 0.0, "percent_covered_display": "0", "missing_lines": 47, "excluded_lines": 0, "percent_statements_covered": 0.0, "percent_statements_covered_display": "0"}, "missing_lines": [15, 17, 25, 31, 32, 33, 34, 37, 38, 39, 40, 41, 44, 51, 52, 53, 54, 57, 58, 59, 60, 61, 62, 63, 64, 67, 68, 71, 78, 79, 80, 81, 84, 90, 91, 92, 93, 96, 97, 98, 99, 100, 101, 102, 105, 106, 108], "excluded_lines": [], "start_line": 8}, "cross_reference_checks": {"executed_lines": [], "summary": {"covered_lines": 0, "num_statements": 25, "percent_covered": 0.0, "percent_covered_display": "0", "missing_lines": 25, "excluded_lines": 0, "percent_statements_covered": 0.0, "percent_statements_covered_display": "0"}, "missing_lines": [113, 114, 117, 118, 119, 120, 121, 128, 129, 132, 133, 134, 135, 136, 137, 138, 141, 142, 143, 144, 145, 146, 153, 154, 156], "excluded_lines": [], "start_line": 111}, "print_validation_report": {"executed_lines": [], "summary": {"covered_lines": 0, "num_statements": 29, "percent_covered": 0.0, "percent_covered_display": "0", "missing_lines": 29, "excluded_lines": 0, "percent_statements_covered": 0.0, "percent_statements_covered_display": "0"}, "missing_lines": [161, 162, 164, 165, 166, 168, 169, 170, 171, 172, 173, 174, 175, 176, 178, 180, 181, 182, 183, 184, 185, 186, 187, 188, 190, 192, 193, 194, 196], "excluded_lines": [], "start_line": 159}, "": {"executed_lines": [], "summary": {"covered_lines": 0, "num_statements": 11, "percent_covered": 0.0, "percent_covered_display": "0", "missing_lines": 11, "excluded_lines": 0, "percent_statements_covered": 0.0, "percent_statements_covered_display": "0"}, "missing_lines": [3, 5, 8, 111, 159, 199, 200, 201, 202, 203, 204], "excluded_lines": [], "start_line": 1}}, "classes": {"": {"executed_lines": [], "summary": {"covered_lines": 0, "num_statements": 112, "percent_covered": 0.0, "percent_covered_display": "0", "missing_lines": 112, "excluded_lines": 0, "percent_statements_covered": 0.0, "percent_statements_covered_display": "0"}, "missing_lines": [3, 5, 8, 15, 17, 25, 31, 32, 33, 34, 37, 38, 39, 40, 41, 44, 51, 52, 53, 54, 57, 58, 59, 60, 61, 62, 63, 64, 67, 68, 71, 78, 79, 80, 81, 84, 90, 91, 92, 93, 96, 97, 98, 99, 100, 101, 102, 105, 106, 108, 111, 113, 114, 117, 118, 119, 120, 121, 128, 129, 132, 133, 134, 135, 136, 137, 138, 141, 142, 143, 144, 145, 146, 153, 154, 156, 159, 161, 162, 164, 165, 166, 168, 169, 170, 171, 172, 173, 174, 175, 176, 178, 180, 181, 182, 183, 184, 185, 186, 187, 188, 190, 192, 193, 194, 196, 199, 200, 201, 202, 203, 204], "excluded_lines": [], "start_line": 1}}}, "analysis/visualization/__init__.py": {"executed_lines": [], "summary": {"covered_lines": 0, "num_statements": 0, "percent_covered": 100.0, "percent_covered_display": "100", "missing_lines": 0, "excluded_lines": 0, "percent_statements_covered": 100.0, "percent_statements_covered_display": "100"}, "missing_lines": [], "excluded_lines": [], "functions": {"": {"executed_lines": [], "summary": {"covered_lines": 0, "num_statements": 0, "percent_covered": 100.0, "percent_covered_display": "100", "missing_lines": 0, "excluded_lines": 0, "percent_statements_covered": 100.0, "percent_statements_covered_display": "100"}, "missing_lines": [], "excluded_lines": [], "start_line": 1}}, "classes": {"": {"executed_lines": [], "summary": {"covered_lines": 0, "num_statements": 0, "percent_covered": 100.0, "percent_covered_display": "100", "missing_lines": 0, "excluded_lines": 0, "percent_statements_covered": 100.0, "percent_statements_covered_display": "100"}, "missing_lines": [], "excluded_lines": [], "start_line": 1}}}, "analysis/visualization/forecast_plots.py": {"executed_lines": [], "summary": {"covered_lines": 0, "num_statements": 146, "percent_covered": 0.0, "percent_covered_display": "0", "missing_lines": 146, "excluded_lines": 0, "percent_statements_covered": 0.0, "percent_statements_covered_display": "0"}, "missing_lines": [11, 12, 14, 15, 16, 17, 20, 21, 22, 25, 26, 29, 57, 60, 71, 81, 82, 91, 92, 93, 94, 95, 97, 99, 100, 102, 105, 123, 129, 130, 132, 133, 135, 136, 137, 138, 140, 141, 143, 145, 146, 148, 151, 169, 172, 173, 174, 175, 176, 177, 180, 181, 182, 183, 184, 185, 188, 190, 191, 192, 195, 197, 198, 199, 201, 202, 204, 205, 207, 210, 230, 233, 236, 237, 238, 239, 240, 242, 244, 245, 247, 250, 272, 274, 277, 279, 280, 282, 284, 285, 287, 290, 310, 313, 314, 316, 319, 322, 323, 336, 338, 340, 341, 343, 346, 370, 373, 374, 385, 386, 396, 397, 398, 399, 400, 402, 404, 405, 407, 410, 430, 433, 436, 447, 448, 449, 451, 453, 454, 456, 459, 479, 481, 483, 484, 486, 487, 489, 490, 491, 492, 493, 495, 497, 498, 500], "excluded_lines": [], "functions": {"plot_forecast_with_intervals": {"executed_lines": [], "summary": {"covered_lines": 0, "num_statements": 14, "percent_covered": 0.0, "percent_covered_display": "0", "missing_lines": 14, "excluded_lines": 0, "percent_statements_covered": 0.0, "percent_statements_covered_display": "0"}, "missing_lines": [57, 60, 71, 81, 82, 91, 92, 93, 94, 95, 97, 99, 100, 102], "excluded_lines": [], "start_line": 29}, "plot_forecast_components": {"executed_lines": [], "summary": {"covered_lines": 0, "num_statements": 15, "percent_covered": 0.0, "percent_covered_display": "0", "missing_lines": 15, "excluded_lines": 0, "percent_statements_covered": 0.0, "percent_statements_covered_display": "0"}, "missing_lines": [123, 129, 130, 132, 133, 135, 136, 137, 138, 140, 141, 143, 145, 146, 148], "excluded_lines": [], "start_line": 105}, "plot_residuals_diagnostics": {"executed_lines": [], "summary": {"covered_lines": 0, "num_statements": 26, "percent_covered": 0.0, "percent_covered_display": "0", "missing_lines": 26, "excluded_lines": 0, "percent_statements_covered": 0.0, "percent_statements_covered_display": "0"}, "missing_lines": [169, 172, 173, 174, 175, 176, 177, 180, 181, 182, 183, 184, 185, 188, 190, 191, 192, 195, 197, 198, 199, 201, 202, 204, 205, 207], "excluded_lines": [], "start_line": 151}, "plot_feature_importance": {"executed_lines": [], "summary": {"covered_lines": 0, "num_statements": 11, "percent_covered": 0.0, "percent_covered_display": "0", "missing_lines": 11, "excluded_lines": 0, "percent_statements_covered": 0.0, "percent_statements_covered_display": "0"}, "missing_lines": [230, 233, 236, 237, 238, 239, 240, 242, 244, 245, 247], "excluded_lines": [], "start_line": 210}, "plot_shap_summary": {"executed_lines": [], "summary": {"covered_lines": 0, "num_statements": 9, "percent_covered": 0.0, "percent_covered_display": "0", "missing_lines": 9, "excluded_lines": 0, "percent_statements_covered": 0.0, "percent_statements_covered_display": "0"}, "missing_lines": [272, 274, 277, 279, 280, 282, 284, 285, 287], "excluded_lines": [], "start_line": 250}, "plot_correlation_matrix": {"executed_lines": [], "summary": {"covered_lines": 0, "num_statements": 12, "percent_covered": 0.0, "percent_covered_display": "0", "missing_lines": 12, "excluded_lines": 0, "percent_statements_covered": 0.0, "percent_statements_covered_display": "0"}, "missing_lines": [310, 313, 314, 316, 319, 322, 323, 336, 338, 340, 341, 343], "excluded_lines": [], "start_line": 290}, "plot_anomaly_detection": {"executed_lines": [], "summary": {"covered_lines": 0, "num_statements": 14, "percent_covered": 0.0, "percent_covered_display": "0", "missing_lines": 14, "excluded_lines": 0, "percent_statements_covered": 0.0, "percent_statements_covered_display": "0"}, "missing_lines": [370, 373, 374, 385, 386, 396, 397, 398, 399, 400, 402, 404, 405, 407], "excluded_lines": [], "start_line": 346}, "plot_confusion_matrix": {"executed_lines": [], "summary": {"covered_lines": 0, "num_statements": 10, "percent_covered": 0.0, "percent_covered_display": "0", "missing_lines": 10, "excluded_lines": 0, "percent_statements_covered": 0.0, "percent_statements_covered_display": "0"}, "missing_lines": [430, 433, 436, 447, 448, 449, 451, 453, 454, 456], "excluded_lines": [], "start_line": 410}, "plot_roc_curve": {"executed_lines": [], "summary": {"covered_lines": 0, "num_statements": 15, "percent_covered": 0.0, "percent_covered_display": "0", "missing_lines": 15, "excluded_lines": 0, "percent_statements_covered": 0.0, "percent_statements_covered_display": "0"}, "missing_lines": [479, 481, 483, 484, 486, 487, 489, 490, 491, 492, 493, 495, 497, 498, 500], "excluded_lines": [], "start_line": 459}, "": {"executed_lines": [], "summary": {"covered_lines": 0, "num_statements": 20, "percent_covered": 0.0, "percent_covered_display": "0", "missing_lines": 20, "excluded_lines": 0, "percent_statements_covered": 0.0, "percent_statements_covered_display": "0"}, "missing_lines": [11, 12, 14, 15, 16, 17, 20, 21, 22, 25, 26, 29, 105, 151, 210, 250, 290, 346, 410, 459], "excluded_lines": [], "start_line": 1}}, "classes": {"": {"executed_lines": [], "summary": {"covered_lines": 0, "num_statements": 146, "percent_covered": 0.0, "percent_covered_display": "0", "missing_lines": 146, "excluded_lines": 0, "percent_statements_covered": 0.0, "percent_statements_covered_display": "0"}, "missing_lines": [11, 12, 14, 15, 16, 17, 20, 21, 22, 25, 26, 29, 57, 60, 71, 81, 82, 91, 92, 93, 94, 95, 97, 99, 100, 102, 105, 123, 129, 130, 132, 133, 135, 136, 137, 138, 140, 141, 143, 145, 146, 148, 151, 169, 172, 173, 174, 175, 176, 177, 180, 181, 182, 183, 184, 185, 188, 190, 191, 192, 195, 197, 198, 199, 201, 202, 204, 205, 207, 210, 230, 233, 236, 237, 238, 239, 240, 242, 244, 245, 247, 250, 272, 274, 277, 279, 280, 282, 284, 285, 287, 290, 310, 313, 314, 316, 319, 322, 323, 336, 338, 340, 341, 343, 346, 370, 373, 374, 385, 386, 396, 397, 398, 399, 400, 402, 404, 405, 407, 410, 430, 433, 436, 447, 448, 449, 451, 453, 454, 456, 459, 479, 481, 483, 484, 486, 487, 489, 490, 491, 492, 493, 495, 497, 498, 500], "excluded_lines": [], "start_line": 1}}}}, "totals": {"covered_lines": 225, "num_statements": 1408, "percent_covered": 15.980113636363637, "percent_covered_display": "16", "missing_lines": 1183, "excluded_lines": 2, "percent_statements_covered": 15.980113636363637, "percent_statements_covered_display": "16"}}
