{"meta": {"format": 3, "version": "7.10.7", "timestamp": "2026-02-07T08:53:36.282364", "branch_coverage": false, "show_contexts": false}, "files": {"analysis/artifact_manager.py": {"executed_lines": [], "summary": {"covered_lines": 0, "num_statements": 28, "percent_covered": 0.0, "percent_covered_display": "0.00", "missing_lines": 28, "excluded_lines": 0}, "missing_lines": [3, 5, 6, 7, 8, 9, 12, 27, 30, 43, 44, 45, 46, 47, 50, 58, 59, 65, 66, 67, 70, 94, 95, 99, 109, 119, 120, 121], "excluded_lines": [], "functions": {"get_versioned_path": {"executed_lines": [], "summary": {"covered_lines": 0, "num_statements": 1, "percent_covered": 0.0, "percent_covered_display": "0.00", "missing_lines": 1, "excluded_lines": 0}, "missing_lines": [27], "excluded_lines": []}, "compute_file_hash": {"executed_lines": [], "summary": {"covered_lines": 0, "num_statements": 5, "percent_covered": 0.0, "percent_covered_display": "0.00", "missing_lines": 5, "excluded_lines": 0}, "missing_lines": [43, 44, 45, 46, 47], "excluded_lines": []}, "get_git_commit": {"executed_lines": [], "summary": {"covered_lines": 0, "num_statements": 5, "percent_covered": 0.0, "percent_covered_display": "0.00", "missing_lines": 5, "excluded_lines": 0}, "missing_lines": [58, 59, 65, 66, 67], "excluded_lines": []}, "create_version_manifest": {"executed_lines": [], "summary": {"covered_lines": 0, "num_statements": 3, "percent_covered": 0.0, "percent_covered_display": "0.00", "missing_lines": 3, "excluded_lines": 0}, "missing_lines": [94, 95, 99], "excluded_lines": []}, "save_manifest": {"executed_lines": [], "summary": {"covered_lines": 0, "num_statements": 3, "percent_covered": 0.0, "percent_covered_display": "0.00", "missing_lines": 3, "excluded_lines": 0}, "missing_lines": [119, 120, 121], "excluded_lines": []}, "": {"executed_lines": [], "summary": {"covered_lines": 0, "num_statements": 11, "percent_covered": 0.0, "percent_covered_display": "0.00", "missing_lines": 11, "excluded_lines": 0}, "missing_lines": [3, 5, 6, 7, 8, 9, 12, 30, 50, 70, 109], "excluded_lines": []}}, "classes": {"": {"executed_lines": [], "summary": {"covered_lines": 0, "num_statements": 28, "percent_covered": 0.0, "percent_covered_display": "0.00", "missing_lines": 28, "excluded_lines": 0}, "missing_lines": [3, 5, 6, 7, 8, 9, 12, 27, 30, 43, 44, 45, 46, 47, 50, 58, 59, 65, 66, 67, 70, 94, 95, 99, 109, 119, 120, 121], "excluded_lines": []}}}, "analysis/cli/chief.py": {"executed_lines": [], "summary": {"covered_lines": 0, "num_statements": 164, "percent_covered": 0.0, "percent_covered_display": "0.00", "missing_lines": 164, "excluded_lines": 0}, "missing_lines": [11, 12, 14, 15, 16, 17, 26, 27, 28, 29, 30, 31, 34, 35, 38, 39, 48, 52, 53, 54, 55, 56, 59, 67, 68, 69, 70, 73, 74, 75, 76, 77, 80, 83, 86, 89, 90, 91, 94, 96, 99, 102, 106, 109, 112, 113, 116, 126, 127, 128, 131, 132, 133, 134, 135, 136, 137, 138, 139, 140, 141, 143, 145, 146, 147, 148, 149, 152, 153, 161, 168, 169, 170, 171, 172, 174, 181, 182, 183, 184, 185, 187, 188, 189, 190, 192, 195, 200, 201, 208, 210, 212, 213, 214, 217, 218, 228, 229, 230, 232, 233, 234, 235, 236, 237, 238, 239, 240, 242, 244, 245, 246, 247, 250, 251, 259, 261, 268, 269, 270, 271, 272, 274, 281, 282, 283, 284, 285, 287, 288, 289, 290, 292, 295, 296, 297, 300, 302, 303, 306, 310, 312, 313, 314, 317, 320, 330, 331, 332, 334, 335, 336, 337, 338, 339, 340, 341, 342, 343, 345, 347, 348, 349, 350], "excluded_lines": [], "functions": {"trends": {"executed_lines": [], "summary": {"covered_lines": 0, "num_statements": 51, "percent_covered": 0.0, "percent_covered_display": "0.00", "missing_lines": 51, "excluded_lines": 0}, "missing_lines": [48, 52, 53, 54, 55, 56, 59, 67, 68, 69, 70, 73, 74, 75, 76, 77, 80, 83, 86, 89, 90, 91, 94, 96, 99, 102, 106, 109, 112, 113, 116, 126, 127, 128, 131, 132, 133, 134, 135, 136, 137, 138, 139, 140, 141, 143, 145, 146, 147, 148, 149], "excluded_lines": []}, "seasonality": {"executed_lines": [], "summary": {"covered_lines": 0, "num_statements": 44, "percent_covered": 0.0, "percent_covered_display": "0.00", "missing_lines": 44, "excluded_lines": 0}, "missing_lines": [161, 168, 169, 170, 171, 172, 174, 181, 182, 183, 184, 185, 187, 188, 189, 190, 192, 195, 200, 201, 208, 210, 212, 213, 214, 217, 218, 228, 229, 230, 232, 233, 234, 235, 236, 237, 238, 239, 240, 242, 244, 245, 246, 247], "excluded_lines": []}, "covid": {"executed_lines": [], "summary": {"covered_lines": 0, "num_statements": 49, "percent_covered": 0.0, "percent_covered_display": "0.00", "missing_lines": 49, "excluded_lines": 0}, "missing_lines": [259, 261, 268, 269, 270, 271, 272, 274, 281, 282, 283, 284, 285, 287, 288, 289, 290, 292, 295, 296, 297, 300, 302, 303, 306, 310, 312, 313, 314, 317, 320, 330, 331, 332, 334, 335, 336, 337, 338, 339, 340, 341, 342, 343, 345, 347, 348, 349, 350], "excluded_lines": []}, "": {"executed_lines": [], "summary": {"covered_lines": 0, "num_statements": 20, "percent_covered": 0.0, "percent_covered_display": "0.00", "missing_lines": 20, "excluded_lines": 0}, "missing_lines": [11, 12, 14, 15, 16, 17, 26, 27, 28, 29, 30, 31, 34, 35, 38, 39, 152, 153, 250, 251], "excluded_lines": []}}, "classes": {"": {"executed_lines": [], "summary": {"covered_lines": 0, "num_statements": 164, "percent_covered": 0.0, "percent_covered_display": "0.00", "missing_lines": 164, "excluded_lines": 0}, "missing_lines": [11, 12, 14, 15, 16, 17, 26, 27, 28, 29, 30, 31, 34, 35, 38, 39, 48, 52, 53, 54, 55, 56, 59, 67, 68, 69, 70, 73, 74, 75, 76, 77, 80, 83, 86, 89, 90, 91, 94, 96, 99, 102, 106, 109, 112, 113, 116, 126, 127, 128, 131, 132, 133, 134, 135, 136, 137, 138, 139, 140, 141, 143, 145, 146, 147, 148, 149, 152, 153, 161, 168, 169, 170, 171, 172, 174, 181, 182, 183, 184, 185, 187, 188, 189, 190, 192, 195, 200, 201, 208, 210, 212, 213, 214, 217, 218, 228, 229, 230, 232, 233, 234, 235, 236, 237, 238, 239, 240, 242, 244, 245, 246, 247, 250, 251, 259, 261, 268, 269, 270, 271, 272, 274, 281, 282, 283, 284, 285, 287, 288, 289, 290, 292, 295, 296, 297, 300, 302, 303, 306, 310, 312, 313, 314, 317, 320, 330, 331, 332, 334, 335, 336, 337, 338, 339, 340, 341, 342, 343, 345, 347, 348, 349, 350], "excluded_lines": []}}}, "analysis/cli/forecasting.py": {"executed_lines": [], "summary": {"covered_lines": 0, "num_statements": 133, "percent_covered": 0.0, "percent_covered_display": "0.00", "missing_lines": 133, "excluded_lines": 0}, "missing_lines": [11, 12, 14, 15, 16, 17, 18, 27, 28, 29, 30, 31, 32, 34, 35, 38, 39, 47, 54, 55, 56, 57, 59, 66, 67, 68, 69, 70, 72, 75, 77, 78, 80, 84, 87, 88, 90, 91, 93, 94, 96, 97, 98, 102, 104, 106, 107, 108, 111, 112, 113, 115, 118, 119, 121, 123, 132, 133, 134, 136, 137, 138, 139, 140, 141, 142, 143, 144, 146, 148, 149, 152, 153, 161, 165, 166, 167, 168, 170, 177, 178, 179, 180, 181, 183, 186, 187, 188, 191, 193, 195, 198, 199, 200, 203, 205, 206, 207, 208, 210, 214, 215, 217, 218, 220, 221, 222, 223, 225, 227, 228, 229, 232, 233, 237, 246, 247, 248, 250, 251, 252, 253, 254, 255, 256, 257, 258, 259, 260, 261, 263, 265, 266], "excluded_lines": [], "functions": {"time_series": {"executed_lines": [], "summary": {"covered_lines": 0, "num_statements": 54, "percent_covered": 0.0, "percent_covered_display": "0.00", "missing_lines": 54, "excluded_lines": 0}, "missing_lines": [47, 54, 55, 56, 57, 59, 66, 67, 68, 69, 70, 72, 75, 77, 78, 80, 84, 87, 88, 90, 91, 93, 94, 96, 97, 98, 102, 104, 106, 107, 108, 111, 112, 113, 115, 118, 119, 121, 123, 132, 133, 134, 136, 137, 138, 139, 140, 141, 142, 143, 144, 146, 148, 149], "excluded_lines": []}, "classification": {"executed_lines": [], "summary": {"covered_lines": 0, "num_statements": 60, "percent_covered": 0.0, "percent_covered_display": "0.00", "missing_lines": 60, "excluded_lines": 0}, "missing_lines": [161, 165, 166, 167, 168, 170, 177, 178, 179, 180, 181, 183, 186, 187, 188, 191, 193, 195, 198, 199, 200, 203, 205, 206, 207, 208, 210, 214, 215, 217, 218, 220, 221, 222, 223, 225, 227, 228, 229, 232, 233, 237, 246, 247, 248, 250, 251, 252, 253, 254, 255, 256, 257, 258, 259, 260, 261, 263, 265, 266], "excluded_lines": []}, "": {"executed_lines": [], "summary": {"covered_lines": 0, "num_statements": 19, "percent_covered": 0.0, "percent_covered_display": "0.00", "missing_lines": 19, "excluded_lines": 0}, "missing_lines": [11, 12, 14, 15, 16, 17, 18, 27, 28, 29, 30, 31, 32, 34, 35, 38, 39, 152, 153], "excluded_lines": []}}, "classes": {"": {"executed_lines": [], "summary": {"covered_lines": 0, "num_statements": 133, "percent_covered": 0.0, "percent_covered_display": "0.00", "missing_lines": 133, "excluded_lines": 0}, "missing_lines": [11, 12, 14, 15, 16, 17, 18, 27, 28, 29, 30, 31, 32, 34, 35, 38, 39, 47, 54, 55, 56, 57, 59, 66, 67, 68, 69, 70, 72, 75, 77, 78, 80, 84, 87, 88, 90, 91, 93, 94, 96, 97, 98, 102, 104, 106, 107, 108, 111, 112, 113, 115, 118, 119, 121, 123, 132, 133, 134, 136, 137, 138, 139, 140, 141, 142, 143, 144, 146, 148, 149, 152, 153, 161, 165, 166, 167, 168, 170, 177, 178, 179, 180, 181, 183, 186, 187, 188, 191, 193, 195, 198, 199, 200, 203, 205, 206, 207, 208, 210, 214, 215, 217, 218, 220, 221, 222, 223, 225, 227, 228, 229, 232, 233, 237, 246, 247, 248, 250, 251, 252, 253, 254, 255, 256, 257, 258, 259, 260, 261, 263, 265, 266], "excluded_lines": []}}}, "analysis/cli/main.py": {"executed_lines": [], "summary": {"covered_lines": 0, "num_statements": 28, "percent_covered": 0.0, "percent_covered_display": "0.00", "missing_lines": 28, "excluded_lines": 2}, "missing_lines": [19, 21, 22, 23, 24, 27, 30, 38, 42, 47, 52, 57, 64, 65, 72, 73, 74, 76, 77, 78, 80, 83, 84, 91, 106, 111, 112, 113], "excluded_lines": [116, 117], "functions": {"version": {"executed_lines": [], "summary": {"covered_lines": 0, "num_statements": 7, "percent_covered": 0.0, "percent_covered_display": "0.00", "missing_lines": 7, "excluded_lines": 0}, "missing_lines": [72, 73, 74, 76, 77, 78, 80], "excluded_lines": []}, "info": {"executed_lines": [], "summary": {"covered_lines": 0, "num_statements": 5, "percent_covered": 0.0, "percent_covered_display": "0.00", "missing_lines": 5, "excluded_lines": 0}, "missing_lines": [91, 106, 111, 112, 113], "excluded_lines": []}, "": {"executed_lines": [], "summary": {"covered_lines": 0, "num_statements": 16, "percent_covered": 0.0, "percent_covered_display": "0.00", "missing_lines": 16, "excluded_lines": 2}, "missing_lines": [19, 21, 22, 23, 24, 27, 30, 38, 42, 47, 52, 57, 64, 65, 83, 84], "excluded_lines": [116, 117]}}, "classes": {"": {"executed_lines": [], "summary": {"covered_lines": 0, "num_statements": 28, "percent_covered": 0.0, "percent_covered_display": "0.00", "missing_lines": 28, "excluded_lines": 2}, "missing_lines": [19, 21, 22, 23, 24, 27, 30, 38, 42, 47, 52, 57, 64, 65, 72, 73, 74, 76, 77, 78, 80, 83, 84, 91, 106, 111, 112, 113], "excluded_lines": [116, 117]}}}, "analysis/cli/patrol.py": {"executed_lines": [], "summary": {"covered_lines": 0, "num_statements": 221, "percent_covered": 0.0, "percent_covered_display": "0.00", "missing_lines": 221, "excluded_lines": 2}, "missing_lines": [12, 13, 15, 16, 17, 18, 27, 28, 34, 36, 37, 43, 44, 52, 54, 61, 62, 63, 64, 65, 68, 76, 77, 78, 79, 82, 83, 84, 85, 86, 89, 93, 98, 101, 104, 105, 107, 108, 109, 111, 112, 114, 116, 117, 120, 121, 122, 125, 126, 127, 130, 131, 132, 133, 135, 144, 145, 146, 148, 149, 150, 151, 152, 153, 154, 155, 156, 157, 158, 160, 162, 163, 164, 165, 168, 169, 177, 179, 181, 185, 186, 187, 188, 189, 191, 198, 199, 200, 201, 202, 204, 207, 210, 211, 213, 215, 216, 217, 220, 221, 222, 224, 227, 230, 231, 233, 234, 235, 236, 237, 238, 239, 240, 242, 243, 244, 245, 246, 248, 249, 250, 251, 252, 253, 254, 255, 256, 257, 259, 261, 262, 263, 266, 267, 274, 276, 278, 279, 280, 281, 283, 290, 291, 292, 293, 294, 296, 299, 300, 303, 304, 306, 310, 314, 315, 316, 319, 320, 323, 325, 334, 335, 337, 338, 339, 340, 341, 342, 343, 344, 346, 348, 349, 350, 353, 354, 361, 362, 364, 368, 369, 370, 371, 373, 380, 381, 382, 383, 384, 386, 388, 389, 390, 391, 392, 393, 394, 396, 398, 401, 403, 406, 407, 409, 411, 412, 413, 415, 416, 417, 418, 419, 420, 421, 422, 423, 424, 426, 428, 429, 430], "excluded_lines": [39, 40], "functions": {"hotspots": {"executed_lines": [], "summary": {"covered_lines": 0, "num_statements": 61, "percent_covered": 0.0, "percent_covered_display": "0.00", "missing_lines": 61, "excluded_lines": 0}, "missing_lines": [52, 54, 61, 62, 63, 64, 65, 68, 76, 77, 78, 79, 82, 83, 84, 85, 86, 89, 93, 98, 101, 104, 105, 107, 108, 109, 111, 112, 114, 116, 117, 120, 121, 122, 125, 126, 127, 130, 131, 132, 133, 135, 144, 145, 146, 148, 149, 150, 151, 152, 153, 154, 155, 156, 157, 158, 160, 162, 163, 164, 165], "excluded_lines": []}, "robbery_heatmap": {"executed_lines": [], "summary": {"covered_lines": 0, "num_statements": 56, "percent_covered": 0.0, "percent_covered_display": "0.00", "missing_lines": 56, "excluded_lines": 0}, "missing_lines": [177, 179, 181, 185, 186, 187, 188, 189, 191, 198, 199, 200, 201, 202, 204, 207, 210, 211, 213, 215, 216, 217, 220, 221, 222, 224, 227, 230, 231, 233, 234, 235, 236, 237, 238, 239, 240, 242, 243, 244, 245, 246, 248, 249, 250, 251, 252, 253, 254, 255, 256, 257, 259, 261, 262, 263], "excluded_lines": []}, "district_severity": {"executed_lines": [], "summary": {"covered_lines": 0, "num_statements": 40, "percent_covered": 0.0, "percent_covered_display": "0.00", "missing_lines": 40, "excluded_lines": 0}, "missing_lines": [274, 276, 278, 279, 280, 281, 283, 290, 291, 292, 293, 294, 296, 299, 300, 303, 304, 306, 310, 314, 315, 316, 319, 320, 323, 325, 334, 335, 337, 338, 339, 340, 341, 342, 343, 344, 346, 348, 349, 350], "excluded_lines": []}, "census_rates": {"executed_lines": [], "summary": {"covered_lines": 0, "num_statements": 45, "percent_covered": 0.0, "percent_covered_display": "0.00", "missing_lines": 45, "excluded_lines": 0}, "missing_lines": [361, 362, 364, 368, 369, 370, 371, 373, 380, 381, 382, 383, 384, 386, 388, 389, 390, 391, 392, 393, 394, 396, 398, 401, 403, 406, 407, 409, 411, 412, 413, 415, 416, 417, 418, 419, 420, 421, 422, 423, 424, 426, 428, 429, 430], "excluded_lines": []}, "": {"executed_lines": [], "summary": {"covered_lines": 0, "num_statements": 19, "percent_covered": 0.0, "percent_covered_display": "0.00", "missing_lines": 19, "excluded_lines": 2}, "missing_lines": [12, 13, 15, 16, 17, 18, 27, 28, 34, 36, 37, 43, 44, 168, 169, 266, 267, 353, 354], "excluded_lines": [39, 40]}}, "classes": {"": {"executed_lines": [], "summary": {"covered_lines": 0, "num_statements": 221, "percent_covered": 0.0, "percent_covered_display": "0.00", "missing_lines": 221, "excluded_lines": 2}, "missing_lines": [12, 13, 15, 16, 17, 18, 27, 28, 34, 36, 37, 43, 44, 52, 54, 61, 62, 63, 64, 65, 68, 76, 77, 78, 79, 82, 83, 84, 85, 86, 89, 93, 98, 101, 104, 105, 107, 108, 109, 111, 112, 114, 116, 117, 120, 121, 122, 125, 126, 127, 130, 131, 132, 133, 135, 144, 145, 146, 148, 149, 150, 151, 152, 153, 154, 155, 156, 157, 158, 160, 162, 163, 164, 165, 168, 169, 177, 179, 181, 185, 186, 187, 188, 189, 191, 198, 199, 200, 201, 202, 204, 207, 210, 211, 213, 215, 216, 217, 220, 221, 222, 224, 227, 230, 231, 233, 234, 235, 236, 237, 238, 239, 240, 242, 243, 244, 245, 246, 248, 249, 250, 251, 252, 253, 254, 255, 256, 257, 259, 261, 262, 263, 266, 267, 274, 276, 278, 279, 280, 281, 283, 290, 291, 292, 293, 294, 296, 299, 300, 303, 304, 306, 310, 314, 315, 316, 319, 320, 323, 325, 334, 335, 337, 338, 339, 340, 341, 342, 343, 344, 346, 348, 349, 350, 353, 354, 361, 362, 364, 368, 369, 370, 371, 373, 380, 381, 382, 383, 384, 386, 388, 389, 390, 391, 392, 393, 394, 396, 398, 401, 403, 406, 407, 409, 411, 412, 413, 415, 416, 417, 418, 419, 420, 421, 422, 423, 424, 426, 428, 429, 430], "excluded_lines": [39, 40]}}}, "analysis/cli/policy.py": {"executed_lines": [], "summary": {"covered_lines": 0, "num_statements": 165, "percent_covered": 0.0, "percent_covered_display": "0.00", "missing_lines": 165, "excluded_lines": 0}, "missing_lines": [12, 13, 15, 16, 17, 18, 27, 33, 34, 35, 36, 38, 39, 42, 43, 51, 58, 59, 60, 62, 69, 70, 71, 72, 73, 75, 78, 81, 84, 86, 90, 91, 92, 95, 96, 98, 99, 100, 102, 111, 112, 113, 115, 116, 117, 118, 119, 120, 121, 123, 125, 126, 129, 130, 139, 147, 148, 149, 150, 152, 159, 160, 161, 162, 163, 165, 168, 171, 175, 179, 180, 181, 184, 185, 187, 188, 189, 191, 200, 201, 202, 204, 205, 206, 207, 208, 209, 210, 212, 214, 215, 218, 219, 226, 228, 229, 230, 232, 239, 240, 241, 242, 243, 245, 248, 249, 252, 254, 256, 257, 258, 261, 262, 264, 273, 274, 275, 277, 278, 279, 280, 281, 282, 283, 284, 286, 288, 289, 292, 293, 301, 305, 306, 307, 309, 316, 317, 318, 319, 320, 322, 325, 326, 328, 329, 331, 332, 333, 334, 335, 337, 339, 340, 341, 343, 344, 345, 346, 347, 350, 351, 352, 354, 356, 357], "excluded_lines": [], "functions": {"retail_theft": {"executed_lines": [], "summary": {"covered_lines": 0, "num_statements": 37, "percent_covered": 0.0, "percent_covered_display": "0.00", "missing_lines": 37, "excluded_lines": 0}, "missing_lines": [51, 58, 59, 60, 62, 69, 70, 71, 72, 73, 75, 78, 81, 84, 86, 90, 91, 92, 95, 96, 98, 99, 100, 102, 111, 112, 113, 115, 116, 117, 118, 119, 120, 121, 123, 125, 126], "excluded_lines": []}, "vehicle_crimes": {"executed_lines": [], "summary": {"covered_lines": 0, "num_statements": 37, "percent_covered": 0.0, "percent_covered_display": "0.00", "missing_lines": 37, "excluded_lines": 0}, "missing_lines": [139, 147, 148, 149, 150, 152, 159, 160, 161, 162, 163, 165, 168, 171, 175, 179, 180, 181, 184, 185, 187, 188, 189, 191, 200, 201, 202, 204, 205, 206, 207, 208, 209, 210, 212, 214, 215], "excluded_lines": []}, "composition": {"executed_lines": [], "summary": {"covered_lines": 0, "num_statements": 35, "percent_covered": 0.0, "percent_covered_display": "0.00", "missing_lines": 35, "excluded_lines": 0}, "missing_lines": [226, 228, 229, 230, 232, 239, 240, 241, 242, 243, 245, 248, 249, 252, 254, 256, 257, 258, 261, 262, 264, 273, 274, 275, 277, 278, 279, 280, 281, 282, 283, 284, 286, 288, 289], "excluded_lines": []}, "events": {"executed_lines": [], "summary": {"covered_lines": 0, "num_statements": 35, "percent_covered": 0.0, "percent_covered_display": "0.00", "missing_lines": 35, "excluded_lines": 0}, "missing_lines": [301, 305, 306, 307, 309, 316, 317, 318, 319, 320, 322, 325, 326, 328, 329, 331, 332, 333, 334, 335, 337, 339, 340, 341, 343, 344, 345, 346, 347, 350, 351, 352, 354, 356, 357], "excluded_lines": []}, "": {"executed_lines": [], "summary": {"covered_lines": 0, "num_statements": 21, "percent_covered": 0.0, "percent_covered_display": "0.00", "missing_lines": 21, "excluded_lines": 0}, "missing_lines": [12, 13, 15, 16, 17, 18, 27, 33, 34, 35, 36, 38, 39, 42, 43, 129, 130, 218, 219, 292, 293], "excluded_lines": []}}, "classes": {"": {"executed_lines": [], "summary": {"covered_lines": 0, "num_statements": 165, "percent_covered": 0.0, "percent_covered_display": "0.00", "missing_lines": 165, "excluded_lines": 0}, "missing_lines": [12, 13, 15, 16, 17, 18, 27, 33, 34, 35, 36, 38, 39, 42, 43, 51, 58, 59, 60, 62, 69, 70, 71, 72, 73, 75, 78, 81, 84, 86, 90, 91, 92, 95, 96, 98, 99, 100, 102, 111, 112, 113, 115, 116, 117, 118, 119, 120, 121, 123, 125, 126, 129, 130, 139, 147, 148, 149, 150, 152, 159, 160, 161, 162, 163, 165, 168, 171, 175, 179, 180, 181, 184, 185, 187, 188, 189, 191, 200, 201, 202, 204, 205, 206, 207, 208, 209, 210, 212, 214, 215, 218, 219, 226, 228, 229, 230, 232, 239, 240, 241, 242, 243, 245, 248, 249, 252, 254, 256, 257, 258, 261, 262, 264, 273, 274, 275, 277, 278, 279, 280, 281, 282, 283, 284, 286, 288, 289, 292, 293, 301, 305, 306, 307, 309, 316, 317, 318, 319, 320, 322, 325, 326, 328, 329, 331, 332, 333, 334, 335, 337, 339, 340, 341, 343, 344, 345, 346, 347, 350, 351, 352, 354, 356, 357], "excluded_lines": []}}}, "analysis/config.py": {"executed_lines": [], "summary": {"covered_lines": 0, "num_statements": 10, "percent_covered": 0.0, "percent_covered_display": "0.00", "missing_lines": 10, "excluded_lines": 0}, "missing_lines": [3, 6, 8, 9, 11, 18, 19, 20, 21, 26], "excluded_lines": [], "functions": {"": {"executed_lines": [], "summary": {"covered_lines": 0, "num_statements": 10, "percent_covered": 0.0, "percent_covered_display": "0.00", "missing_lines": 10, "excluded_lines": 0}, "missing_lines": [3, 6, 8, 9, 11, 18, 19, 20, 21, 26], "excluded_lines": []}}, "classes": {"": {"executed_lines": [], "summary": {"covered_lines": 0, "num_statements": 10, "percent_covered": 0.0, "percent_covered_display": "0.00", "missing_lines": 10, "excluded_lines": 0}, "missing_lines": [3, 6, 8, 9, 11, 18, 19, 20, 21, 26], "excluded_lines": []}}}, "analysis/config/schemas/chief.py": {"executed_lines": [], "summary": {"covered_lines": 0, "num_statements": 20, "percent_covered": 0.0, "percent_covered_display": "0.00", "missing_lines": 20, "excluded_lines": 0}, "missing_lines": [3, 5, 8, 11, 14, 15, 16, 19, 22, 25, 28, 29, 32, 35, 38, 41, 44, 45, 46, 49], "excluded_lines": [], "functions": {"": {"executed_lines": [], "summary": {"covered_lines": 0, "num_statements": 20, "percent_covered": 0.0, "percent_covered_display": "0.00", "missing_lines": 20, "excluded_lines": 0}, "missing_lines": [3, 5, 8, 11, 14, 15, 16, 19, 22, 25, 28, 29, 32, 35, 38, 41, 44, 45, 46, 49], "excluded_lines": []}}, "classes": {"TrendsConfig": {"executed_lines": [], "summary": {"covered_lines": 0, "num_statements": 0, "percent_covered": 100.0, "percent_covered_display": "100.00", "missing_lines": 0, "excluded_lines": 0}, "missing_lines": [], "excluded_lines": []}, "SeasonalityConfig": {"executed_lines": [], "summary": {"covered_lines": 0, "num_statements": 0, "percent_covered": 100.0, "percent_covered_display": "100.00", "missing_lines": 0, "excluded_lines": 0}, "missing_lines": [], "excluded_lines": []}, "COVIDConfig": {"executed_lines": [], "summary": {"covered_lines": 0, "num_statements": 0, "percent_covered": 100.0, "percent_covered_display": "100.00", "missing_lines": 0, "excluded_lines": 0}, "missing_lines": [], "excluded_lines": []}, "": {"executed_lines": [], "summary": {"covered_lines": 0, "num_statements": 20, "percent_covered": 0.0, "percent_covered_display": "0.00", "missing_lines": 20, "excluded_lines": 0}, "missing_lines": [3, 5, 8, 11, 14, 15, 16, 19, 22, 25, 28, 29, 32, 35, 38, 41, 44, 45, 46, 49], "excluded_lines": []}}}, "analysis/config/schemas/forecasting.py": {"executed_lines": [], "summary": {"covered_lines": 0, "num_statements": 15, "percent_covered": 0.0, "percent_covered_display": "0.00", "missing_lines": 15, "excluded_lines": 0}, "missing_lines": [3, 5, 8, 11, 14, 15, 18, 21, 24, 27, 30, 33, 34, 37, 40], "excluded_lines": [], "functions": {"": {"executed_lines": [], "summary": {"covered_lines": 0, "num_statements": 15, "percent_covered": 0.0, "percent_covered_display": "0.00", "missing_lines": 15, "excluded_lines": 0}, "missing_lines": [3, 5, 8, 11, 14, 15, 18, 21, 24, 27, 30, 33, 34, 37, 40], "excluded_lines": []}}, "classes": {"TimeSeriesConfig": {"executed_lines": [], "summary": {"covered_lines": 0, "num_statements": 0, "percent_covered": 100.0, "percent_covered_display": "100.00", "missing_lines": 0, "excluded_lines": 0}, "missing_lines": [], "excluded_lines": []}, "ClassificationConfig": {"executed_lines": [], "summary": {"covered_lines": 0, "num_statements": 0, "percent_covered": 100.0, "percent_covered_display": "100.00", "missing_lines": 0, "excluded_lines": 0}, "missing_lines": [], "excluded_lines": []}, "": {"executed_lines": [], "summary": {"covered_lines": 0, "num_statements": 15, "percent_covered": 0.0, "percent_covered_display": "0.00", "missing_lines": 15, "excluded_lines": 0}, "missing_lines": [3, 5, 8, 11, 14, 15, 18, 21, 24, 27, 30, 33, 34, 37, 40], "excluded_lines": []}}}, "analysis/config/schemas/patrol.py": {"executed_lines": [], "summary": {"covered_lines": 0, "num_statements": 32, "percent_covered": 0.0, "percent_covered_display": "0.00", "missing_lines": 32, "excluded_lines": 0}, "missing_lines": [3, 5, 7, 10, 13, 16, 17, 18, 21, 22, 23, 24, 27, 28, 31, 34, 37, 40, 43, 44, 47, 50, 53, 57, 60, 61, 64, 67, 70, 73, 76, 77], "excluded_lines": [], "functions": {"": {"executed_lines": [], "summary": {"covered_lines": 0, "num_statements": 32, "percent_covered": 0.0, "percent_covered_display": "0.00", "missing_lines": 32, "excluded_lines": 0}, "missing_lines": [3, 5, 7, 10, 13, 16, 17, 18, 21, 22, 23, 24, 27, 28, 31, 34, 37, 40, 43, 44, 47, 50, 53, 57, 60, 61, 64, 67, 70, 73, 76, 77], "excluded_lines": []}}, "classes": {"HotspotsConfig": {"executed_lines": [], "summary": {"covered_lines": 0, "num_statements": 0, "percent_covered": 100.0, "percent_covered_display": "100.00", "missing_lines": 0, "excluded_lines": 0}, "missing_lines": [], "excluded_lines": []}, "RobberyConfig": {"executed_lines": [], "summary": {"covered_lines": 0, "num_statements": 0, "percent_covered": 100.0, "percent_covered_display": "100.00", "missing_lines": 0, "excluded_lines": 0}, "missing_lines": [], "excluded_lines": []}, "DistrictConfig": {"executed_lines": [], "summary": {"covered_lines": 0, "num_statements": 0, "percent_covered": 100.0, "percent_covered_display": "100.00", "missing_lines": 0, "excluded_lines": 0}, "missing_lines": [], "excluded_lines": []}, "CensusConfig": {"executed_lines": [], "summary": {"covered_lines": 0, "num_statements": 0, "percent_covered": 100.0, "percent_covered_display": "100.00", "missing_lines": 0, "excluded_lines": 0}, "missing_lines": [], "excluded_lines": []}, "": {"executed_lines": [], "summary": {"covered_lines": 0, "num_statements": 32, "percent_covered": 0.0, "percent_covered_display": "0.00", "missing_lines": 32, "excluded_lines": 0}, "missing_lines": [3, 5, 7, 10, 13, 16, 17, 18, 21, 22, 23, 24, 27, 28, 31, 34, 37, 40, 43, 44, 47, 50, 53, 57, 60, 61, 64, 67, 70, 73, 76, 77], "excluded_lines": []}}}, "analysis/config/schemas/policy.py": {"executed_lines": [], "summary": {"covered_lines": 0, "num_statements": 30, "percent_covered": 0.0, "percent_covered_display": "0.00", "missing_lines": 30, "excluded_lines": 0}, "missing_lines": [3, 5, 7, 10, 13, 16, 19, 20, 23, 24, 27, 30, 33, 36, 37, 40, 41, 44, 47, 50, 53, 56, 57, 60, 63, 66, 67, 70, 75, 76], "excluded_lines": [], "functions": {"": {"executed_lines": [], "summary": {"covered_lines": 0, "num_statements": 30, "percent_covered": 0.0, "percent_covered_display": "0.00", "missing_lines": 30, "excluded_lines": 0}, "missing_lines": [3, 5, 7, 10, 13, 16, 19, 20, 23, 24, 27, 30, 33, 36, 37, 40, 41, 44, 47, 50, 53, 56, 57, 60, 63, 66, 67, 70, 75, 76], "excluded_lines": []}}, "classes": {"RetailTheftConfig": {"executed_lines": [], "summary": {"covered_lines": 0, "num_statements": 0, "percent_covered": 100.0, "percent_covered_display": "100.00", "missing_lines": 0, "excluded_lines": 0}, "missing_lines": [], "excluded_lines": []}, "VehicleCrimesConfig": {"executed_lines": [], "summary": {"covered_lines": 0, "num_statements": 0, "percent_covered": 100.0, "percent_covered_display": "100.00", "missing_lines": 0, "excluded_lines": 0}, "missing_lines": [], "excluded_lines": []}, "CompositionConfig": {"executed_lines": [], "summary": {"covered_lines": 0, "num_statements": 0, "percent_covered": 100.0, "percent_covered_display": "100.00", "missing_lines": 0, "excluded_lines": 0}, "missing_lines": [], "excluded_lines": []}, "EventsConfig": {"executed_lines": [], "summary": {"covered_lines": 0, "num_statements": 0, "percent_covered": 100.0, "percent_covered_display": "100.00", "missing_lines": 0, "excluded_lines": 0}, "missing_lines": [], "excluded_lines": []}, "": {"executed_lines": [], "summary": {"covered_lines": 0, "num_statements": 30, "percent_covered": 0.0, "percent_covered_display": "0.00", "missing_lines": 30, "excluded_lines": 0}, "missing_lines": [3, 5, 7, 10, 13, 16, 19, 20, 23, 24, 27, 30, 33, 36, 37, 40, 41, 44, 47, 50, 53, 56, 57, 60, 63, 66, 67, 70, 75, 76], "excluded_lines": []}}}, "analysis/config/settings.py": {"executed_lines": [], "summary": {"covered_lines": 0, "num_statements": 30, "percent_covered": 0.0, "percent_covered_display": "0.00", "missing_lines": 30, "excluded_lines": 0}, "missing_lines": [3, 5, 6, 14, 17, 20, 28, 29, 30, 33, 34, 35, 38, 39, 42, 44, 45, 55, 63, 66, 73, 74, 75, 76, 77, 78, 81, 83, 84, 94], "excluded_lines": [], "functions": {"GlobalConfig.settings_customise_sources": {"executed_lines": [], "summary": {"covered_lines": 0, "num_statements": 1, "percent_covered": 0.0, "percent_covered_display": "0.00", "missing_lines": 1, "excluded_lines": 0}, "missing_lines": [55], "excluded_lines": []}, "BaseConfig.settings_customise_sources": {"executed_lines": [], "summary": {"covered_lines": 0, "num_statements": 1, "percent_covered": 0.0, "percent_covered_display": "0.00", "missing_lines": 1, "excluded_lines": 0}, "missing_lines": [94], "excluded_lines": []}, "": {"executed_lines": [], "summary": {"covered_lines": 0, "num_statements": 28, "percent_covered": 0.0, "percent_covered_display": "0.00", "missing_lines": 28, "excluded_lines": 0}, "missing_lines": [3, 5, 6, 14, 17, 20, 28, 29, 30, 33, 34, 35, 38, 39, 42, 44, 45, 63, 66, 73, 74, 75, 76, 77, 78, 81, 83, 84], "excluded_lines": []}}, "classes": {"GlobalConfig": {"executed_lines": [], "summary": {"covered_lines": 0, "num_statements": 1, "percent_covered": 0.0, "percent_covered_display": "0.00", "missing_lines": 1, "excluded_lines": 0}, "missing_lines": [55], "excluded_lines": []}, "BaseConfig": {"executed_lines": [], "summary": {"covered_lines": 0, "num_statements": 1, "percent_covered": 0.0, "percent_covered_display": "0.00", "missing_lines": 1, "excluded_lines": 0}, "missing_lines": [94], "excluded_lines": []}, "": {"executed_lines": [], "summary": {"covered_lines": 0, "num_statements": 28, "percent_covered": 0.0, "percent_covered_display": "0.00", "missing_lines": 28, "excluded_lines": 0}, "missing_lines": [3, 5, 6, 14, 17, 20, 28, 29, 30, 33, 34, 35, 38, 39, 42, 44, 45, 63, 66, 73, 74, 75, 76, 77, 78, 81, 83, 84], "excluded_lines": []}}}, "analysis/config_loader.py": {"executed_lines": [], "summary": {"covered_lines": 0, "num_statements": 56, "percent_covered": 0.0, "percent_covered_display": "0.00", "missing_lines": 56, "excluded_lines": 0}, "missing_lines": [3, 5, 6, 7, 8, 10, 12, 13, 16, 17, 20, 21, 23, 24, 25, 26, 28, 29, 31, 32, 34, 35, 37, 39, 52, 53, 55, 74, 75, 76, 77, 79, 80, 81, 82, 84, 85, 86, 88, 89, 90, 91, 92, 94, 95, 96, 97, 99, 101, 102, 103, 104, 105, 106, 107, 108], "excluded_lines": [], "functions": {"Phase1Config.__post_init__": {"executed_lines": [], "summary": {"covered_lines": 0, "num_statements": 7, "percent_covered": 0.0, "percent_covered_display": "0.00", "missing_lines": 7, "excluded_lines": 0}, "missing_lines": [24, 25, 26, 28, 29, 31, 32], "excluded_lines": []}, "Phase1Config.version": {"executed_lines": [], "summary": {"covered_lines": 0, "num_statements": 1, "percent_covered": 0.0, "percent_covered_display": "0.00", "missing_lines": 1, "excluded_lines": 0}, "missing_lines": [37], "excluded_lines": []}, "Phase1Config.get_notebook_params": {"executed_lines": [], "summary": {"covered_lines": 0, "num_statements": 2, "percent_covered": 0.0, "percent_covered_display": "0.00", "missing_lines": 2, "excluded_lines": 0}, "missing_lines": [52, 53], "excluded_lines": []}, "Phase1Config.get_output_path": {"executed_lines": [], "summary": {"covered_lines": 0, "num_statements": 8, "percent_covered": 0.0, "percent_covered_display": "0.00", "missing_lines": 8, "excluded_lines": 0}, "missing_lines": [74, 75, 76, 77, 79, 80, 81, 82], "excluded_lines": []}, "Phase1Config._ensure_notebook": {"executed_lines": [], "summary": {"covered_lines": 0, "num_statements": 2, "percent_covered": 0.0, "percent_covered_display": "0.00", "missing_lines": 2, "excluded_lines": 0}, "missing_lines": [85, 86], "excluded_lines": []}, "Phase1Config._validate": {"executed_lines": [], "summary": {"covered_lines": 0, "num_statements": 9, "percent_covered": 0.0, "percent_covered_display": "0.00", "missing_lines": 9, "excluded_lines": 0}, "missing_lines": [89, 90, 91, 92, 94, 95, 96, 97, 99], "excluded_lines": []}, "Phase1Config._validate_dates": {"executed_lines": [], "summary": {"covered_lines": 0, "num_statements": 7, "percent_covered": 0.0, "percent_covered_display": "0.00", "missing_lines": 7, "excluded_lines": 0}, "missing_lines": [102, 103, 104, 105, 106, 107, 108], "excluded_lines": []}, "": {"executed_lines": [], "summary": {"covered_lines": 0, "num_statements": 20, "percent_covered": 0.0, "percent_covered_display": "0.00", "missing_lines": 20, "excluded_lines": 0}, "missing_lines": [3, 5, 6, 7, 8, 10, 12, 13, 16, 17, 20, 21, 23, 34, 35, 39, 55, 84, 88, 101], "excluded_lines": []}}, "classes": {"Phase1Config": {"executed_lines": [], "summary": {"covered_lines": 0, "num_statements": 36, "percent_covered": 0.0, "percent_covered_display": "0.00", "missing_lines": 36, "excluded_lines": 0}, "missing_lines": [24, 25, 26, 28, 29, 31, 32, 37, 52, 53, 74, 75, 76, 77, 79, 80, 81, 82, 85, 86, 89, 90, 91, 92, 94, 95, 96, 97, 99, 102, 103, 104, 105, 106, 107, 108], "excluded_lines": []}, "": {"executed_lines": [], "summary": {"covered_lines": 0, "num_statements": 20, "percent_covered": 0.0, "percent_covered_display": "0.00", "missing_lines": 20, "excluded_lines": 0}, "missing_lines": [3, 5, 6, 7, 8, 10, 12, 13, 16, 17, 20, 21, 23, 34, 35, 39, 55, 84, 88, 101], "excluded_lines": []}}}, "analysis/data/cache.py": {"executed_lines": [], "summary": {"covered_lines": 0, "num_statements": 15, "percent_covered": 0.0, "percent_covered_display": "0.00", "missing_lines": 15, "excluded_lines": 0}, "missing_lines": [12, 13, 15, 18, 21, 24, 27, 39, 41, 42, 43, 44, 45, 46, 49], "excluded_lines": [], "functions": {"clear_cache": {"executed_lines": [], "summary": {"covered_lines": 0, "num_statements": 7, "percent_covered": 0.0, "percent_covered_display": "0.00", "missing_lines": 7, "excluded_lines": 0}, "missing_lines": [39, 41, 42, 43, 44, 45, 46], "excluded_lines": []}, "": {"executed_lines": [], "summary": {"covered_lines": 0, "num_statements": 8, "percent_covered": 0.0, "percent_covered_display": "0.00", "missing_lines": 8, "excluded_lines": 0}, "missing_lines": [12, 13, 15, 18, 21, 24, 27, 49], "excluded_lines": []}}, "classes": {"": {"executed_lines": [], "summary": {"covered_lines": 0, "num_statements": 15, "percent_covered": 0.0, "percent_covered_display": "0.00", "missing_lines": 15, "excluded_lines": 0}, "missing_lines": [12, 13, 15, 18, 21, 24, 27, 39, 41, 42, 43, 44, 45, 46, 49], "excluded_lines": []}}}, "analysis/data/loading.py": {"executed_lines": [], "summary": {"covered_lines": 0, "num_statements": 55, "percent_covered": 0.0, "percent_covered_display": "0.00", "missing_lines": 55, "excluded_lines": 2}, "missing_lines": [19, 21, 22, 24, 26, 28, 31, 32, 34, 35, 36, 41, 42, 57, 58, 60, 63, 64, 65, 66, 67, 69, 70, 72, 75, 97, 100, 101, 114, 115, 117, 122, 123, 125, 127, 128, 130, 133, 157, 158, 163, 164, 169, 170, 182, 183, 184, 186, 187, 189, 192, 212, 214, 215, 218], "excluded_lines": [37, 38], "functions": {"_load_crime_data_parquet": {"executed_lines": [], "summary": {"covered_lines": 0, "num_statements": 11, "percent_covered": 0.0, "percent_covered_display": "0.00", "missing_lines": 11, "excluded_lines": 0}, "missing_lines": [57, 58, 60, 63, 64, 65, 66, 67, 69, 70, 72], "excluded_lines": []}, "load_crime_data": {"executed_lines": [], "summary": {"covered_lines": 0, "num_statements": 1, "percent_covered": 0.0, "percent_covered_display": "0.00", "missing_lines": 1, "excluded_lines": 0}, "missing_lines": [97], "excluded_lines": []}, "_load_boundaries_geojson": {"executed_lines": [], "summary": {"covered_lines": 0, "num_statements": 9, "percent_covered": 0.0, "percent_covered_display": "0.00", "missing_lines": 9, "excluded_lines": 0}, "missing_lines": [114, 115, 117, 122, 123, 125, 127, 128, 130], "excluded_lines": []}, "load_boundaries": {"executed_lines": [], "summary": {"covered_lines": 0, "num_statements": 4, "percent_covered": 0.0, "percent_covered_display": "0.00", "missing_lines": 4, "excluded_lines": 0}, "missing_lines": [157, 158, 163, 164], "excluded_lines": []}, "_load_external_data_csv": {"executed_lines": [], "summary": {"covered_lines": 0, "num_statements": 6, "percent_covered": 0.0, "percent_covered_display": "0.00", "missing_lines": 6, "excluded_lines": 0}, "missing_lines": [182, 183, 184, 186, 187, 189], "excluded_lines": []}, "load_external_data": {"executed_lines": [], "summary": {"covered_lines": 0, "num_statements": 3, "percent_covered": 0.0, "percent_covered_display": "0.00", "missing_lines": 3, "excluded_lines": 0}, "missing_lines": [212, 214, 215], "excluded_lines": []}, "": {"executed_lines": [], "summary": {"covered_lines": 0, "num_statements": 21, "percent_covered": 0.0, "percent_covered_display": "0.00", "missing_lines": 21, "excluded_lines": 2}, "missing_lines": [19, 21, 22, 24, 26, 28, 31, 32, 34, 35, 36, 41, 42, 75, 100, 101, 133, 169, 170, 192, 218], "excluded_lines": [37, 38]}}, "classes": {"": {"executed_lines": [], "summary": {"covered_lines": 0, "num_statements": 55, "percent_covered": 0.0, "percent_covered_display": "0.00", "missing_lines": 55, "excluded_lines": 2}, "missing_lines": [19, 21, 22, 24, 26, 28, 31, 32, 34, 35, 36, 41, 42, 57, 58, 60, 63, 64, 65, 66, 67, 69, 70, 72, 75, 97, 100, 101, 114, 115, 117, 122, 123, 125, 127, 128, 130, 133, 157, 158, 163, 164, 169, 170, 182, 183, 184, 186, 187, 189, 192, 212, 214, 215, 218], "excluded_lines": [37, 38]}}}, "analysis/data/preprocessing.py": {"executed_lines": [], "summary": {"covered_lines": 0, "num_statements": 25, "percent_covered": 0.0, "percent_covered_display": "0.00", "missing_lines": 25, "excluded_lines": 0}, "missing_lines": [16, 18, 20, 22, 25, 54, 56, 57, 59, 60, 62, 63, 65, 68, 110, 111, 112, 113, 116, 119, 120, 122, 125, 147, 150], "excluded_lines": [], "functions": {"filter_by_date_range": {"executed_lines": [], "summary": {"covered_lines": 0, "num_statements": 8, "percent_covered": 0.0, "percent_covered_display": "0.00", "missing_lines": 8, "excluded_lines": 0}, "missing_lines": [54, 56, 57, 59, 60, 62, 63, 65], "excluded_lines": []}, "aggregate_by_period": {"executed_lines": [], "summary": {"covered_lines": 0, "num_statements": 8, "percent_covered": 0.0, "percent_covered_display": "0.00", "missing_lines": 8, "excluded_lines": 0}, "missing_lines": [110, 111, 112, 113, 116, 119, 120, 122], "excluded_lines": []}, "add_temporal_features": {"executed_lines": [], "summary": {"covered_lines": 0, "num_statements": 1, "percent_covered": 0.0, "percent_covered_display": "0.00", "missing_lines": 1, "excluded_lines": 0}, "missing_lines": [147], "excluded_lines": []}, "": {"executed_lines": [], "summary": {"covered_lines": 0, "num_statements": 8, "percent_covered": 0.0, "percent_covered_display": "0.00", "missing_lines": 8, "excluded_lines": 0}, "missing_lines": [16, 18, 20, 22, 25, 68, 125, 150], "excluded_lines": []}}, "classes": {"": {"executed_lines": [], "summary": {"covered_lines": 0, "num_statements": 25, "percent_covered": 0.0, "percent_covered_display": "0.00", "missing_lines": 25, "excluded_lines": 0}, "missing_lines": [16, 18, 20, 22, 25, 54, 56, 57, 59, 60, 62, 63, 65, 68, 110, 111, 112, 113, 116, 119, 120, 122, 125, 147, 150], "excluded_lines": []}}}, "analysis/data/validation.py": {"executed_lines": [], "summary": {"covered_lines": 0, "num_statements": 64, "percent_covered": 0.0, "percent_covered_display": "0.00", "missing_lines": 64, "excluded_lines": 0}, "missing_lines": [18, 20, 22, 23, 26, 27, 28, 29, 32, 58, 59, 60, 61, 62, 65, 68, 69, 71, 72, 73, 85, 86, 87, 89, 90, 91, 103, 106, 109, 136, 137, 140, 141, 143, 144, 148, 149, 150, 152, 154, 155, 156, 157, 158, 159, 160, 161, 163, 164, 168, 169, 170, 172, 175, 206, 209, 210, 211, 212, 215, 216, 218, 227, 230], "excluded_lines": [], "functions": {"CrimeIncidentValidator.validate_ucr_code": {"executed_lines": [], "summary": {"covered_lines": 0, "num_statements": 3, "percent_covered": 0.0, "percent_covered_display": "0.00", "missing_lines": 3, "excluded_lines": 0}, "missing_lines": [85, 86, 87], "excluded_lines": []}, "CrimeIncidentValidator.validate_philly_coords": {"executed_lines": [], "summary": {"covered_lines": 0, "num_statements": 2, "percent_covered": 0.0, "percent_covered_display": "0.00", "missing_lines": 2, "excluded_lines": 0}, "missing_lines": [103, 106], "excluded_lines": []}, "validate_crime_data": {"executed_lines": [], "summary": {"covered_lines": 0, "num_statements": 24, "percent_covered": 0.0, "percent_covered_display": "0.00", "missing_lines": 24, "excluded_lines": 0}, "missing_lines": [136, 137, 140, 141, 143, 144, 148, 149, 150, 152, 154, 155, 156, 157, 158, 159, 160, 161, 163, 164, 168, 169, 170, 172], "excluded_lines": []}, "validate_coordinates": {"executed_lines": [], "summary": {"covered_lines": 0, "num_statements": 9, "percent_covered": 0.0, "percent_covered_display": "0.00", "missing_lines": 9, "excluded_lines": 0}, "missing_lines": [206, 209, 210, 211, 212, 215, 216, 218, 227], "excluded_lines": []}, "": {"executed_lines": [], "summary": {"covered_lines": 0, "num_statements": 26, "percent_covered": 0.0, "percent_covered_display": "0.00", "missing_lines": 26, "excluded_lines": 0}, "missing_lines": [18, 20, 22, 23, 26, 27, 28, 29, 32, 58, 59, 60, 61, 62, 65, 68, 69, 71, 72, 73, 89, 90, 91, 109, 175, 230], "excluded_lines": []}}, "classes": {"CrimeIncidentValidator": {"executed_lines": [], "summary": {"covered_lines": 0, "num_statements": 5, "percent_covered": 0.0, "percent_covered_display": "0.00", "missing_lines": 5, "excluded_lines": 0}, "missing_lines": [85, 86, 87, 103, 106], "excluded_lines": []}, "": {"executed_lines": [], "summary": {"covered_lines": 0, "num_statements": 59, "percent_covered": 0.0, "percent_covered_display": "0.00", "missing_lines": 59, "excluded_lines": 0}, "missing_lines": [18, 20, 22, 23, 26, 27, 28, 29, 32, 58, 59, 60, 61, 62, 65, 68, 69, 71, 72, 73, 89, 90, 91, 109, 136, 137, 140, 141, 143, 144, 148, 149, 150, 152, 154, 155, 156, 157, 158, 159, 160, 161, 163, 164, 168, 169, 170, 172, 175, 206, 209, 210, 211, 212, 215, 216, 218, 227, 230], "excluded_lines": []}}}, "analysis/event_utils.py": {"executed_lines": [], "summary": {"covered_lines": 0, "num_statements": 66, "percent_covered": 0.0, "percent_covered_display": "0.00", "missing_lines": 66, "excluded_lines": 0}, "missing_lines": [3, 5, 8, 32, 33, 36, 37, 38, 39, 41, 44, 45, 46, 47, 48, 49, 50, 52, 55, 79, 80, 83, 84, 85, 87, 88, 89, 90, 92, 93, 95, 98, 122, 124, 125, 127, 128, 131, 133, 134, 135, 137, 138, 139, 142, 144, 156, 175, 177, 178, 179, 180, 181, 183, 186, 212, 213, 214, 215, 217, 218, 219, 220, 221, 222, 231], "excluded_lines": [], "functions": {"identify_event_days": {"executed_lines": [], "summary": {"covered_lines": 0, "num_statements": 15, "percent_covered": 0.0, "percent_covered_display": "0.00", "missing_lines": 15, "excluded_lines": 0}, "missing_lines": [32, 33, 36, 37, 38, 39, 41, 44, 45, 46, 47, 48, 49, 50, 52], "excluded_lines": []}, "get_control_days": {"executed_lines": [], "summary": {"covered_lines": 0, "num_statements": 12, "percent_covered": 0.0, "percent_covered_display": "0.00", "missing_lines": 12, "excluded_lines": 0}, "missing_lines": [79, 80, 83, 84, 85, 87, 88, 89, 90, 92, 93, 95], "excluded_lines": []}, "calculate_event_impact": {"executed_lines": [], "summary": {"covered_lines": 0, "num_statements": 14, "percent_covered": 0.0, "percent_covered_display": "0.00", "missing_lines": 14, "excluded_lines": 0}, "missing_lines": [122, 124, 125, 127, 128, 131, 133, 134, 135, 137, 138, 139, 142, 144], "excluded_lines": []}, "calculate_event_impact_by_type": {"executed_lines": [], "summary": {"covered_lines": 0, "num_statements": 7, "percent_covered": 0.0, "percent_covered_display": "0.00", "missing_lines": 7, "excluded_lines": 0}, "missing_lines": [175, 177, 178, 179, 180, 181, 183], "excluded_lines": []}, "generate_matched_controls": {"executed_lines": [], "summary": {"covered_lines": 0, "num_statements": 11, "percent_covered": 0.0, "percent_covered_display": "0.00", "missing_lines": 11, "excluded_lines": 0}, "missing_lines": [212, 213, 214, 215, 217, 218, 219, 220, 221, 222, 231], "excluded_lines": []}, "": {"executed_lines": [], "summary": {"covered_lines": 0, "num_statements": 7, "percent_covered": 0.0, "percent_covered_display": "0.00", "missing_lines": 7, "excluded_lines": 0}, "missing_lines": [3, 5, 8, 55, 98, 156, 186], "excluded_lines": []}}, "classes": {"": {"executed_lines": [], "summary": {"covered_lines": 0, "num_statements": 66, "percent_covered": 0.0, "percent_covered_display": "0.00", "missing_lines": 66, "excluded_lines": 0}, "missing_lines": [3, 5, 8, 32, 33, 36, 37, 38, 39, 41, 44, 45, 46, 47, 48, 49, 50, 52, 55, 79, 80, 83, 84, 85, 87, 88, 89, 90, 92, 93, 95, 98, 122, 124, 125, 127, 128, 131, 133, 134, 135, 137, 138, 139, 142, 144, 156, 175, 177, 178, 179, 180, 181, 183, 186, 212, 213, 214, 215, 217, 218, 219, 220, 221, 222, 231], "excluded_lines": []}}}, "analysis/models/classification.py": {"executed_lines": [], "summary": {"covered_lines": 0, "num_statements": 70, "percent_covered": 0.0, "percent_covered_display": "0.00", "missing_lines": 70, "excluded_lines": 0}, "missing_lines": [11, 12, 13, 15, 16, 17, 18, 19, 22, 23, 24, 27, 48, 50, 51, 52, 54, 55, 57, 59, 60, 61, 62, 64, 67, 78, 81, 107, 109, 110, 112, 113, 114, 118, 127, 129, 132, 156, 158, 159, 161, 162, 163, 167, 176, 178, 181, 195, 199, 200, 202, 205, 217, 219, 221, 222, 224, 227, 245, 253, 254, 255, 256, 258, 260, 263, 273, 275, 276, 278], "excluded_lines": [], "functions": {"create_time_aware_split": {"executed_lines": [], "summary": {"covered_lines": 0, "num_statements": 12, "percent_covered": 0.0, "percent_covered_display": "0.00", "missing_lines": 12, "excluded_lines": 0}, "missing_lines": [48, 50, 51, 52, 54, 55, 57, 59, 60, 61, 62, 64], "excluded_lines": []}, "get_time_series_cv": {"executed_lines": [], "summary": {"covered_lines": 0, "num_statements": 1, "percent_covered": 0.0, "percent_covered_display": "0.00", "missing_lines": 1, "excluded_lines": 0}, "missing_lines": [78], "excluded_lines": []}, "train_random_forest": {"executed_lines": [], "summary": {"covered_lines": 0, "num_statements": 9, "percent_covered": 0.0, "percent_covered_display": "0.00", "missing_lines": 9, "excluded_lines": 0}, "missing_lines": [107, 109, 110, 112, 113, 114, 118, 127, 129], "excluded_lines": []}, "train_xgboost": {"executed_lines": [], "summary": {"covered_lines": 0, "num_statements": 9, "percent_covered": 0.0, "percent_covered_display": "0.00", "missing_lines": 9, "excluded_lines": 0}, "missing_lines": [156, 158, 159, 161, 162, 163, 167, 176, 178], "excluded_lines": []}, "extract_feature_importance": {"executed_lines": [], "summary": {"covered_lines": 0, "num_statements": 4, "percent_covered": 0.0, "percent_covered_display": "0.00", "missing_lines": 4, "excluded_lines": 0}, "missing_lines": [195, 199, 200, 202], "excluded_lines": []}, "compute_shap_values": {"executed_lines": [], "summary": {"covered_lines": 0, "num_statements": 5, "percent_covered": 0.0, "percent_covered_display": "0.00", "missing_lines": 5, "excluded_lines": 0}, "missing_lines": [217, 219, 221, 222, 224], "excluded_lines": []}, "evaluate_classifier": {"executed_lines": [], "summary": {"covered_lines": 0, "num_statements": 7, "percent_covered": 0.0, "percent_covered_display": "0.00", "missing_lines": 7, "excluded_lines": 0}, "missing_lines": [245, 253, 254, 255, 256, 258, 260], "excluded_lines": []}, "handle_class_imbalance": {"executed_lines": [], "summary": {"covered_lines": 0, "num_statements": 4, "percent_covered": 0.0, "percent_covered_display": "0.00", "missing_lines": 4, "excluded_lines": 0}, "missing_lines": [273, 275, 276, 278], "excluded_lines": []}, "": {"executed_lines": [], "summary": {"covered_lines": 0, "num_statements": 19, "percent_covered": 0.0, "percent_covered_display": "0.00", "missing_lines": 19, "excluded_lines": 0}, "missing_lines": [11, 12, 13, 15, 16, 17, 18, 19, 22, 23, 24, 27, 67, 81, 132, 181, 205, 227, 263], "excluded_lines": []}}, "classes": {"": {"executed_lines": [], "summary": {"covered_lines": 0, "num_statements": 70, "percent_covered": 0.0, "percent_covered_display": "0.00", "missing_lines": 70, "excluded_lines": 0}, "missing_lines": [11, 12, 13, 15, 16, 17, 18, 19, 22, 23, 24, 27, 48, 50, 51, 52, 54, 55, 57, 59, 60, 61, 62, 64, 67, 78, 81, 107, 109, 110, 112, 113, 114, 118, 127, 129, 132, 156, 158, 159, 161, 162, 163, 167, 176, 178, 181, 195, 199, 200, 202, 205, 217, 219, 221, 222, 224, 227, 245, 253, 254, 255, 256, 258, 260, 263, 273, 275, 276, 278], "excluded_lines": []}}}, "analysis/models/time_series.py": {"executed_lines": [], "summary": {"covered_lines": 0, "num_statements": 48, "percent_covered": 0.0, "percent_covered_display": "0.00", "missing_lines": 48, "excluded_lines": 0}, "missing_lines": [11, 12, 13, 15, 16, 19, 20, 21, 24, 36, 37, 38, 39, 41, 44, 57, 58, 60, 61, 62, 64, 67, 89, 98, 101, 119, 122, 123, 126, 127, 128, 130, 138, 139, 140, 141, 142, 143, 144, 146, 149, 171, 172, 173, 176, 177, 179, 181], "excluded_lines": [], "functions": {"prepare_prophet_data": {"executed_lines": [], "summary": {"covered_lines": 0, "num_statements": 5, "percent_covered": 0.0, "percent_covered_display": "0.00", "missing_lines": 5, "excluded_lines": 0}, "missing_lines": [36, 37, 38, 39, 41], "excluded_lines": []}, "create_train_test_split": {"executed_lines": [], "summary": {"covered_lines": 0, "num_statements": 6, "percent_covered": 0.0, "percent_covered_display": "0.00", "missing_lines": 6, "excluded_lines": 0}, "missing_lines": [57, 58, 60, 61, 62, 64], "excluded_lines": []}, "get_prophet_config": {"executed_lines": [], "summary": {"covered_lines": 0, "num_statements": 2, "percent_covered": 0.0, "percent_covered_display": "0.00", "missing_lines": 2, "excluded_lines": 0}, "missing_lines": [89, 98], "excluded_lines": []}, "evaluate_forecast": {"executed_lines": [], "summary": {"covered_lines": 0, "num_statements": 15, "percent_covered": 0.0, "percent_covered_display": "0.00", "missing_lines": 15, "excluded_lines": 0}, "missing_lines": [119, 122, 123, 126, 127, 128, 130, 138, 139, 140, 141, 142, 143, 144, 146], "excluded_lines": []}, "detect_anomalies": {"executed_lines": [], "summary": {"covered_lines": 0, "num_statements": 7, "percent_covered": 0.0, "percent_covered_display": "0.00", "missing_lines": 7, "excluded_lines": 0}, "missing_lines": [171, 172, 173, 176, 177, 179, 181], "excluded_lines": []}, "": {"executed_lines": [], "summary": {"covered_lines": 0, "num_statements": 13, "percent_covered": 0.0, "percent_covered_display": "0.00", "missing_lines": 13, "excluded_lines": 0}, "missing_lines": [11, 12, 13, 15, 16, 19, 20, 21, 24, 44, 67, 101, 149], "excluded_lines": []}}, "classes": {"": {"executed_lines": [], "summary": {"covered_lines": 0, "num_statements": 48, "percent_covered": 0.0, "percent_covered_display": "0.00", "missing_lines": 48, "excluded_lines": 0}, "missing_lines": [11, 12, 13, 15, 16, 19, 20, 21, 24, 36, 37, 38, 39, 41, 44, 57, 58, 60, 61, 62, 64, 67, 89, 98, 101, 119, 122, 123, 126, 127, 128, 130, 138, 139, 140, 141, 142, 143, 144, 146, 149, 171, 172, 173, 176, 177, 179, 181], "excluded_lines": []}}}, "analysis/models/validation.py": {"executed_lines": [], "summary": {"covered_lines": 0, "num_statements": 60, "percent_covered": 0.0, "percent_covered_display": "0.00", "missing_lines": 60, "excluded_lines": 0}, "missing_lines": [11, 12, 13, 14, 16, 17, 18, 19, 22, 23, 24, 27, 47, 49, 50, 52, 61, 83, 85, 87, 88, 91, 92, 94, 95, 98, 99, 102, 105, 107, 120, 123, 137, 145, 147, 150, 165, 168, 170, 173, 175, 176, 178, 181, 203, 214, 217, 231, 232, 234, 236, 241, 242, 247, 250, 264, 265, 267, 269, 280], "excluded_lines": [], "functions": {"time_series_cv_score": {"executed_lines": [], "summary": {"covered_lines": 0, "num_statements": 4, "percent_covered": 0.0, "percent_covered_display": "0.00", "missing_lines": 4, "excluded_lines": 0}, "missing_lines": [47, 49, 50, 52], "excluded_lines": []}, "walk_forward_validation": {"executed_lines": [], "summary": {"covered_lines": 0, "num_statements": 14, "percent_covered": 0.0, "percent_covered_display": "0.00", "missing_lines": 14, "excluded_lines": 0}, "missing_lines": [83, 85, 87, 88, 91, 92, 94, 95, 98, 99, 102, 105, 107, 120], "excluded_lines": []}, "compute_regression_metrics": {"executed_lines": [], "summary": {"covered_lines": 0, "num_statements": 3, "percent_covered": 0.0, "percent_covered_display": "0.00", "missing_lines": 3, "excluded_lines": 0}, "missing_lines": [137, 145, 147], "excluded_lines": []}, "compute_forecast_accuracy": {"executed_lines": [], "summary": {"covered_lines": 0, "num_statements": 7, "percent_covered": 0.0, "percent_covered_display": "0.00", "missing_lines": 7, "excluded_lines": 0}, "missing_lines": [165, 168, 170, 173, 175, 176, 178], "excluded_lines": []}, "create_model_card": {"executed_lines": [], "summary": {"covered_lines": 0, "num_statements": 2, "percent_covered": 0.0, "percent_covered_display": "0.00", "missing_lines": 2, "excluded_lines": 0}, "missing_lines": [203, 214], "excluded_lines": []}, "check_residual_autocorrelation": {"executed_lines": [], "summary": {"covered_lines": 0, "num_statements": 7, "percent_covered": 0.0, "percent_covered_display": "0.00", "missing_lines": 7, "excluded_lines": 0}, "missing_lines": [231, 232, 234, 236, 241, 242, 247], "excluded_lines": []}, "validate_temporal_split": {"executed_lines": [], "summary": {"covered_lines": 0, "num_statements": 5, "percent_covered": 0.0, "percent_covered_display": "0.00", "missing_lines": 5, "excluded_lines": 0}, "missing_lines": [264, 265, 267, 269, 280], "excluded_lines": []}, "": {"executed_lines": [], "summary": {"covered_lines": 0, "num_statements": 18, "percent_covered": 0.0, "percent_covered_display": "0.00", "missing_lines": 18, "excluded_lines": 0}, "missing_lines": [11, 12, 13, 14, 16, 17, 18, 19, 22, 23, 24, 27, 61, 123, 150, 181, 217, 250], "excluded_lines": []}}, "classes": {"": {"executed_lines": [], "summary": {"covered_lines": 0, "num_statements": 60, "percent_covered": 0.0, "percent_covered_display": "0.00", "missing_lines": 60, "excluded_lines": 0}, "missing_lines": [11, 12, 13, 14, 16, 17, 18, 19, 22, 23, 24, 27, 47, 49, 50, 52, 61, 83, 85, 87, 88, 91, 92, 94, 95, 98, 99, 102, 105, 107, 120, 123, 137, 145, 147, 150, 165, 168, 170, 173, 175, 176, 178, 181, 203, 214, 217, 231, 232, 234, 236, 241, 242, 247, 250, 264, 265, 267, 269, 280], "excluded_lines": []}}}, "analysis/phase2_config_loader.py": {"executed_lines": [], "summary": {"covered_lines": 0, "num_statements": 70, "percent_covered": 0.0, "percent_covered_display": "0.00", "missing_lines": 70, "excluded_lines": 0}, "missing_lines": [3, 5, 6, 8, 11, 12, 15, 16, 17, 20, 21, 24, 25, 26, 31, 32, 35, 36, 37, 40, 41, 44, 45, 46, 47, 50, 51, 54, 55, 58, 59, 62, 63, 64, 77, 78, 79, 80, 82, 83, 85, 86, 88, 91, 92, 93, 100, 101, 106, 107, 108, 109, 110, 117, 118, 119, 126, 127, 128, 136, 137, 138, 147, 150, 163, 165, 166, 168, 169, 171], "excluded_lines": [], "functions": {"Phase2Config.from_yaml": {"executed_lines": [], "summary": {"covered_lines": 0, "num_statements": 23, "percent_covered": 0.0, "percent_covered_display": "0.00", "missing_lines": 23, "excluded_lines": 0}, "missing_lines": [85, 86, 88, 91, 92, 93, 100, 101, 106, 107, 108, 109, 110, 117, 118, 119, 126, 127, 128, 136, 137, 138, 147], "excluded_lines": []}, "load_phase2_config": {"executed_lines": [], "summary": {"covered_lines": 0, "num_statements": 6, "percent_covered": 0.0, "percent_covered_display": "0.00", "missing_lines": 6, "excluded_lines": 0}, "missing_lines": [163, 165, 166, 168, 169, 171], "excluded_lines": []}, "": {"executed_lines": [], "summary": {"covered_lines": 0, "num_statements": 41, "percent_covered": 0.0, "percent_covered_display": "0.00", "missing_lines": 41, "excluded_lines": 0}, "missing_lines": [3, 5, 6, 8, 11, 12, 15, 16, 17, 20, 21, 24, 25, 26, 31, 32, 35, 36, 37, 40, 41, 44, 45, 46, 47, 50, 51, 54, 55, 58, 59, 62, 63, 64, 77, 78, 79, 80, 82, 83, 150], "excluded_lines": []}}, "classes": {"ClusteringConfig": {"executed_lines": [], "summary": {"covered_lines": 0, "num_statements": 0, "percent_covered": 100.0, "percent_covered_display": "100.00", "missing_lines": 0, "excluded_lines": 0}, "missing_lines": [], "excluded_lines": []}, "HeatmapConfig": {"executed_lines": [], "summary": {"covered_lines": 0, "num_statements": 0, "percent_covered": 100.0, "percent_covered_display": "100.00", "missing_lines": 0, "excluded_lines": 0}, "missing_lines": [], "excluded_lines": []}, "CensusConfig": {"executed_lines": [], "summary": {"covered_lines": 0, "num_statements": 0, "percent_covered": 100.0, "percent_covered_display": "100.00", "missing_lines": 0, "excluded_lines": 0}, "missing_lines": [], "excluded_lines": []}, "CoordinateBounds": {"executed_lines": [], "summary": {"covered_lines": 0, "num_statements": 0, "percent_covered": 100.0, "percent_covered_display": "100.00", "missing_lines": 0, "excluded_lines": 0}, "missing_lines": [], "excluded_lines": []}, "BoundaryPaths": {"executed_lines": [], "summary": {"covered_lines": 0, "num_statements": 0, "percent_covered": 100.0, "percent_covered_display": "100.00", "missing_lines": 0, "excluded_lines": 0}, "missing_lines": [], "excluded_lines": []}, "Phase2Config": {"executed_lines": [], "summary": {"covered_lines": 0, "num_statements": 23, "percent_covered": 0.0, "percent_covered_display": "0.00", "missing_lines": 23, "excluded_lines": 0}, "missing_lines": [85, 86, 88, 91, 92, 93, 100, 101, 106, 107, 108, 109, 110, 117, 118, 119, 126, 127, 128, 136, 137, 138, 147], "excluded_lines": []}, "": {"executed_lines": [], "summary": {"covered_lines": 0, "num_statements": 47, "percent_covered": 0.0, "percent_covered_display": "0.00", "missing_lines": 47, "excluded_lines": 0}, "missing_lines": [3, 5, 6, 8, 11, 12, 15, 16, 17, 20, 21, 24, 25, 26, 31, 32, 35, 36, 37, 40, 41, 44, 45, 46, 47, 50, 51, 54, 55, 58, 59, 62, 63, 64, 77, 78, 79, 80, 82, 83, 150, 163, 165, 166, 168, 169, 171], "excluded_lines": []}}}, "analysis/phase3_config_loader.py": {"executed_lines": [], "summary": {"covered_lines": 0, "num_statements": 31, "percent_covered": 0.0, "percent_covered_display": "0.00", "missing_lines": 31, "excluded_lines": 0}, "missing_lines": [3, 4, 6, 9, 12, 13, 14, 15, 17, 18, 20, 21, 23, 25, 26, 28, 30, 31, 33, 35, 36, 38, 40, 41, 43, 45, 46, 48, 50, 51, 53], "excluded_lines": [], "functions": {"Phase3Config.__init__": {"executed_lines": [], "summary": {"covered_lines": 0, "num_statements": 5, "percent_covered": 0.0, "percent_covered_display": "0.00", "missing_lines": 5, "excluded_lines": 0}, "missing_lines": [13, 14, 15, 17, 18], "excluded_lines": []}, "Phase3Config.retail_theft": {"executed_lines": [], "summary": {"covered_lines": 0, "num_statements": 1, "percent_covered": 0.0, "percent_covered_display": "0.00", "missing_lines": 1, "excluded_lines": 0}, "missing_lines": [23], "excluded_lines": []}, "Phase3Config.vehicle_crimes": {"executed_lines": [], "summary": {"covered_lines": 0, "num_statements": 1, "percent_covered": 0.0, "percent_covered_display": "0.00", "missing_lines": 1, "excluded_lines": 0}, "missing_lines": [28], "excluded_lines": []}, "Phase3Config.crime_composition": {"executed_lines": [], "summary": {"covered_lines": 0, "num_statements": 1, "percent_covered": 0.0, "percent_covered_display": "0.00", "missing_lines": 1, "excluded_lines": 0}, "missing_lines": [33], "excluded_lines": []}, "Phase3Config.events": {"executed_lines": [], "summary": {"covered_lines": 0, "num_statements": 1, "percent_covered": 0.0, "percent_covered_display": "0.00", "missing_lines": 1, "excluded_lines": 0}, "missing_lines": [38], "excluded_lines": []}, "Phase3Config.corridors": {"executed_lines": [], "summary": {"covered_lines": 0, "num_statements": 1, "percent_covered": 0.0, "percent_covered_display": "0.00", "missing_lines": 1, "excluded_lines": 0}, "missing_lines": [43], "excluded_lines": []}, "Phase3Config.coordinate_bounds": {"executed_lines": [], "summary": {"covered_lines": 0, "num_statements": 1, "percent_covered": 0.0, "percent_covered_display": "0.00", "missing_lines": 1, "excluded_lines": 0}, "missing_lines": [48], "excluded_lines": []}, "Phase3Config.version": {"executed_lines": [], "summary": {"covered_lines": 0, "num_statements": 1, "percent_covered": 0.0, "percent_covered_display": "0.00", "missing_lines": 1, "excluded_lines": 0}, "missing_lines": [53], "excluded_lines": []}, "": {"executed_lines": [], "summary": {"covered_lines": 0, "num_statements": 19, "percent_covered": 0.0, "percent_covered_display": "0.00", "missing_lines": 19, "excluded_lines": 0}, "missing_lines": [3, 4, 6, 9, 12, 20, 21, 25, 26, 30, 31, 35, 36, 40, 41, 45, 46, 50, 51], "excluded_lines": []}}, "classes": {"Phase3Config": {"executed_lines": [], "summary": {"covered_lines": 0, "num_statements": 12, "percent_covered": 0.0, "percent_covered_display": "0.00", "missing_lines": 12, "excluded_lines": 0}, "missing_lines": [13, 14, 15, 17, 18, 23, 28, 33, 38, 43, 48, 53], "excluded_lines": []}, "": {"executed_lines": [], "summary": {"covered_lines": 0, "num_statements": 19, "percent_covered": 0.0, "percent_covered_display": "0.00", "missing_lines": 19, "excluded_lines": 0}, "missing_lines": [3, 4, 6, 9, 12, 20, 21, 25, 26, 30, 31, 35, 36, 40, 41, 45, 46, 50, 51], "excluded_lines": []}}}, "analysis/report_utils.py": {"executed_lines": [], "summary": {"covered_lines": 0, "num_statements": 47, "percent_covered": 0.0, "percent_covered_display": "0.00", "missing_lines": 47, "excluded_lines": 6}, "missing_lines": [1, 2, 5, 7, 9, 13, 20, 24, 28, 30, 31, 32, 34, 35, 38, 41, 47, 48, 50, 53, 55, 56, 60, 61, 62, 63, 66, 67, 68, 70, 72, 73, 75, 76, 77, 79, 81, 82, 83, 84, 85, 87, 89, 90, 93, 94, 95], "excluded_lines": [98, 99, 101, 102, 103, 104], "functions": {"_map_test_item": {"executed_lines": [], "summary": {"covered_lines": 0, "num_statements": 12, "percent_covered": 0.0, "percent_covered_display": "0.00", "missing_lines": 12, "excluded_lines": 0}, "missing_lines": [7, 9, 13, 20, 24, 28, 30, 31, 32, 34, 35, 38], "excluded_lines": []}, "normalize_heat_crime_json": {"executed_lines": [], "summary": {"covered_lines": 0, "num_statements": 28, "percent_covered": 0.0, "percent_covered_display": "0.00", "missing_lines": 28, "excluded_lines": 0}, "missing_lines": [47, 48, 50, 53, 55, 56, 60, 61, 62, 63, 66, 67, 68, 70, 72, 73, 75, 76, 77, 79, 81, 82, 83, 84, 85, 87, 89, 90], "excluded_lines": []}, "load_normalized": {"executed_lines": [], "summary": {"covered_lines": 0, "num_statements": 2, "percent_covered": 0.0, "percent_covered_display": "0.00", "missing_lines": 2, "excluded_lines": 0}, "missing_lines": [94, 95], "excluded_lines": []}, "": {"executed_lines": [], "summary": {"covered_lines": 0, "num_statements": 5, "percent_covered": 0.0, "percent_covered_display": "0.00", "missing_lines": 5, "excluded_lines": 6}, "missing_lines": [1, 2, 5, 41, 93], "excluded_lines": [98, 99, 101, 102, 103, 104]}}, "classes": {"": {"executed_lines": [], "summary": {"covered_lines": 0, "num_statements": 47, "percent_covered": 0.0, "percent_covered_display": "0.00", "missing_lines": 47, "excluded_lines": 6}, "missing_lines": [1, 2, 5, 7, 9, 13, 20, 24, 28, 30, 31, 32, 34, 35, 38, 41, 47, 48, 50, 53, 55, 56, 60, 61, 62, 63, 66, 67, 68, 70, 72, 73, 75, 76, 77, 79, 81, 82, 83, 84, 85, 87, 89, 90, 93, 94, 95], "excluded_lines": [98, 99, 101, 102, 103, 104]}}}, "analysis/spatial_utils.py": {"executed_lines": [], "summary": {"covered_lines": 0, "num_statements": 75, "percent_covered": 0.0, "percent_covered_display": "0.00", "missing_lines": 75, "excluded_lines": 0}, "missing_lines": [10, 12, 14, 15, 16, 18, 21, 23, 26, 56, 57, 59, 62, 63, 66, 75, 78, 98, 99, 101, 102, 103, 104, 106, 110, 111, 115, 118, 142, 146, 147, 150, 174, 175, 178, 181, 184, 185, 188, 196, 197, 200, 201, 203, 206, 230, 231, 234, 237, 240, 241, 244, 245, 248, 256, 257, 259, 262, 297, 298, 299, 301, 302, 305, 306, 309, 311, 314, 335, 336, 337, 339, 340, 341, 343], "excluded_lines": [], "functions": {"get_repo_root": {"executed_lines": [], "summary": {"covered_lines": 0, "num_statements": 1, "percent_covered": 0.0, "percent_covered_display": "0.00", "missing_lines": 1, "excluded_lines": 0}, "missing_lines": [23], "excluded_lines": []}, "clean_coordinates": {"executed_lines": [], "summary": {"covered_lines": 0, "num_statements": 7, "percent_covered": 0.0, "percent_covered_display": "0.00", "missing_lines": 7, "excluded_lines": 0}, "missing_lines": [56, 57, 59, 62, 63, 66, 75], "excluded_lines": []}, "load_boundaries": {"executed_lines": [], "summary": {"covered_lines": 0, "num_statements": 10, "percent_covered": 0.0, "percent_covered_display": "0.00", "missing_lines": 10, "excluded_lines": 0}, "missing_lines": [98, 99, 101, 102, 103, 104, 106, 110, 111, 115], "excluded_lines": []}, "df_to_geodataframe": {"executed_lines": [], "summary": {"covered_lines": 0, "num_statements": 3, "percent_covered": 0.0, "percent_covered_display": "0.00", "missing_lines": 3, "excluded_lines": 0}, "missing_lines": [142, 146, 147], "excluded_lines": []}, "spatial_join_districts": {"executed_lines": [], "summary": {"covered_lines": 0, "num_statements": 12, "percent_covered": 0.0, "percent_covered_display": "0.00", "missing_lines": 12, "excluded_lines": 0}, "missing_lines": [174, 175, 178, 181, 184, 185, 188, 196, 197, 200, 201, 203], "excluded_lines": []}, "spatial_join_tracts": {"executed_lines": [], "summary": {"covered_lines": 0, "num_statements": 12, "percent_covered": 0.0, "percent_covered_display": "0.00", "missing_lines": 12, "excluded_lines": 0}, "missing_lines": [230, 231, 234, 237, 240, 241, 244, 245, 248, 256, 257, 259], "excluded_lines": []}, "calculate_severity_score": {"executed_lines": [], "summary": {"covered_lines": 0, "num_statements": 9, "percent_covered": 0.0, "percent_covered_display": "0.00", "missing_lines": 9, "excluded_lines": 0}, "missing_lines": [297, 298, 299, 301, 302, 305, 306, 309, 311], "excluded_lines": []}, "get_coordinate_stats": {"executed_lines": [], "summary": {"covered_lines": 0, "num_statements": 7, "percent_covered": 0.0, "percent_covered_display": "0.00", "missing_lines": 7, "excluded_lines": 0}, "missing_lines": [335, 336, 337, 339, 340, 341, 343], "excluded_lines": []}, "": {"executed_lines": [], "summary": {"covered_lines": 0, "num_statements": 14, "percent_covered": 0.0, "percent_covered_display": "0.00", "missing_lines": 14, "excluded_lines": 0}, "missing_lines": [10, 12, 14, 15, 16, 18, 21, 26, 78, 118, 150, 206, 262, 314], "excluded_lines": []}}, "classes": {"": {"executed_lines": [], "summary": {"covered_lines": 0, "num_statements": 75, "percent_covered": 0.0, "percent_covered_display": "0.00", "missing_lines": 75, "excluded_lines": 0}, "missing_lines": [10, 12, 14, 15, 16, 18, 21, 23, 26, 56, 57, 59, 62, 63, 66, 75, 78, 98, 99, 101, 102, 103, 104, 106, 110, 111, 115, 118, 142, 146, 147, 150, 174, 175, 178, 181, 184, 185, 188, 196, 197, 200, 201, 203, 206, 230, 231, 234, 237, 240, 241, 244, 245, 248, 256, 257, 259, 262, 297, 298, 299, 301, 302, 305, 306, 309, 311, 314, 335, 336, 337, 339, 340, 341, 343], "excluded_lines": []}}}, "analysis/utils/classification.py": {"executed_lines": [], "summary": {"covered_lines": 0, "num_statements": 13, "percent_covered": 0.0, "percent_covered_display": "0.00", "missing_lines": 13, "excluded_lines": 0}, "missing_lines": [18, 20, 24, 30, 56, 57, 59, 60, 61, 63, 64, 65, 67], "excluded_lines": [], "functions": {"classify_crime_category": {"executed_lines": [], "summary": {"covered_lines": 0, "num_statements": 9, "percent_covered": 0.0, "percent_covered_display": "0.00", "missing_lines": 9, "excluded_lines": 0}, "missing_lines": [56, 57, 59, 60, 61, 63, 64, 65, 67], "excluded_lines": []}, "": {"executed_lines": [], "summary": {"covered_lines": 0, "num_statements": 4, "percent_covered": 0.0, "percent_covered_display": "0.00", "missing_lines": 4, "excluded_lines": 0}, "missing_lines": [18, 20, 24, 30], "excluded_lines": []}}, "classes": {"": {"executed_lines": [], "summary": {"covered_lines": 0, "num_statements": 13, "percent_covered": 0.0, "percent_covered_display": "0.00", "missing_lines": 13, "excluded_lines": 0}, "missing_lines": [18, 20, 24, 30, 56, 57, 59, 60, 61, 63, 64, 65, 67], "excluded_lines": []}}}, "analysis/utils/spatial.py": {"executed_lines": [], "summary": {"covered_lines": 0, "num_statements": 69, "percent_covered": 0.0, "percent_covered_display": "0.00", "missing_lines": 69, "excluded_lines": 0}, "missing_lines": [18, 20, 22, 23, 24, 26, 35, 44, 47, 78, 79, 82, 91, 94, 112, 114, 115, 116, 117, 119, 123, 124, 128, 131, 158, 162, 163, 166, 194, 195, 198, 201, 204, 205, 208, 216, 217, 220, 221, 223, 226, 254, 255, 258, 261, 264, 265, 268, 269, 272, 280, 281, 283, 286, 324, 325, 327, 328, 331, 332, 335, 337, 340, 365, 366, 367, 369, 370, 372], "excluded_lines": [], "functions": {"get_repo_root": {"executed_lines": [], "summary": {"covered_lines": 0, "num_statements": 1, "percent_covered": 0.0, "percent_covered_display": "0.00", "missing_lines": 1, "excluded_lines": 0}, "missing_lines": [44], "excluded_lines": []}, "clean_coordinates": {"executed_lines": [], "summary": {"covered_lines": 0, "num_statements": 4, "percent_covered": 0.0, "percent_covered_display": "0.00", "missing_lines": 4, "excluded_lines": 0}, "missing_lines": [78, 79, 82, 91], "excluded_lines": []}, "load_boundaries": {"executed_lines": [], "summary": {"covered_lines": 0, "num_statements": 9, "percent_covered": 0.0, "percent_covered_display": "0.00", "missing_lines": 9, "excluded_lines": 0}, "missing_lines": [112, 114, 115, 116, 117, 119, 123, 124, 128], "excluded_lines": []}, "df_to_geodataframe": {"executed_lines": [], "summary": {"covered_lines": 0, "num_statements": 3, "percent_covered": 0.0, "percent_covered_display": "0.00", "missing_lines": 3, "excluded_lines": 0}, "missing_lines": [158, 162, 163], "excluded_lines": []}, "spatial_join_districts": {"executed_lines": [], "summary": {"covered_lines": 0, "num_statements": 12, "percent_covered": 0.0, "percent_covered_display": "0.00", "missing_lines": 12, "excluded_lines": 0}, "missing_lines": [194, 195, 198, 201, 204, 205, 208, 216, 217, 220, 221, 223], "excluded_lines": []}, "spatial_join_tracts": {"executed_lines": [], "summary": {"covered_lines": 0, "num_statements": 12, "percent_covered": 0.0, "percent_covered_display": "0.00", "missing_lines": 12, "excluded_lines": 0}, "missing_lines": [254, 255, 258, 261, 264, 265, 268, 269, 272, 280, 281, 283], "excluded_lines": []}, "calculate_severity_score": {"executed_lines": [], "summary": {"covered_lines": 0, "num_statements": 8, "percent_covered": 0.0, "percent_covered_display": "0.00", "missing_lines": 8, "excluded_lines": 0}, "missing_lines": [324, 325, 327, 328, 331, 332, 335, 337], "excluded_lines": []}, "get_coordinate_stats": {"executed_lines": [], "summary": {"covered_lines": 0, "num_statements": 6, "percent_covered": 0.0, "percent_covered_display": "0.00", "missing_lines": 6, "excluded_lines": 0}, "missing_lines": [365, 366, 367, 369, 370, 372], "excluded_lines": []}, "": {"executed_lines": [], "summary": {"covered_lines": 0, "num_statements": 14, "percent_covered": 0.0, "percent_covered_display": "0.00", "missing_lines": 14, "excluded_lines": 0}, "missing_lines": [18, 20, 22, 23, 24, 26, 35, 47, 94, 131, 166, 226, 286, 340], "excluded_lines": []}}, "classes": {"": {"executed_lines": [], "summary": {"covered_lines": 0, "num_statements": 69, "percent_covered": 0.0, "percent_covered_display": "0.00", "missing_lines": 69, "excluded_lines": 0}, "missing_lines": [18, 20, 22, 23, 24, 26, 35, 44, 47, 78, 79, 82, 91, 94, 112, 114, 115, 116, 117, 119, 123, 124, 128, 131, 158, 162, 163, 166, 194, 195, 198, 201, 204, 205, 208, 216, 217, 220, 221, 223, 226, 254, 255, 258, 261, 264, 265, 268, 269, 272, 280, 281, 283, 286, 324, 325, 327, 328, 331, 332, 335, 337, 340, 365, 366, 367, 369, 370, 372], "excluded_lines": []}}}, "analysis/utils/temporal.py": {"executed_lines": [], "summary": {"covered_lines": 0, "num_statements": 14, "percent_covered": 0.0, "percent_covered_display": "0.00", "missing_lines": 14, "excluded_lines": 0}, "missing_lines": [20, 22, 25, 61, 63, 64, 65, 67, 69, 70, 71, 72, 73, 75], "excluded_lines": [], "functions": {"extract_temporal_features": {"executed_lines": [], "summary": {"covered_lines": 0, "num_statements": 11, "percent_covered": 0.0, "percent_covered_display": "0.00", "missing_lines": 11, "excluded_lines": 0}, "missing_lines": [61, 63, 64, 65, 67, 69, 70, 71, 72, 73, 75], "excluded_lines": []}, "": {"executed_lines": [], "summary": {"covered_lines": 0, "num_statements": 3, "percent_covered": 0.0, "percent_covered_display": "0.00", "missing_lines": 3, "excluded_lines": 0}, "missing_lines": [20, 22, 25], "excluded_lines": []}}, "classes": {"": {"executed_lines": [], "summary": {"covered_lines": 0, "num_statements": 14, "percent_covered": 0.0, "percent_covered_display": "0.00", "missing_lines": 14, "excluded_lines": 0}, "missing_lines": [20, 22, 25, 61, 63, 64, 65, 67, 69, 70, 71, 72, 73, 75], "excluded_lines": []}}}, "analysis/validate_phase3.py": {"executed_lines": [], "summary": {"covered_lines": 0, "num_statements": 106, "percent_covered": 0.0, "percent_covered_display": "0.00", "missing_lines": 106, "excluded_lines": 6}, "missing_lines": [3, 5, 8, 15, 17, 25, 31, 32, 33, 34, 37, 38, 39, 40, 41, 44, 51, 52, 53, 54, 57, 58, 59, 60, 61, 62, 63, 64, 67, 68, 71, 78, 79, 80, 81, 84, 90, 91, 92, 93, 96, 97, 98, 99, 100, 101, 102, 105, 106, 108, 111, 113, 114, 117, 118, 119, 120, 121, 128, 129, 132, 133, 134, 135, 136, 137, 138, 141, 142, 143, 144, 145, 146, 153, 154, 156, 159, 161, 162, 164, 165, 166, 168, 169, 170, 171, 172, 173, 174, 175, 176, 178, 180, 181, 182, 183, 184, 185, 186, 187, 188, 190, 192, 193, 194, 196], "excluded_lines": [199, 200, 201, 202, 203, 204], "functions": {"validate_phase3_artifacts": {"executed_lines": [], "summary": {"covered_lines": 0, "num_statements": 47, "percent_covered": 0.0, "percent_covered_display": "0.00", "missing_lines": 47, "excluded_lines": 0}, "missing_lines": [15, 17, 25, 31, 32, 33, 34, 37, 38, 39, 40, 41, 44, 51, 52, 53, 54, 57, 58, 59, 60, 61, 62, 63, 64, 67, 68, 71, 78, 79, 80, 81, 84, 90, 91, 92, 93, 96, 97, 98, 99, 100, 101, 102, 105, 106, 108], "excluded_lines": []}, "cross_reference_checks": {"executed_lines": [], "summary": {"covered_lines": 0, "num_statements": 25, "percent_covered": 0.0, "percent_covered_display": "0.00", "missing_lines": 25, "excluded_lines": 0}, "missing_lines": [113, 114, 117, 118, 119, 120, 121, 128, 129, 132, 133, 134, 135, 136, 137, 138, 141, 142, 143, 144, 145, 146, 153, 154, 156], "excluded_lines": []}, "print_validation_report": {"executed_lines": [], "summary": {"covered_lines": 0, "num_statements": 29, "percent_covered": 0.0, "percent_covered_display": "0.00", "missing_lines": 29, "excluded_lines": 0}, "missing_lines": [161, 162, 164, 165, 166, 168, 169, 170, 171, 172, 173, 174, 175, 176, 178, 180, 181, 182, 183, 184, 185, 186, 187, 188, 190, 192, 193, 194, 196], "excluded_lines": []}, "": {"executed_lines": [], "summary": {"covered_lines": 0, "num_statements": 5, "percent_covered": 0.0, "percent_covered_display": "0.00", "missing_lines": 5, "excluded_lines": 6}, "missing_lines": [3, 5, 8, 111, 159], "excluded_lines": [199, 200, 201, 202, 203, 204]}}, "classes": {"": {"executed_lines": [], "summary": {"covered_lines": 0, "num_statements": 106, "percent_covered": 0.0, "percent_covered_display": "0.00", "missing_lines": 106, "excluded_lines": 6}, "missing_lines": [3, 5, 8, 15, 17, 25, 31, 32, 33, 34, 37, 38, 39, 40, 41, 44, 51, 52, 53, 54, 57, 58, 59, 60, 61, 62, 63, 64, 67, 68, 71, 78, 79, 80, 81, 84, 90, 91, 92, 93, 96, 97, 98, 99, 100, 101, 102, 105, 106, 108, 111, 113, 114, 117, 118, 119, 120, 121, 128, 129, 132, 133, 134, 135, 136, 137, 138, 141, 142, 143, 144, 145, 146, 153, 154, 156, 159, 161, 162, 164, 165, 166, 168, 169, 170, 171, 172, 173, 174, 175, 176, 178, 180, 181, 182, 183, 184, 185, 186, 187, 188, 190, 192, 193, 194, 196], "excluded_lines": [199, 200, 201, 202, 203, 204]}}}, "analysis/visualization/forecast_plots.py": {"executed_lines": [], "summary": {"covered_lines": 0, "num_statements": 146, "percent_covered": 0.0, "percent_covered_display": "0.00", "missing_lines": 146, "excluded_lines": 0}, "missing_lines": [11, 12, 14, 15, 16, 17, 20, 21, 22, 25, 26, 29, 57, 60, 71, 81, 82, 91, 92, 93, 94, 95, 97, 99, 100, 102, 105, 123, 129, 130, 132, 133, 135, 136, 137, 138, 140, 141, 143, 145, 146, 148, 151, 169, 172, 173, 174, 175, 176, 177, 180, 181, 182, 183, 184, 185, 188, 190, 191, 192, 195, 197, 198, 199, 201, 202, 204, 205, 207, 210, 230, 233, 236, 237, 238, 239, 240, 242, 244, 245, 247, 250, 272, 274, 277, 279, 280, 282, 284, 285, 287, 290, 310, 313, 314, 316, 319, 322, 323, 336, 338, 340, 341, 343, 346, 370, 373, 374, 385, 386, 396, 397, 398, 399, 400, 402, 404, 405, 407, 410, 430, 433, 436, 447, 448, 449, 451, 453, 454, 456, 459, 479, 481, 483, 484, 486, 487, 489, 490, 491, 492, 493, 495, 497, 498, 500], "excluded_lines": [], "functions": {"plot_forecast_with_intervals": {"executed_lines": [], "summary": {"covered_lines": 0, "num_statements": 14, "percent_covered": 0.0, "percent_covered_display": "0.00", "missing_lines": 14, "excluded_lines": 0}, "missing_lines": [57, 60, 71, 81, 82, 91, 92, 93, 94, 95, 97, 99, 100, 102], "excluded_lines": []}, "plot_forecast_components": {"executed_lines": [], "summary": {"covered_lines": 0, "num_statements": 15, "percent_covered": 0.0, "percent_covered_display": "0.00", "missing_lines": 15, "excluded_lines": 0}, "missing_lines": [123, 129, 130, 132, 133, 135, 136, 137, 138, 140, 141, 143, 145, 146, 148], "excluded_lines": []}, "plot_residuals_diagnostics": {"executed_lines": [], "summary": {"covered_lines": 0, "num_statements": 26, "percent_covered": 0.0, "percent_covered_display": "0.00", "missing_lines": 26, "excluded_lines": 0}, "missing_lines": [169, 172, 173, 174, 175, 176, 177, 180, 181, 182, 183, 184, 185, 188, 190, 191, 192, 195, 197, 198, 199, 201, 202, 204, 205, 207], "excluded_lines": []}, "plot_feature_importance": {"executed_lines": [], "summary": {"covered_lines": 0, "num_statements": 11, "percent_covered": 0.0, "percent_covered_display": "0.00", "missing_lines": 11, "excluded_lines": 0}, "missing_lines": [230, 233, 236, 237, 238, 239, 240, 242, 244, 245, 247], "excluded_lines": []}, "plot_shap_summary": {"executed_lines": [], "summary": {"covered_lines": 0, "num_statements": 9, "percent_covered": 0.0, "percent_covered_display": "0.00", "missing_lines": 9, "excluded_lines": 0}, "missing_lines": [272, 274, 277, 279, 280, 282, 284, 285, 287], "excluded_lines": []}, "plot_correlation_matrix": {"executed_lines": [], "summary": {"covered_lines": 0, "num_statements": 12, "percent_covered": 0.0, "percent_covered_display": "0.00", "missing_lines": 12, "excluded_lines": 0}, "missing_lines": [310, 313, 314, 316, 319, 322, 323, 336, 338, 340, 341, 343], "excluded_lines": []}, "plot_anomaly_detection": {"executed_lines": [], "summary": {"covered_lines": 0, "num_statements": 14, "percent_covered": 0.0, "percent_covered_display": "0.00", "missing_lines": 14, "excluded_lines": 0}, "missing_lines": [370, 373, 374, 385, 386, 396, 397, 398, 399, 400, 402, 404, 405, 407], "excluded_lines": []}, "plot_confusion_matrix": {"executed_lines": [], "summary": {"covered_lines": 0, "num_statements": 10, "percent_covered": 0.0, "percent_covered_display": "0.00", "missing_lines": 10, "excluded_lines": 0}, "missing_lines": [430, 433, 436, 447, 448, 449, 451, 453, 454, 456], "excluded_lines": []}, "plot_roc_curve": {"executed_lines": [], "summary": {"covered_lines": 0, "num_statements": 15, "percent_covered": 0.0, "percent_covered_display": "0.00", "missing_lines": 15, "excluded_lines": 0}, "missing_lines": [479, 481, 483, 484, 486, 487, 489, 490, 491, 492, 493, 495, 497, 498, 500], "excluded_lines": []}, "": {"executed_lines": [], "summary": {"covered_lines": 0, "num_statements": 20, "percent_covered": 0.0, "percent_covered_
[...]
 157, 158, 161, 162, 163, 168, 169, 170, 171, 172, 173, 174, 176, 177, 178, 179, 180, 183, 184, 185, 186, 187, 188, 189, 192, 193, 194, 195, 197, 198, 200, 202, 203, 213, 214, 217, 218, 222, 223, 224, 225, 226, 229, 230, 233, 234, 235, 238, 239, 240, 241, 242, 243, 244, 245, 246, 248, 249], "excluded_lines": [], "functions": {"_get_firestore_client": {"executed_lines": [], "summary": {"covered_lines": 0, "num_statements": 11, "percent_covered": 0.0, "percent_covered_display": "0.00", "missing_lines": 11, "excluded_lines": 0}, "missing_lines": [38, 39, 40, 41, 42, 44, 45, 46, 47, 48, 49], "excluded_lines": []}, "_enforce_rate_limit": {"executed_lines": [], "summary": {"covered_lines": 0, "num_statements": 7, "percent_covered": 0.0, "percent_covered_display": "0.00", "missing_lines": 7, "excluded_lines": 0}, "missing_lines": [53, 54, 55, 56, 57, 58, 59], "excluded_lines": []}, "_sign_admin_payload": {"executed_lines": [], "summary": {"covered_lines": 0, "num_statements": 1, "percent_covered": 0.0, "percent_covered_display": "0.00", "missing_lines": 1, "excluded_lines": 0}, "missing_lines": [63], "excluded_lines": []}, "_get_admin_secret": {"executed_lines": [], "summary": {"covered_lines": 0, "num_statements": 4, "percent_covered": 0.0, "percent_covered_display": "0.00", "missing_lines": 4, "excluded_lines": 0}, "missing_lines": [67, 68, 69, 73], "excluded_lines": []}, "_issue_admin_token": {"executed_lines": [], "summary": {"covered_lines": 0, "num_statements": 7, "percent_covered": 0.0, "percent_covered_display": "0.00", "missing_lines": 7, "excluded_lines": 0}, "missing_lines": [77, 78, 79, 80, 81, 82, 83], "excluded_lines": []}, "_validate_admin_token": {"executed_lines": [], "summary": {"covered_lines": 0, "num_statements": 15, "percent_covered": 0.0, "percent_covered_display": "0.00", "missing_lines": 15, "excluded_lines": 0}, "missing_lines": [87, 88, 89, 90, 91, 92, 93, 94, 96, 97, 98, 99, 100, 101, 102], "excluded_lines": []}, "_extract_bearer_token": {"executed_lines": [], "summary": {"covered_lines": 0, "num_statements": 6, "percent_covered": 0.0, "percent_covered_display": "0.00", "missing_lines": 6, "excluded_lines": 0}, "missing_lines": [106, 107, 108, 109, 110, 114], "excluded_lines": []}, "_admin_guard": {"executed_lines": [], "summary": {"covered_lines": 0, "num_statements": 3, "percent_covered": 0.0, "percent_covered_display": "0.00", "missing_lines": 3, "excluded_lines": 0}, "missing_lines": [118, 119, 120], "excluded_lines": []}, "_validate_question_text": {"executed_lines": [], "summary": {"covered_lines": 0, "num_statements": 7, "percent_covered": 0.0, "percent_covered_display": "0.00", "missing_lines": 7, "excluded_lines": 0}, "missing_lines": [124, 125, 126, 127, 128, 129, 130], "excluded_lines": []}, "_create_question": {"executed_lines": [], "summary": {"covered_lines": 0, "num_statements": 7, "percent_covered": 0.0, "percent_covered_display": "0.00", "missing_lines": 7, "excluded_lines": 0}, "missing_lines": [134, 135, 136, 137, 138, 140, 141], "excluded_lines": []}, "_list_questions": {"executed_lines": [], "summary": {"covered_lines": 0, "num_statements": 8, "percent_covered": 0.0, "percent_covered_display": "0.00", "missing_lines": 8, "excluded_lines": 0}, "missing_lines": [145, 146, 147, 148, 154, 156, 157, 158], "excluded_lines": []}, "_update_question": {"executed_lines": [], "summary": {"covered_lines": 0, "num_statements": 14, "percent_covered": 0.0, "percent_covered_display": "0.00", "missing_lines": 14, "excluded_lines": 0}, "missing_lines": [162, 163, 168, 169, 170, 171, 172, 173, 174, 176, 177, 178, 179, 180], "excluded_lines": []}, "create_admin_session": {"executed_lines": [], "summary": {"covered_lines": 0, "num_statements": 5, "percent_covered": 0.0, "percent_covered_display": "0.00", "missing_lines": 5, "excluded_lines": 0}, "missing_lines": [185, 186, 187, 188, 189], "excluded_lines": []}, "submit_question": {"executed_lines": [], "summary": {"covered_lines": 0, "num_statements": 9, "percent_covered": 0.0, "percent_covered_display": "0.00", "missing_lines": 9, "excluded_lines": 0}, "missing_lines": [194, 195, 197, 198, 200, 202, 203, 213, 214], "excluded_lines": []}, "list_questions": {"executed_lines": [], "summary": {"covered_lines": 0, "num_statements": 5, "percent_covered": 0.0, "percent_covered_display": "0.00", "missing_lines": 5, "excluded_lines": 0}, "missing_lines": [222, 223, 224, 225, 226], "excluded_lines": []}, "answer_question": {"executed_lines": [], "summary": {"covered_lines": 0, "num_statements": 3, "percent_covered": 0.0, "percent_covered_display": "0.00", "missing_lines": 3, "excluded_lines": 0}, "missing_lines": [233, 234, 235], "excluded_lines": []}, "delete_question": {"executed_lines": [], "summary": {"covered_lines": 0, "num_statements": 9, "percent_covered": 0.0, "percent_covered_display": "0.00", "missing_lines": 9, "excluded_lines": 0}, "missing_lines": [240, 241, 242, 243, 244, 245, 246, 248, 249], "excluded_lines": []}, "": {"executed_lines": [], "summary": {"covered_lines": 0, "num_statements": 42, "percent_covered": 0.0, "percent_covered_display": "0.00", "missing_lines": 42, "excluded_lines": 0}, "missing_lines": [3, 5, 6, 7, 8, 9, 10, 11, 12, 13, 14, 16, 18, 25, 27, 28, 29, 30, 32, 33, 36, 52, 62, 66, 76, 86, 105, 117, 123, 133, 144, 161, 183, 184, 192, 193, 217, 218, 229, 230, 238, 239], "excluded_lines": []}}, "classes": {"": {"executed_lines": [], "summary": {"covered_lines": 0, "num_statements": 163, "percent_covered": 0.0, "percent_covered_display": "0.00", "missing_lines": 163, "excluded_lines": 0}, "missing_lines": [3, 5, 6, 7, 8, 9, 10, 11, 12, 13, 14, 16, 18, 25, 27, 28, 29, 30, 32, 33, 36, 38, 39, 40, 41, 42, 44, 45, 46, 47, 48, 49, 52, 53, 54, 55, 56, 57, 58, 59, 62, 63, 66, 67, 68, 69, 73, 76, 77, 78, 79, 80, 81, 82, 83, 86, 87, 88, 89, 90, 91, 92, 93, 94, 96, 97, 98, 99, 100, 101, 102, 105, 106, 107, 108, 109, 110, 114, 117, 118, 119, 120, 123, 124, 125, 126, 127, 128, 129, 130, 133, 134, 135, 136, 137, 138, 140, 141, 144, 145, 146, 147, 148, 154, 156, 157, 158, 161, 162, 163, 168, 169, 170, 171, 172, 173, 174, 176, 177, 178, 179, 180, 183, 184, 185, 186, 187, 188, 189, 192, 193, 194, 195, 197, 198, 200, 202, 203, 213, 214, 217, 218, 222, 223, 224, 225, 226, 229, 230, 233, 234, 235, 238, 239, 240, 241, 242, 243, 244, 245, 246, 248, 249], "excluded_lines": []}}}, "api/routers/spatial.py": {"executed_lines": [], "summary": {"covered_lines": 0, "num_statements": 17, "percent_covered": 0.0, "percent_covered_display": "0.00", "missing_lines": 17, "excluded_lines": 0}, "missing_lines": [3, 5, 7, 9, 11, 14, 15, 16, 19, 20, 21, 24, 25, 26, 29, 30, 31], "excluded_lines": [], "functions": {"districts": {"executed_lines": [], "summary": {"covered_lines": 0, "num_statements": 1, "percent_covered": 0.0, "percent_covered_display": "0.00", "missing_lines": 1, "excluded_lines": 0}, "missing_lines": [16], "excluded_lines": []}, "tracts": {"executed_lines": [], "summary": {"covered_lines": 0, "num_statements": 1, "percent_covered": 0.0, "percent_covered_display": "0.00", "missing_lines": 1, "excluded_lines": 0}, "missing_lines": [21], "excluded_lines": []}, "hotspots": {"executed_lines": [], "summary": {"covered_lines": 0, "num_statements": 1, "percent_covered": 0.0, "percent_covered_display": "0.00", "missing_lines": 1, "excluded_lines": 0}, "missing_lines": [26], "excluded_lines": []}, "corridors": {"executed_lines": [], "summary": {"covered_lines": 0, "num_statements": 1, "percent_covered": 0.0, "percent_covered_display": "0.00", "missing_lines": 1, "excluded_lines": 0}, "missing_lines": [31], "excluded_lines": []}, "": {"executed_lines": [], "summary": {"covered_lines": 0, "num_statements": 13, "percent_covered": 0.0, "percent_covered_display": "0.00", "missing_lines": 13, "excluded_lines": 0}, "missing_lines": [3, 5, 7, 9, 11, 14, 15, 19, 20, 24, 25, 29, 30], "excluded_lines": []}}, "classes": {"": {"executed_lines": [], "summary": {"covered_lines": 0, "num_statements": 17, "percent_covered": 0.0, "percent_covered_display": "0.00", "missing_lines": 17, "excluded_lines": 0}, "missing_lines": [3, 5, 7, 9, 11, 14, 15, 16, 19, 20, 21, 24, 25, 26, 29, 30, 31], "excluded_lines": []}}}, "api/routers/trends.py": {"executed_lines": [], "summary": {"covered_lines": 0, "num_statements": 30, "percent_covered": 0.0, "percent_covered_display": "0.00", "missing_lines": 30, "excluded_lines": 0}, "missing_lines": [3, 5, 7, 9, 11, 14, 15, 16, 17, 18, 19, 22, 23, 24, 26, 27, 29, 30, 31, 32, 33, 36, 37, 38, 41, 42, 43, 46, 47, 48], "excluded_lines": [], "functions": {"annual": {"executed_lines": [], "summary": {"covered_lines": 0, "num_statements": 4, "percent_covered": 0.0, "percent_covered_display": "0.00", "missing_lines": 4, "excluded_lines": 0}, "missing_lines": [16, 17, 18, 19], "excluded_lines": []}, "monthly": {"executed_lines": [], "summary": {"covered_lines": 0, "num_statements": 7, "percent_covered": 0.0, "percent_covered_display": "0.00", "missing_lines": 7, "excluded_lines": 0}, "missing_lines": [24, 26, 29, 30, 31, 32, 33], "excluded_lines": []}, "monthly._year": {"executed_lines": [], "summary": {"covered_lines": 0, "num_statements": 1, "percent_covered": 0.0, "percent_covered_display": "0.00", "missing_lines": 1, "excluded_lines": 0}, "missing_lines": [27], "excluded_lines": []}, "covid": {"executed_lines": [], "summary": {"covered_lines": 0, "num_statements": 1, "percent_covered": 0.0, "percent_covered_display": "0.00", "missing_lines": 1, "excluded_lines": 0}, "missing_lines": [38], "excluded_lines": []}, "seasonality": {"executed_lines": [], "summary": {"covered_lines": 0, "num_statements": 1, "percent_covered": 0.0, "percent_covered_display": "0.00", "missing_lines": 1, "excluded_lines": 0}, "missing_lines": [43], "excluded_lines": []}, "robbery_heatmap": {"executed_lines": [], "summary": {"covered_lines": 0, "num_statements": 1, "percent_covered": 0.0, "percent_covered_display": "0.00", "missing_lines": 1, "excluded_lines": 0}, "missing_lines": [48], "excluded_lines": []}, "": {"executed_lines": [], "summary": {"covered_lines": 0, "num_statements": 15, "percent_covered": 0.0, "percent_covered_display": "0.00", "missing_lines": 15, "excluded_lines": 0}, "missing_lines": [3, 5, 7, 9, 11, 14, 15, 22, 23, 36, 37, 41, 42, 46, 47], "excluded_lines": []}}, "classes": {"": {"executed_lines": [], "summary": {"covered_lines": 0, "num_statements": 30, "percent_covered": 0.0, "percent_covered_display": "0.00", "missing_lines": 30, "excluded_lines": 0}, "missing_lines": [3, 5, 7, 9, 11, 14, 15, 16, 17, 18, 19, 22, 23, 24, 26, 27, 29, 30, 31, 32, 33, 36, 37, 38, 41, 42, 43, 46, 47, 48], "excluded_lines": []}}}, "pipeline/export_data.py": {"executed_lines": [], "summary": {"covered_lines": 0, "num_statements": 197, "percent_covered": 0.0, "percent_covered_display": "0.00", "missing_lines": 197, "excluded_lines": 2}, "missing_lines": [3, 5, 6, 7, 8, 9, 11, 13, 14, 15, 16, 17, 19, 20, 22, 23, 24, 26, 27, 29, 30, 31, 33, 34, 36, 37, 38, 40, 43, 44, 45, 46, 47, 48, 49, 50, 53, 54, 57, 58, 59, 60, 61, 62, 63, 64, 65, 67, 68, 69, 72, 73, 76, 77, 78, 81, 82, 83, 84, 86, 89, 91, 96, 98, 99, 103, 105, 115, 118, 119, 120, 121, 123, 124, 125, 127, 132, 134, 135, 138, 141, 142, 143, 144, 146, 147, 148, 149, 151, 152, 156, 159, 161, 162, 163, 169, 170, 171, 173, 174, 175, 178, 179, 184, 185, 186, 189, 193, 194, 195, 196, 197, 199, 200, 202, 203, 205, 216, 217, 218, 219, 221, 222, 227, 231, 232, 237, 241, 244, 246, 247, 248, 250, 251, 253, 256, 257, 258, 261, 262, 263, 264, 265, 266, 267, 268, 274, 275, 276, 277, 278, 279, 280, 281, 289, 295, 297, 298, 299, 301, 302, 303, 304, 305, 306, 313, 320, 323, 324, 325, 326, 327, 329, 330, 338, 341, 343, 344, 345, 346, 347, 349, 350, 351, 353, 354, 356, 357, 358, 359, 360, 361, 363, 366, 367, 371, 372], "excluded_lines": [375, 376], "functions": {"_ensure_dir": {"executed_lines": [], "summary": {"covered_lines": 0, "num_statements": 1, "percent_covered": 0.0, "percent_covered_display": "0.00", "missing_lines": 1, "excluded_lines": 0}, "missing_lines": [54], "excluded_lines": []}, "_to_records": {"executed_lines": [], "summary": {"covered_lines": 0, "num_statements": 11, "percent_covered": 0.0, "percent_covered_display": "0.00", "missing_lines": 11, "excluded_lines": 0}, "missing_lines": [58, 59, 60, 61, 62, 63, 64, 65, 67, 68, 69], "excluded_lines": []}, "_write_json": {"executed_lines": [], "summary": {"covered_lines": 0, "num_statements": 1, "percent_covered": 0.0, "percent_covered_display": "0.00", "missing_lines": 1, "excluded_lines": 0}, "missing_lines": [73], "excluded_lines": []}, "_group_size_to_records_frame": {"executed_lines": [], "summary": {"covered_lines": 0, "num_statements": 2, "percent_covered": 0.0, "percent_covered_display": "0.00", "missing_lines": 2, "excluded_lines": 0}, "missing_lines": [77, 78], "excluded_lines": []}, "_export_trends": {"executed_lines": [], "summary": {"covered_lines": 0, "num_statements": 12, "percent_covered": 0.0, "percent_covered_display": "0.00", "missing_lines": 12, "excluded_lines": 0}, "missing_lines": [82, 83, 84, 86, 89, 91, 96, 98, 99, 103, 105, 115], "excluded_lines": []}, "_export_seasonality": {"executed_lines": [], "summary": {"covered_lines": 0, "num_statements": 11, "percent_covered": 0.0, "percent_covered_display": "0.00", "missing_lines": 11, "excluded_lines": 0}, "missing_lines": [119, 120, 121, 123, 124, 125, 127, 132, 134, 135, 138], "excluded_lines": []}, "_export_spatial": {"executed_lines": [], "summary": {"covered_lines": 0, "num_statements": 36, "percent_covered": 0.0, "percent_covered_display": "0.00", "missing_lines": 36, "excluded_lines": 0}, "missing_lines": [142, 143, 144, 146, 147, 148, 149, 151, 152, 156, 159, 161, 162, 163, 169, 170, 171, 173, 174, 175, 178, 179, 184, 185, 186, 189, 193, 194, 195, 196, 197, 199, 200, 202, 203, 205], "excluded_lines": []}, "_export_policy": {"executed_lines": [], "summary": {"covered_lines": 0, "num_statements": 17, "percent_covered": 0.0, "percent_covered_display": "0.00", "missing_lines": 17, "excluded_lines": 0}, "missing_lines": [217, 218, 219, 221, 222, 227, 231, 232, 237, 241, 244, 246, 247, 248, 250, 251, 253], "excluded_lines": []}, "_export_forecasting": {"executed_lines": [], "summary": {"covered_lines": 0, "num_statements": 31, "percent_covered": 0.0, "percent_covered_display": "0.00", "missing_lines": 31, "excluded_lines": 0}, "missing_lines": [257, 258, 261, 262, 263, 264, 265, 266, 267, 268, 274, 275, 276, 277, 278, 279, 280, 281, 289, 295, 297, 298, 299, 301, 302, 303, 304, 305, 306, 313, 320], "excluded_lines": []}, "_export_metadata": {"executed_lines": [], "summary": {"covered_lines": 0, "num_statements": 7, "percent_covered": 0.0, "percent_covered_display": "0.00", "missing_lines": 7, "excluded_lines": 0}, "missing_lines": [324, 325, 326, 327, 329, 330, 338], "excluded_lines": []}, "export_all": {"executed_lines": [], "summary": {"covered_lines": 0, "num_statements": 17, "percent_covered": 0.0, "percent_covered_display": "0.00", "missing_lines": 17, "excluded_lines": 0}, "missing_lines": [343, 344, 345, 346, 347, 349, 350, 351, 353, 354, 356, 357, 358, 359, 360, 361, 363], "excluded_lines": []}, "run": {"executed_lines": [], "summary": {"covered_lines": 0, "num_statements": 2, "percent_covered": 0.0, "percent_covered_display": "0.00", "missing_lines": 2, "excluded_lines": 0}, "missing_lines": [371, 372], "excluded_lines": []}, "": {"executed_lines": [], "summary": {"covered_lines": 0, "num_statements": 49, "percent_covered": 0.0, "percent_covered_display": "0.00", "missing_lines": 49, "excluded_lines": 2}, "missing_lines": [3, 5, 6, 7, 8, 9, 11, 13, 14, 15, 16, 17, 19, 20, 22, 23, 24, 26, 27, 29, 30, 31, 33, 34, 36, 37, 38, 40, 43, 44, 45, 46, 47, 48, 49, 50, 53, 57, 72, 76, 81, 118, 141, 216, 256, 323, 341, 366, 367], "excluded_lines": [375, 376]}}, "classes": {"ExportMetadata": {"executed_lines": [], "summary": {"covered_lines": 0, "num_statements": 0, "percent_covered": 100.0, "percent_covered_display": "100.00", "missing_lines": 0, "excluded_lines": 0}, "missing_lines": [], "excluded_lines": []}, "": {"executed_lines": [], "summary": {"covered_lines": 0, "num_statements": 197, "percent_covered": 0.0, "percent_covered_display": "0.00", "missing_lines": 197, "excluded_lines": 2}, "missing_lines": [3, 5, 6, 7, 8, 9, 11, 13, 14, 15, 16, 17, 19, 20, 22, 23, 24, 26, 27, 29, 30, 31, 33, 34, 36, 37, 38, 40, 43, 44, 45, 46, 47, 48, 49, 50, 53, 54, 57, 58, 59, 60, 61, 62, 63, 64, 65, 67, 68, 69, 72, 73, 76, 77, 78, 81, 82, 83, 84, 86, 89, 91, 96, 98, 99, 103, 105, 115, 118, 119, 120, 121, 123, 124, 125, 127, 132, 134, 135, 138, 141, 142, 143, 144, 146, 147, 148, 149, 151, 152, 156, 159, 161, 162, 163, 169, 170, 171, 173, 174, 175, 178, 179, 184, 185, 186, 189, 193, 194, 195, 196, 197, 199, 200, 202, 203, 205, 216, 217, 218, 219, 221, 222, 227, 231, 232, 237, 241, 244, 246, 247, 248, 250, 251, 253, 256, 257, 258, 261, 262, 263, 264, 265, 266, 267, 268, 274, 275, 276, 277, 278, 279, 280, 281, 289, 295, 297, 298, 299, 301, 302, 303, 304, 305, 306, 313, 320, 323, 324, 325, 326, 327, 329, 330, 338, 341, 343, 344, 345, 346, 347, 349, 350, 351, 353, 354, 356, 357, 358, 359, 360, 361, 363, 366, 367, 371, 372], "excluded_lines": [375, 376]}}}, "pipeline/refresh_data.py": {"executed_lines": [], "summary": {"covered_lines": 0, "num_statements": 52, "percent_covered": 0.0, "percent_covered_display": "0.00", "missing_lines": 52, "excluded_lines": 2}, "missing_lines": [3, 5, 6, 7, 8, 9, 11, 13, 15, 17, 38, 39, 42, 43, 44, 47, 48, 49, 50, 51, 53, 54, 62, 63, 65, 66, 67, 69, 70, 71, 74, 75, 76, 77, 78, 80, 81, 82, 83, 84, 85, 86, 87, 88, 91, 92, 104, 105, 106, 108, 109, 110], "excluded_lines": [113, 114], "functions": {"_load_json": {"executed_lines": [], "summary": {"covered_lines": 0, "num_statements": 1, "percent_covered": 0.0, "percent_covered_display": "0.00", "missing_lines": 1, "excluded_lines": 0}, "missing_lines": [39], "excluded_lines": []}, "_canonical_json": {"executed_lines": [], "summary": {"covered_lines": 0, "num_statements": 2, "percent_covered": 0.0, "percent_covered_display": "0.00", "missing_lines": 2, "excluded_lines": 0}, "missing_lines": [43, 44], "excluded_lines": []}, "_validate_artifacts": {"executed_lines": [], "summary": {"covered_lines": 0, "num_statements": 14, "percent_covered": 0.0, "percent_covered_display": "0.00", "missing_lines": 14, "excluded_lines": 0}, "missing_lines": [48, 49, 50, 51, 53, 54, 62, 63, 65, 66, 67, 69, 70, 71], "excluded_lines": []}, "_assert_reproducible": {"executed_lines": [], "summary": {"covered_lines": 0, "num_statements": 13, "percent_covered": 0.0, "percent_covered_display": "0.00", "missing_lines": 13, "excluded_lines": 0}, "missing_lines": [75, 76, 77, 78, 80, 81, 82, 83, 84, 85, 86, 87, 88], "excluded_lines": []}, "run": {"executed_lines": [], "summary": {"covered_lines": 0, "num_statements": 6, "percent_covered": 0.0, "percent_covered_display": "0.00", "missing_lines": 6, "excluded_lines": 0}, "missing_lines": [104, 105, 106, 108, 109, 110], "excluded_lines": []}, "": {"executed_lines": [], "summary": {"covered_lines": 0, "num_statements": 16, "percent_covered": 0.0, "percent_covered_display": "0.00", "missing_lines": 16, "excluded_lines": 2}, "missing_lines": [3, 5, 6, 7, 8, 9, 11, 13, 15, 17, 38, 42, 47, 74, 91, 92], "excluded_lines": [113, 114]}}, "classes": {"": {"executed_lines": [], "summary": {"covered_lines": 0, "num_statements": 52, "percent_covered": 0.0, "percent_covered_display": "0.00", "missing_lines": 52, "excluded_lines": 2}, "missing_lines": [3, 5, 6, 7, 8, 9, 11, 13, 15, 17, 38, 39, 42, 43, 44, 47, 48, 49, 50, 51, 53, 54, 62, 63, 65, 66, 67, 69, 70, 71, 74, 75, 76, 77, 78, 80, 81, 82, 83, 84, 85, 86, 87, 88, 91, 92, 104, 105, 106, 108, 109, 110], "excluded_lines": [113, 114]}}}}, "totals": {"covered_lines": 0, "num_statements": 2528, "percent_covered": 0.0, "percent_covered_display": "0.00", "missing_lines": 2528, "excluded_lines": 22}}